[ 2015-07-28T15:04:56+08:00 ] 0.0.0.0 /xin_gong/
INFO: [ app_begin ] --START--
INFO: Run ReadHtmlCache Behavior [ RunTime:0.011949s ]
INFO: [ app_begin ] --END-- [ RunTime:0.027799s ]
INFO: [ view_template ] --START--
INFO: Run LocationTemplate Behavior [ RunTime:0.025729s ]
INFO: [ view_template ] --END-- [ RunTime:0.026297s ]
INFO: [ view_parse ] --START--
INFO: Run ParseTemplate Behavior [ RunTime:0.207747s ]
INFO: [ view_parse ] --END-- [ RunTime:0.208118s ]
INFO: [ view_filter ] --START--
INFO: Run ContentReplace Behavior [ RunTime:0.001987s ]
INFO: Run TokenBuild Behavior [ RunTime:0.014828s ]
INFO: Run WriteHtmlCache Behavior [ RunTime:0.002087s ]
INFO: Run ShowRuntime Behavior [ RunTime:0.002926s ]
INFO: [ view_filter ] --END-- [ RunTime:0.022868s ]
INFO: [ view_end ] --START--
INFO: Run ShowPageTrace Behavior [ RunTime:0.002923s ]
INFO: [ view_end ] --END-- [ RunTime:0.003412s ]

[ 2015-07-28T15:05:02+08:00 ] 0.0.0.0 /xin_gong/index.php/Login/login
INFO: [ route_check ] --START--
INFO: Run CheckRoute Behavior [ RunTime:0.017120s ]
INFO: [ route_check ] --END-- [ RunTime:0.017864s ]
INFO: [ app_begin ] --START--
INFO: Run ReadHtmlCache Behavior [ RunTime:0.002967s ]
INFO: [ app_begin ] --END-- [ RunTime:0.003487s ]
INFO: [ view_template ] --START--
INFO: Run LocationTemplate Behavior [ RunTime:0.002852s ]
INFO: [ view_template ] --END-- [ RunTime:0.003465s ]
INFO: [ view_parse ] --START--
INFO: Run ParseTemplate Behavior [ RunTime:0.034385s ]
INFO: [ view_parse ] --END-- [ RunTime:0.034902s ]
INFO: [ view_filter ] --START--
INFO: Run ContentReplace Behavior [ RunTime:0.001652s ]
INFO: Run TokenBuild Behavior [ RunTime:0.001651s ]
INFO: Run WriteHtmlCache Behavior [ RunTime:0.001221s ]
INFO: Run ShowRuntime Behavior [ RunTime:0.001924s ]
INFO: [ view_filter ] --END-- [ RunTime:0.007393s ]
INFO: [ view_end ] --START--
INFO: Run ShowPageTrace Behavior [ RunTime:0.002555s ]
INFO: [ view_end ] --END-- [ RunTime:0.002900s ]

[ 2015-07-28T15:15:07+08:00 ] 0.0.0.0 /xin_gong/
INFO: [ app_begin ] --START--
INFO: Run ReadHtmlCache Behavior [ RunTime:0.003548s ]
INFO: [ app_begin ] --END-- [ RunTime:0.004276s ]
INFO: [ view_template ] --START--
INFO: Run LocationTemplate Behavior [ RunTime:0.003160s ]
INFO: [ view_template ] --END-- [ RunTime:0.003582s ]
INFO: [ view_parse ] --START--
INFO: Run ParseTemplate Behavior [ RunTime:0.045931s ]
INFO: [ view_parse ] --END-- [ RunTime:0.046380s ]
INFO: [ view_filter ] --START--
INFO: Run ContentReplace Behavior [ RunTime:0.002233s ]
INFO: Run TokenBuild Behavior [ RunTime:0.002245s ]
INFO: Run WriteHtmlCache Behavior [ RunTime:0.001815s ]
INFO: Run ShowRuntime Behavior [ RunTime:0.002554s ]
INFO: [ view_filter ] --END-- [ RunTime:0.009894s ]
INFO: [ view_end ] --START--
INFO: Run ShowPageTrace Behavior [ RunTime:0.002788s ]
INFO: [ view_end ] --END-- [ RunTime:0.003222s ]

[ 2015-07-28T15:32:46+08:00 ] 0.0.0.0 /xin_gong/
INFO: [ app_begin ] --START--
INFO: Run ReadHtmlCache Behavior [ RunTime:0.002699s ]
INFO: [ app_begin ] --END-- [ RunTime:0.003134s ]
INFO: [ view_template ] --START--
INFO: Run LocationTemplate Behavior [ RunTime:0.011748s ]
INFO: [ view_template ] --END-- [ RunTime:0.012578s ]
INFO: [ view_parse ] --START--
INFO: Run ParseTemplate Behavior [ RunTime:0.041037s ]
INFO: [ view_parse ] --END-- [ RunTime:0.042169s ]
INFO: [ view_filter ] --START--
INFO: Run ContentReplace Behavior [ RunTime:0.002304s ]
INFO: Run TokenBuild Behavior [ RunTime:0.002204s ]
INFO: Run WriteHtmlCache Behavior [ RunTime:0.001530s ]
INFO: Run ShowRuntime Behavior [ RunTime:0.005279s ]
INFO: [ view_filter ] --END-- [ RunTime:0.012644s ]
INFO: [ view_end ] --START--
INFO: Run ShowPageTrace Behavior [ RunTime:0.004088s ]
INFO: [ view_end ] --END-- [ RunTime:0.004725s ]

[ 2015-07-28T15:33:32+08:00 ] 0.0.0.0 /xin_gong/
INFO: [ app_begin ] --START--
INFO: Run ReadHtmlCache Behavior [ RunTime:0.002278s ]
INFO: [ app_begin ] --END-- [ RunTime:0.002743s ]
INFO: [ view_template ] --START--
INFO: Run LocationTemplate Behavior [ RunTime:0.001788s ]
INFO: [ view_template ] --END-- [ RunTime:0.002258s ]
INFO: [ view_parse ] --START--
INFO: Run ParseTemplate Behavior [ RunTime:0.040210s ]
INFO: [ view_parse ] --END-- [ RunTime:0.040623s ]
INFO: [ view_filter ] --START--
INFO: Run ContentReplace Behavior [ RunTime:0.002381s ]
INFO: Run TokenBuild Behavior [ RunTime:0.001974s ]
INFO: Run WriteHtmlCache Behavior [ RunTime:0.001238s ]
INFO: Run ShowRuntime Behavior [ RunTime:0.002066s ]
INFO: [ view_filter ] --END-- [ RunTime:0.009102s ]
INFO: [ view_end ] --START--
INFO: Run ShowPageTrace Behavior [ RunTime:0.002228s ]
INFO: [ view_end ] --END-- [ RunTime:0.002570s ]

[ 2015-07-28T15:41:29+08:00 ] 0.0.0.0 /xin_gong/index.php/Index/jie_shao
INFO: [ route_check ] --START--
INFO: Run CheckRoute Behavior [ RunTime:0.003366s ]
INFO: [ route_check ] --END-- [ RunTime:0.003750s ]
INFO: [ app_begin ] --START--
INFO: Run ReadHtmlCache Behavior [ RunTime:0.002938s ]
INFO: [ app_begin ] --END-- [ RunTime:0.003397s ]
INFO: [ view_template ] --START--
INFO: Run LocationTemplate Behavior [ RunTime:0.002851s ]
INFO: [ view_template ] --END-- [ RunTime:0.003276s ]
INFO: [ view_parse ] --START--
INFO: Run ParseTemplate Behavior [ RunTime:0.033301s ]
INFO: [ view_parse ] --END-- [ RunTime:0.033977s ]
INFO: [ view_filter ] --START--
INFO: Run ContentReplace Behavior [ RunTime:0.002738s ]
INFO: Run TokenBuild Behavior [ RunTime:0.002596s ]
INFO: Run WriteHtmlCache Behavior [ RunTime:0.001742s ]
INFO: Run ShowRuntime Behavior [ RunTime:0.002644s ]
INFO: [ view_filter ] --END-- [ RunTime:0.010941s ]
INFO: [ view_end ] --START--
INFO: Run ShowPageTrace Behavior [ RunTime:0.003529s ]
INFO: [ view_end ] --END-- [ RunTime:0.004371s ]

[ 2015-07-28T16:00:06+08:00 ] 0.0.0.0 /xin_gong/index.php/Index/jie_shao
INFO: [ route_check ] --START--
INFO: Run CheckRoute Behavior [ RunTime:0.005420s ]
INFO: [ route_check ] --END-- [ RunTime:0.005996s ]
INFO: [ app_begin ] --START--
INFO: Run ReadHtmlCache Behavior [ RunTime:0.002606s ]
INFO: [ app_begin ] --END-- [ RunTime:0.002960s ]
INFO: [ view_template ] --START--
INFO: Run LocationTemplate Behavior [ RunTime:0.003582s ]
INFO: [ view_template ] --END-- [ RunTime:0.004047s ]
INFO: [ view_parse ] --START--
INFO: Run ParseTemplate Behavior [ RunTime:0.038290s ]
INFO: [ view_parse ] --END-- [ RunTime:0.038804s ]
INFO: [ view_filter ] --START--
INFO: Run ContentReplace Behavior [ RunTime:0.002169s ]
INFO: Run TokenBuild Behavior [ RunTime:0.002237s ]
INFO: Run WriteHtmlCache Behavior [ RunTime:0.002187s ]
INFO: Run ShowRuntime Behavior [ RunTime:0.002943s ]
INFO: [ view_filter ] --END-- [ RunTime:0.010682s ]
INFO: [ view_end ] --START--
INFO: Run ShowPageTrace Behavior [ RunTime:0.003205s ]
INFO: [ view_end ] --END-- [ RunTime:0.003663s ]

[ 2015-07-28T16:00:45+08:00 ] 0.0.0.0 /xin_gong/index.php/Index/jie_shao
INFO: [ route_check ] --START--
INFO: Run CheckRoute Behavior [ RunTime:0.002885s ]
INFO: [ route_check ] --END-- [ RunTime:0.003404s ]
INFO: [ app_begin ] --START--
INFO: Run ReadHtmlCache Behavior [ RunTime:0.002513s ]
INFO: [ app_begin ] --END-- [ RunTime:0.002986s ]
INFO: [ view_template ] --START--
INFO: Run LocationTemplate Behavior [ RunTime:0.001865s ]
INFO: [ view_template ] --END-- [ RunTime:0.002343s ]
INFO: [ view_parse ] --START--
INFO: Run ParseTemplate Behavior [ RunTime:0.033693s ]
INFO: [ view_parse ] --END-- [ RunTime:0.034380s ]
INFO: [ view_filter ] --START--
INFO: Run ContentReplace Behavior [ RunTime:0.001674s ]
INFO: Run TokenBuild Behavior [ RunTime:0.001861s ]
INFO: Run WriteHtmlCache Behavior [ RunTime:0.001368s ]
INFO: Run ShowRuntime Behavior [ RunTime:0.002143s ]
INFO: [ view_filter ] --END-- [ RunTime:0.008006s ]
INFO: [ view_end ] --START--
INFO: Run ShowPageTrace Behavior [ RunTime:0.002647s ]
INFO: [ view_end ] --END-- [ RunTime:0.003014s ]

[ 2015-07-28T16:07:05+08:00 ] 0.0.0.0 /xin_gong/index.php/Index/jie_shao
INFO: [ route_check ] --START--
INFO: Run CheckRoute Behavior [ RunTime:0.016326s ]
INFO: [ route_check ] --END-- [ RunTime:0.016747s ]
INFO: [ app_begin ] --START--
INFO: Run ReadHtmlCache Behavior [ RunTime:0.002888s ]
INFO: [ app_begin ] --END-- [ RunTime:0.003607s ]
INFO: [ view_template ] --START--
INFO: Run LocationTemplate Behavior [ RunTime:0.003443s ]
INFO: [ view_template ] --END-- [ RunTime:0.004043s ]
INFO: [ view_parse ] --START--
INFO: Run ParseTemplate Behavior [ RunTime:0.037332s ]
INFO: [ view_parse ] --END-- [ RunTime:0.037852s ]
INFO: [ view_filter ] --START--
INFO: Run ContentReplace Behavior [ RunTime:0.002398s ]
INFO: Run TokenBuild Behavior [ RunTime:0.002410s ]
INFO: Run WriteHtmlCache Behavior [ RunTime:0.001678s ]
INFO: Run ShowRuntime Behavior [ RunTime:0.002240s ]
INFO: [ view_filter ] --END-- [ RunTime:0.009786s ]
INFO: [ view_end ] --START--
INFO: Run ShowPageTrace Behavior [ RunTime:0.002750s ]
INFO: [ view_end ] --END-- [ RunTime:0.003067s ]

[ 2015-07-28T16:07:37+08:00 ] 0.0.0.0 /xin_gong/index.php/Index/jie_shao
INFO: [ route_check ] --START--
INFO: Run CheckRoute Behavior [ RunTime:0.003519s ]
INFO: [ route_check ] --END-- [ RunTime:0.003952s ]
INFO: [ app_begin ] --START--
INFO: Run ReadHtmlCache Behavior [ RunTime:0.002474s ]
INFO: [ app_begin ] --END-- [ RunTime:0.002814s ]
INFO: [ view_template ] --START--
INFO: Run LocationTemplate Behavior [ RunTime:0.002942s ]
INFO: [ view_template ] --END-- [ RunTime:0.003327s ]
INFO: [ view_parse ] --START--
INFO: Run ParseTemplate Behavior [ RunTime:0.032172s ]
INFO: [ view_parse ] --END-- [ RunTime:0.032684s ]
INFO: [ view_filter ] --START--
INFO: Run ContentReplace Behavior [ RunTime:0.002268s ]
INFO: Run TokenBuild Behavior [ RunTime:0.002766s ]
INFO: Run WriteHtmlCache Behavior [ RunTime:0.002223s ]
INFO: Run ShowRuntime Behavior [ RunTime:0.003107s ]
INFO: [ view_filter ] --END-- [ RunTime:0.011674s ]
INFO: [ view_end ] --START--
INFO: Run ShowPageTrace Behavior [ RunTime:0.002716s ]
INFO: [ view_end ] --END-- [ RunTime:0.003056s ]

[ 2015-07-28T16:13:12+08:00 ] 0.0.0.0 /xin_gong/index.php/Index/jie_shao
INFO: [ route_check ] --START--
INFO: Run CheckRoute Behavior [ RunTime:0.005477s ]
INFO: [ route_check ] --END-- [ RunTime:0.009635s ]
INFO: [ app_begin ] --START--
INFO: Run ReadHtmlCache Behavior [ RunTime:0.002789s ]
INFO: [ app_begin ] --END-- [ RunTime:0.003150s ]
INFO: [ view_template ] --START--
INFO: Run LocationTemplate Behavior [ RunTime:0.005239s ]
INFO: [ view_template ] --END-- [ RunTime:0.005877s ]
INFO: [ view_parse ] --START--
INFO: Run ParseTemplate Behavior [ RunTime:0.035385s ]
INFO: [ view_parse ] --END-- [ RunTime:0.035861s ]
INFO: [ view_filter ] --START--
INFO: Run ContentReplace Behavior [ RunTime:0.002233s ]
INFO: Run TokenBuild Behavior [ RunTime:0.002473s ]
INFO: Run WriteHtmlCache Behavior [ RunTime:0.001722s ]
INFO: Run ShowRuntime Behavior [ RunTime:0.005203s ]
INFO: [ view_filter ] --END-- [ RunTime:0.012565s ]
INFO: [ view_end ] --START--
INFO: Run ShowPageTrace Behavior [ RunTime:0.003143s ]
INFO: [ view_end ] --END-- [ RunTime:0.003501s ]

[ 2015-07-28T16:21:53+08:00 ] 0.0.0.0 /xin_gong/index.php/Index/jie_shao
INFO: [ route_check ] --START--
INFO: Run CheckRoute Behavior [ RunTime:0.004317s ]
INFO: [ route_check ] --END-- [ RunTime:0.004762s ]
INFO: [ app_begin ] --START--
INFO: Run ReadHtmlCache Behavior [ RunTime:0.003752s ]
INFO: [ app_begin ] --END-- [ RunTime:0.004225s ]
INFO: [ view_template ] --START--
INFO: Run LocationTemplate Behavior [ RunTime:0.003365s ]
INFO: [ view_template ] --END-- [ RunTime:0.003851s ]
INFO: [ view_parse ] --START--
INFO: Run ParseTemplate Behavior [ RunTime:0.060385s ]
INFO: [ view_parse ] --END-- [ RunTime:0.061019s ]
INFO: [ view_filter ] --START--
INFO: Run ContentReplace Behavior [ RunTime:0.003224s ]
INFO: Run TokenBuild Behavior [ RunTime:0.002628s ]
INFO: Run WriteHtmlCache Behavior [ RunTime:0.002525s ]
INFO: Run ShowRuntime Behavior [ RunTime:0.002644s ]
INFO: [ view_filter ] --END-- [ RunTime:0.012483s ]
INFO: [ view_end ] --START--
INFO: Run ShowPageTrace Behavior [ RunTime:0.002671s ]
INFO: [ view_end ] --END-- [ RunTime:0.003013s ]

[ 2015-07-28T16:22:30+08:00 ] 0.0.0.0 /xin_gong/index.php/Index/jie_shao
INFO: [ route_check ] --START--
INFO: Run CheckRoute Behavior [ RunTime:0.004113s ]
INFO: [ route_check ] --END-- [ RunTime:0.004691s ]
INFO: [ app_begin ] --START--
INFO: Run ReadHtmlCache Behavior [ RunTime:0.002608s ]
INFO: [ app_begin ] --END-- [ RunTime:0.003018s ]
INFO: [ view_template ] --START--
INFO: Run LocationTemplate Behavior [ RunTime:0.003284s ]
INFO: [ view_template ] --END-- [ RunTime:0.003691s ]
INFO: [ view_parse ] --START--
INFO: Run ParseTemplate Behavior [ RunTime:0.038481s ]
INFO: [ view_parse ] --END-- [ RunTime:0.038899s ]
INFO: [ view_filter ] --START--
INFO: Run ContentReplace Behavior [ RunTime:0.002379s ]
INFO: Run TokenBuild Behavior [ RunTime:0.002207s ]
INFO: Run WriteHtmlCache Behavior [ RunTime:0.001731s ]
INFO: Run ShowRuntime Behavior [ RunTime:0.002481s ]
INFO: [ view_filter ] --END-- [ RunTime:0.009930s ]
INFO: [ view_end ] --START--
INFO: Run ShowPageTrace Behavior [ RunTime:0.003330s ]
INFO: [ view_end ] --END-- [ RunTime:0.003803s ]

[ 2015-07-28T16:23:02+08:00 ] 0.0.0.0 /xin_gong/index.php/Index/jie_shao
INFO: [ route_check ] --START--
INFO: Run CheckRoute Behavior [ RunTime:0.005446s ]
INFO: [ route_check ] --END-- [ RunTime:0.005996s ]
INFO: [ app_begin ] --START--
INFO: Run ReadHtmlCache Behavior [ RunTime:0.003013s ]
INFO: [ app_begin ] --END-- [ RunTime:0.003534s ]
INFO: [ view_template ] --START--
INFO: Run LocationTemplate Behavior [ RunTime:0.004859s ]
INFO: [ view_template ] --END-- [ RunTime:0.005361s ]
INFO: [ view_parse ] --START--
INFO: Run ParseTemplate Behavior [ RunTime:0.033767s ]
INFO: [ view_parse ] --END-- [ RunTime:0.034176s ]
INFO: [ view_filter ] --START--
INFO: Run ContentReplace Behavior [ RunTime:0.002063s ]
INFO: Run TokenBuild Behavior [ RunTime:0.002168s ]
INFO: Run WriteHtmlCache Behavior [ RunTime:0.001729s ]
INFO: Run ShowRuntime Behavior [ RunTime:0.002451s ]
INFO: [ view_filter ] --END-- [ RunTime:0.009301s ]
INFO: [ view_end ] --START--
INFO: Run ShowPageTrace Behavior [ RunTime:0.002661s ]
INFO: [ view_end ] --END-- [ RunTime:0.002980s ]

[ 2015-07-28T16:24:04+08:00 ] 0.0.0.0 /xin_gong/index.php/Index/jie_shao
INFO: [ route_check ] --START--
INFO: Run CheckRoute Behavior [ RunTime:0.005338s ]
INFO: [ route_check ] --END-- [ RunTime:0.005906s ]
INFO: [ app_begin ] --START--
INFO: Run ReadHtmlCache Behavior [ RunTime:0.002714s ]
INFO: [ app_begin ] --END-- [ RunTime:0.003318s ]
INFO: [ view_template ] --START--
INFO: Run LocationTemplate Behavior [ RunTime:0.002895s ]
INFO: [ view_template ] --END-- [ RunTime:0.003270s ]
INFO: [ view_parse ] --START--
INFO: Run ParseTemplate Behavior [ RunTime:0.037335s ]
INFO: [ view_parse ] --END-- [ RunTime:0.037875s ]
INFO: [ view_filter ] --START--
INFO: Run ContentReplace Behavior [ RunTime:0.002765s ]
INFO: Run TokenBuild Behavior [ RunTime:0.003551s ]
INFO: Run WriteHtmlCache Behavior [ RunTime:0.005205s ]
INFO: Run ShowRuntime Behavior [ RunTime:0.003093s ]
INFO: [ view_filter ] --END-- [ RunTime:0.016114s ]
INFO: [ view_end ] --START--
INFO: Run ShowPageTrace Behavior [ RunTime:0.002730s ]
INFO: [ view_end ] --END-- [ RunTime:0.003083s ]

[ 2015-07-28T16:24:27+08:00 ] 0.0.0.0 /xin_gong/index.php/Index/jie_shao
INFO: [ route_check ] --START--
INFO: Run CheckRoute Behavior [ RunTime:0.003600s ]
INFO: [ route_check ] --END-- [ RunTime:0.004128s ]
INFO: [ app_begin ] --START--
INFO: Run ReadHtmlCache Behavior [ RunTime:0.002327s ]
INFO: [ app_begin ] --END-- [ RunTime:0.002798s ]
INFO: [ view_template ] --START--
INFO: Run LocationTemplate Behavior [ RunTime:0.002266s ]
INFO: [ view_template ] --END-- [ RunTime:0.002757s ]
INFO: [ view_parse ] --START--
INFO: Run ParseTemplate Behavior [ RunTime:0.032003s ]
INFO: [ view_parse ] --END-- [ RunTime:0.032661s ]
INFO: [ view_filter ] --START--
INFO: Run ContentReplace Behavior [ RunTime:0.001743s ]
INFO: Run TokenBuild Behavior [ RunTime:0.001811s ]
INFO: Run WriteHtmlCache Behavior [ RunTime:0.001431s ]
INFO: Run ShowRuntime Behavior [ RunTime:0.002151s ]
INFO: [ view_filter ] --END-- [ RunTime:0.008112s ]
INFO: [ view_end ] --START--
INFO: Run ShowPageTrace Behavior [ RunTime:0.002367s ]
INFO: [ view_end ] --END-- [ RunTime:0.002818s ]

[ 2015-07-28T16:32:10+08:00 ] 0.0.0.0 /xin_gong/index.php/Index/jie_shao
INFO: [ route_check ] --START--
INFO: Run CheckRoute Behavior [ RunTime:0.006788s ]
INFO: [ route_check ] --END-- [ RunTime:0.007569s ]
INFO: [ app_begin ] --START--
INFO: Run ReadHtmlCache Behavior [ RunTime:0.002829s ]
INFO: [ app_begin ] --END-- [ RunTime:0.003302s ]
INFO: [ view_template ] --START--
INFO: Run LocationTemplate Behavior [ RunTime:0.003584s ]
INFO: [ view_template ] --END-- [ RunTime:0.004110s ]
INFO: [ view_parse ] --START--
INFO: Run ParseTemplate Behavior [ RunTime:0.038788s ]
INFO: [ view_parse ] --END-- [ RunTime:0.039363s ]
INFO: [ view_filter ] --START--
INFO: Run ContentReplace Behavior [ RunTime:0.001876s ]
INFO: Run TokenBuild Behavior [ RunTime:0.001933s ]
INFO: Run WriteHtmlCache Behavior [ RunTime:0.002633s ]
INFO: Run ShowRuntime Behavior [ RunTime:0.004559s ]
INFO: [ view_filter ] --END-- [ RunTime:0.012081s ]
INFO: [ view_end ] --START--
INFO: Run ShowPageTrace Behavior [ RunTime:0.002745s ]
INFO: [ view_end ] --END-- [ RunTime:0.003203s ]

[ 2015-07-28T16:34:07+08:00 ] 0.0.0.0 /xin_gong/index.php/Index/jie_shao
INFO: [ route_check ] --START--
INFO: Run CheckRoute Behavior [ RunTime:0.003792s ]
INFO: [ route_check ] --END-- [ RunTime:0.004204s ]
INFO: [ app_begin ] --START--
INFO: Run ReadHtmlCache Behavior [ RunTime:0.002711s ]
INFO: [ app_begin ] --END-- [ RunTime:0.003071s ]
INFO: [ view_template ] --START--
INFO: Run LocationTemplate Behavior [ RunTime:0.003007s ]
INFO: [ view_template ] --END-- [ RunTime:0.003399s ]
INFO: [ view_parse ] --START--
INFO: Run ParseTemplate Behavior [ RunTime:0.039443s ]
INFO: [ view_parse ] --END-- [ RunTime:0.039969s ]
INFO: [ view_filter ] --START--
INFO: Run ContentReplace Behavior [ RunTime:0.002186s ]
INFO: Run TokenBuild Behavior [ RunTime:0.002264s ]
INFO: Run WriteHtmlCache Behavior [ RunTime:0.001702s ]
INFO: Run ShowRuntime Behavior [ RunTime:0.002454s ]
INFO: [ view_filter ] --END-- [ RunTime:0.009644s ]
INFO: [ view_end ] --START--
INFO: Run ShowPageTrace Behavior [ RunTime:0.003235s ]
INFO: [ view_end ] --END-- [ RunTime:0.003665s ]

[ 2015-07-28T16:38:12+08:00 ] 0.0.0.0 /xin_gong/index.php/Index/jie_shao
INFO: [ route_check ] --START--
INFO: Run CheckRoute Behavior [ RunTime:0.005467s ]
INFO: [ route_check ] --END-- [ RunTime:0.006124s ]
INFO: [ app_begin ] --START--
INFO: Run ReadHtmlCache Behavior [ RunTime:0.004032s ]
INFO: [ app_begin ] --END-- [ RunTime:0.004825s ]
INFO: [ view_template ] --START--
INFO: Run LocationTemplate Behavior [ RunTime:0.004452s ]
INFO: [ view_template ] --END-- [ RunTime:0.004941s ]
INFO: [ view_parse ] --START--
INFO: Run ParseTemplate Behavior [ RunTime:0.037480s ]
INFO: [ view_parse ] --END-- [ RunTime:0.038038s ]
INFO: [ view_filter ] --START--
INFO: Run ContentReplace Behavior [ RunTime:0.002450s ]
INFO: Run TokenBuild Behavior [ RunTime:0.001954s ]
INFO: Run WriteHtmlCache Behavior [ RunTime:0.001518s ]
INFO: Run ShowRuntime Behavior [ RunTime:0.002323s ]
INFO: [ view_filter ] --END-- [ RunTime:0.009554s ]
INFO: [ view_end ] --START--
INFO: Run ShowPageTrace Behavior [ RunTime:0.003286s ]
INFO: [ view_end ] --END-- [ RunTime:0.003777s ]

[ 2015-07-28T16:42:19+08:00 ] 0.0.0.0 /xin_gong/index.php/Index/jie_shao
INFO: [ route_check ] --START--
INFO: Run CheckRoute Behavior [ RunTime:0.003540s ]
INFO: [ route_check ] --END-- [ RunTime:0.003953s ]
INFO: [ app_begin ] --START--
INFO: Run ReadHtmlCache Behavior [ RunTime:0.003647s ]
INFO: [ app_begin ] --END-- [ RunTime:0.004296s ]
INFO: [ view_template ] --START--
INFO: Run LocationTemplate Behavior [ RunTime:0.003083s ]
INFO: [ view_template ] --END-- [ RunTime:0.003489s ]
INFO: [ view_parse ] --START--
INFO: Run ParseTemplate Behavior [ RunTime:0.034656s ]
INFO: [ view_parse ] --END-- [ RunTime:0.035128s ]
INFO: [ view_filter ] --START--
INFO: Run ContentReplace Behavior [ RunTime:0.002152s ]
INFO: Run TokenBuild Behavior [ RunTime:0.002576s ]
INFO: Run WriteHtmlCache Behavior [ RunTime:0.002002s ]
INFO: Run ShowRuntime Behavior [ RunTime:0.003929s ]
INFO: [ view_filter ] --END-- [ RunTime:0.011780s ]
INFO: [ view_end ] --START--
INFO: Run ShowPageTrace Behavior [ RunTime:0.002832s ]
INFO: [ view_end ] --END-- [ RunTime:0.003211s ]

[ 2015-07-28T16:43:42+08:00 ] 0.0.0.0 /xin_gong/index.php/Index/jie_shao
INFO: [ route_check ] --START--
INFO: Run CheckRoute Behavior [ RunTime:0.010545s ]
INFO: [ route_check ] --END-- [ RunTime:0.011345s ]
INFO: [ app_begin ] --START--
INFO: Run ReadHtmlCache Behavior [ RunTime:0.003711s ]
INFO: [ app_begin ] --END-- [ RunTime:0.004586s ]
INFO: [ view_template ] --START--
INFO: Run LocationTemplate Behavior [ RunTime:0.002845s ]
INFO: [ view_template ] --END-- [ RunTime:0.003306s ]
INFO: [ view_parse ] --START--
INFO: Run ParseTemplate Behavior [ RunTime:0.035038s ]
INFO: [ view_parse ] --END-- [ RunTime:0.036841s ]
INFO: [ view_filter ] --START--
INFO: Run ContentReplace Behavior [ RunTime:0.003174s ]
INFO: Run TokenBuild Behavior [ RunTime:0.003758s ]
INFO: Run WriteHtmlCache Behavior [ RunTime:0.001958s ]
INFO: Run ShowRuntime Behavior [ RunTime:0.004354s ]
INFO: [ view_filter ] --END-- [ RunTime:0.015265s ]
INFO: [ view_end ] --START--
INFO: Run ShowPageTrace Behavior [ RunTime:0.005596s ]
INFO: [ view_end ] --END-- [ RunTime:0.006289s ]

