[ 2015-07-19T09:22:43+08:00 ] 0.0.0.0 /xin_gong/
INFO: [ app_begin ] --START--
INFO: Run ReadHtmlCache Behavior [ RunTime:0.003808s ]
INFO: [ app_begin ] --END-- [ RunTime:0.004324s ]
INFO: [ view_template ] --START--
INFO: Run LocationTemplate Behavior [ RunTime:0.003279s ]
INFO: [ view_template ] --END-- [ RunTime:0.003769s ]
INFO: [ view_parse ] --START--
INFO: Run ParseTemplate Behavior [ RunTime:0.037332s ]
INFO: [ view_parse ] --END-- [ RunTime:0.037827s ]
INFO: [ view_filter ] --START--
INFO: Run ContentReplace Behavior [ RunTime:0.002182s ]
INFO: Run TokenBuild Behavior [ RunTime:0.002952s ]
INFO: Run WriteHtmlCache Behavior [ RunTime:0.001770s ]
INFO: Run ShowRuntime Behavior [ RunTime:0.002336s ]
INFO: [ view_filter ] --END-- [ RunTime:0.010319s ]
INFO: [ view_end ] --START--
INFO: Run ShowPageTrace Behavior [ RunTime:0.002551s ]
INFO: [ view_end ] --END-- [ RunTime:0.002866s ]

[ 2015-07-19T09:36:13+08:00 ] 0.0.0.0 /xin_gong/
INFO: [ app_begin ] --START--
INFO: Run ReadHtmlCache Behavior [ RunTime:0.004452s ]
INFO: [ app_begin ] --END-- [ RunTime:0.004978s ]
INFO: [ view_template ] --START--
INFO: Run LocationTemplate Behavior [ RunTime:0.003555s ]
INFO: [ view_template ] --END-- [ RunTime:0.004114s ]
INFO: [ view_parse ] --START--
INFO: Run ParseTemplate Behavior [ RunTime:0.039788s ]
INFO: [ view_parse ] --END-- [ RunTime:0.040299s ]
INFO: [ view_filter ] --START--
INFO: Run ContentReplace Behavior [ RunTime:0.002270s ]
INFO: Run TokenBuild Behavior [ RunTime:0.002760s ]
INFO: Run WriteHtmlCache Behavior [ RunTime:0.002298s ]
INFO: Run ShowRuntime Behavior [ RunTime:0.003138s ]
INFO: [ view_filter ] --END-- [ RunTime:0.011771s ]
INFO: [ view_end ] --START--
INFO: Run ShowPageTrace Behavior [ RunTime:0.003599s ]
INFO: [ view_end ] --END-- [ RunTime:0.004704s ]

[ 2015-07-19T09:38:50+08:00 ] 0.0.0.0 /xin_gong/
INFO: [ app_begin ] --START--
INFO: Run ReadHtmlCache Behavior [ RunTime:0.005015s ]
INFO: [ app_begin ] --END-- [ RunTime:0.006221s ]
INFO: [ view_template ] --START--
INFO: Run LocationTemplate Behavior [ RunTime:0.004055s ]
INFO: [ view_template ] --END-- [ RunTime:0.004691s ]
INFO: [ view_parse ] --START--
INFO: Run ParseTemplate Behavior [ RunTime:0.035905s ]
INFO: [ view_parse ] --END-- [ RunTime:0.036446s ]
INFO: [ view_filter ] --START--
INFO: Run ContentReplace Behavior [ RunTime:0.002173s ]
INFO: Run TokenBuild Behavior [ RunTime:0.002339s ]
INFO: Run WriteHtmlCache Behavior [ RunTime:0.002187s ]
INFO: Run ShowRuntime Behavior [ RunTime:0.002608s ]
INFO: [ view_filter ] --END-- [ RunTime:0.010653s ]
INFO: [ view_end ] --START--
INFO: Run ShowPageTrace Behavior [ RunTime:0.003043s ]
INFO: [ view_end ] --END-- [ RunTime:0.003527s ]

[ 2015-07-19T21:54:03+08:00 ] 127.0.0.1 /xin_gong/
INFO: [ app_begin ] --START--
INFO: Run ReadHtmlCache Behavior [ RunTime:0.003506s ]
INFO: [ app_begin ] --END-- [ RunTime:0.004120s ]
INFO: [ view_template ] --START--
INFO: Run LocationTemplate Behavior [ RunTime:0.003159s ]
INFO: [ view_template ] --END-- [ RunTime:0.003620s ]
INFO: [ view_parse ] --START--
INFO: Run ParseTemplate Behavior [ RunTime:0.038340s ]
INFO: [ view_parse ] --END-- [ RunTime:0.038934s ]
INFO: [ view_filter ] --START--
INFO: Run ContentReplace Behavior [ RunTime:0.002912s ]
INFO: Run TokenBuild Behavior [ RunTime:0.001868s ]
INFO: Run WriteHtmlCache Behavior [ RunTime:0.001554s ]
INFO: Run ShowRuntime Behavior [ RunTime:0.002428s ]
INFO: [ view_filter ] --END-- [ RunTime:0.009820s ]
INFO: [ view_end ] --START--
INFO: Run ShowPageTrace Behavior [ RunTime:0.003045s ]
INFO: [ view_end ] --END-- [ RunTime:0.003414s ]

[ 2015-07-19T21:56:05+08:00 ] 127.0.0.1 /xin_gong/
INFO: [ app_begin ] --START--
INFO: Run ReadHtmlCache Behavior [ RunTime:0.002564s ]
INFO: [ app_begin ] --END-- [ RunTime:0.002956s ]
INFO: [ view_template ] --START--
INFO: Run LocationTemplate Behavior [ RunTime:0.002712s ]
INFO: [ view_template ] --END-- [ RunTime:0.003159s ]
INFO: [ view_parse ] --START--
INFO: Run ParseTemplate Behavior [ RunTime:0.030645s ]
INFO: [ view_parse ] --END-- [ RunTime:0.031021s ]
INFO: [ view_filter ] --START--
INFO: Run ContentReplace Behavior [ RunTime:0.002045s ]
INFO: Run TokenBuild Behavior [ RunTime:0.002056s ]
INFO: Run WriteHtmlCache Behavior [ RunTime:0.001602s ]
INFO: Run ShowRuntime Behavior [ RunTime:0.003083s ]
INFO: [ view_filter ] --END-- [ RunTime:0.009827s ]
INFO: [ view_end ] --START--
INFO: Run ShowPageTrace Behavior [ RunTime:0.003173s ]
INFO: [ view_end ] --END-- [ RunTime:0.003603s ]

[ 2015-07-19T21:57:28+08:00 ] 127.0.0.1 /xin_gong/
INFO: [ app_begin ] --START--
INFO: Run ReadHtmlCache Behavior [ RunTime:0.002123s ]
INFO: [ app_begin ] --END-- [ RunTime:0.002542s ]
INFO: [ view_template ] --START--
INFO: Run LocationTemplate Behavior [ RunTime:0.001757s ]
INFO: [ view_template ] --END-- [ RunTime:0.002101s ]
INFO: [ view_parse ] --START--
INFO: Run ParseTemplate Behavior [ RunTime:0.027587s ]
INFO: [ view_parse ] --END-- [ RunTime:0.027948s ]
INFO: [ view_filter ] --START--
INFO: Run ContentReplace Behavior [ RunTime:0.001742s ]
INFO: Run TokenBuild Behavior [ RunTime:0.001742s ]
INFO: Run WriteHtmlCache Behavior [ RunTime:0.001346s ]
INFO: Run ShowRuntime Behavior [ RunTime:0.002045s ]
INFO: [ view_filter ] --END-- [ RunTime:0.007744s ]
INFO: [ view_end ] --START--
INFO: Run ShowPageTrace Behavior [ RunTime:0.003836s ]
INFO: [ view_end ] --END-- [ RunTime:0.004310s ]

[ 2015-07-19T21:57:59+08:00 ] 127.0.0.1 /xin_gong/
INFO: [ app_begin ] --START--
INFO: Run ReadHtmlCache Behavior [ RunTime:0.002530s ]
INFO: [ app_begin ] --END-- [ RunTime:0.002909s ]
INFO: [ view_template ] --START--
INFO: Run LocationTemplate Behavior [ RunTime:0.004110s ]
INFO: [ view_template ] --END-- [ RunTime:0.004701s ]
INFO: [ view_parse ] --START--
INFO: Run ParseTemplate Behavior [ RunTime:0.037448s ]
INFO: [ view_parse ] --END-- [ RunTime:0.037974s ]
INFO: [ view_filter ] --START--
INFO: Run ContentReplace Behavior [ RunTime:0.001881s ]
INFO: Run TokenBuild Behavior [ RunTime:0.004796s ]
INFO: Run WriteHtmlCache Behavior [ RunTime:0.002038s ]
INFO: Run ShowRuntime Behavior [ RunTime:0.002063s ]
INFO: [ view_filter ] --END-- [ RunTime:0.011964s ]
INFO: [ view_end ] --START--
INFO: Run ShowPageTrace Behavior [ RunTime:0.002305s ]
INFO: [ view_end ] --END-- [ RunTime:0.002608s ]

[ 2015-07-19T22:00:12+08:00 ] 127.0.0.1 /xin_gong/
INFO: [ app_begin ] --START--
INFO: Run ReadHtmlCache Behavior [ RunTime:0.002829s ]
INFO: [ app_begin ] --END-- [ RunTime:0.003219s ]
INFO: [ view_template ] --START--
INFO: Run LocationTemplate Behavior [ RunTime:0.002751s ]
INFO: [ view_template ] --END-- [ RunTime:0.003094s ]
INFO: [ view_parse ] --START--
INFO: Run ParseTemplate Behavior [ RunTime:0.029597s ]
INFO: [ view_parse ] --END-- [ RunTime:0.029953s ]
INFO: [ view_filter ] --START--
INFO: Run ContentReplace Behavior [ RunTime:0.001955s ]
INFO: Run TokenBuild Behavior [ RunTime:0.002469s ]
INFO: Run WriteHtmlCache Behavior [ RunTime:0.002606s ]
INFO: Run ShowRuntime Behavior [ RunTime:0.002348s ]
INFO: [ view_filter ] --END-- [ RunTime:0.010253s ]
INFO: [ view_end ] --START--
INFO: Run ShowPageTrace Behavior [ RunTime:0.002511s ]
INFO: [ view_end ] --END-- [ RunTime:0.002819s ]

[ 2015-07-19T22:02:45+08:00 ] 127.0.0.1 /xin_gong/
INFO: [ app_begin ] --START--
INFO: Run ReadHtmlCache Behavior [ RunTime:0.003023s ]
INFO: [ app_begin ] --END-- [ RunTime:0.003406s ]
INFO: [ view_template ] --START--
INFO: Run LocationTemplate Behavior [ RunTime:0.002530s ]
INFO: [ view_template ] --END-- [ RunTime:0.002893s ]
INFO: [ view_parse ] --START--
INFO: Run ParseTemplate Behavior [ RunTime:0.031381s ]
INFO: [ view_parse ] --END-- [ RunTime:0.031745s ]
INFO: [ view_filter ] --START--
INFO: Run ContentReplace Behavior [ RunTime:0.001960s ]
INFO: Run TokenBuild Behavior [ RunTime:0.001970s ]
INFO: Run WriteHtmlCache Behavior [ RunTime:0.001981s ]
INFO: Run ShowRuntime Behavior [ RunTime:0.002393s ]
INFO: [ view_filter ] --END-- [ RunTime:0.009157s ]
INFO: [ view_end ] --START--
INFO: Run ShowPageTrace Behavior [ RunTime:0.002871s ]
INFO: [ view_end ] --END-- [ RunTime:0.003183s ]

[ 2015-07-19T22:03:06+08:00 ] 127.0.0.1 /xin_gong/
INFO: [ app_begin ] --START--
INFO: Run ReadHtmlCache Behavior [ RunTime:0.006853s ]
INFO: [ app_begin ] --END-- [ RunTime:0.007485s ]
INFO: [ view_template ] --START--
INFO: Run LocationTemplate Behavior [ RunTime:0.004783s ]
INFO: [ view_template ] --END-- [ RunTime:0.005401s ]
INFO: [ view_parse ] --START--
INFO: Run ParseTemplate Behavior [ RunTime:0.049997s ]
INFO: [ view_parse ] --END-- [ RunTime:0.051569s ]
INFO: [ view_filter ] --START--
INFO: Run ContentReplace Behavior [ RunTime:0.003475s ]
INFO: Run TokenBuild Behavior [ RunTime:0.001936s ]
INFO: Run WriteHtmlCache Behavior [ RunTime:0.001476s ]
INFO: Run ShowRuntime Behavior [ RunTime:0.002138s ]
INFO: [ view_filter ] --END-- [ RunTime:0.010057s ]
INFO: [ view_end ] --START--
INFO: Run ShowPageTrace Behavior [ RunTime:0.002887s ]
INFO: [ view_end ] --END-- [ RunTime:0.003263s ]

[ 2015-07-19T22:17:42+08:00 ] 127.0.0.1 /xin_gong/
INFO: [ app_begin ] --START--
INFO: Run ReadHtmlCache Behavior [ RunTime:0.005149s ]
INFO: [ app_begin ] --END-- [ RunTime:0.005653s ]
INFO: [ view_template ] --START--
INFO: Run LocationTemplate Behavior [ RunTime:0.002545s ]
INFO: [ view_template ] --END-- [ RunTime:0.002917s ]
INFO: [ view_parse ] --START--
INFO: Run ParseTemplate Behavior [ RunTime:0.034272s ]
INFO: [ view_parse ] --END-- [ RunTime:0.034630s ]
INFO: [ view_filter ] --START--
INFO: Run ContentReplace Behavior [ RunTime:0.002008s ]
INFO: Run TokenBuild Behavior [ RunTime:0.002091s ]
INFO: Run WriteHtmlCache Behavior [ RunTime:0.001710s ]
INFO: Run ShowRuntime Behavior [ RunTime:0.002934s ]
INFO: [ view_filter ] --END-- [ RunTime:0.009734s ]
INFO: [ view_end ] --START--
INFO: Run ShowPageTrace Behavior [ RunTime:0.002863s ]
INFO: [ view_end ] --END-- [ RunTime:0.003192s ]

[ 2015-07-19T22:18:59+08:00 ] 127.0.0.1 /xin_gong/
INFO: [ app_begin ] --START--
INFO: Run ReadHtmlCache Behavior [ RunTime:0.003105s ]
INFO: [ app_begin ] --END-- [ RunTime:0.003811s ]
INFO: [ view_template ] --START--
INFO: Run LocationTemplate Behavior [ RunTime:0.003832s ]
INFO: [ view_template ] --END-- [ RunTime:0.004509s ]
INFO: [ view_parse ] --START--
INFO: Run ParseTemplate Behavior [ RunTime:0.033149s ]
INFO: [ view_parse ] --END-- [ RunTime:0.033522s ]
INFO: [ view_filter ] --START--
INFO: Run ContentReplace Behavior [ RunTime:0.002329s ]
INFO: Run TokenBuild Behavior [ RunTime:0.002444s ]
INFO: Run WriteHtmlCache Behavior [ RunTime:0.001644s ]
INFO: Run ShowRuntime Behavior [ RunTime:0.002371s ]
INFO: [ view_filter ] --END-- [ RunTime:0.009822s ]
INFO: [ view_end ] --START--
INFO: Run ShowPageTrace Behavior [ RunTime:0.003018s ]
INFO: [ view_end ] --END-- [ RunTime:0.003407s ]

[ 2015-07-19T22:28:04+08:00 ] 127.0.0.1 /xin_gong/
INFO: [ app_begin ] --START--
INFO: Run ReadHtmlCache Behavior [ RunTime:0.004298s ]
INFO: [ app_begin ] --END-- [ RunTime:0.004993s ]
INFO: [ view_template ] --START--
INFO: Run LocationTemplate Behavior [ RunTime:0.004568s ]
INFO: [ view_template ] --END-- [ RunTime:0.005189s ]
INFO: [ view_parse ] --START--
INFO: Run ParseTemplate Behavior [ RunTime:0.032348s ]
INFO: [ view_parse ] --END-- [ RunTime:0.033003s ]
INFO: [ view_filter ] --START--
INFO: Run ContentReplace Behavior [ RunTime:0.001998s ]
INFO: Run TokenBuild Behavior [ RunTime:0.002139s ]
INFO: Run WriteHtmlCache Behavior [ RunTime:0.002035s ]
INFO: Run ShowRuntime Behavior [ RunTime:0.002789s ]
INFO: [ view_filter ] --END-- [ RunTime:0.010040s ]
INFO: [ view_end ] --START--
INFO: Run ShowPageTrace Behavior [ RunTime:0.002606s ]
INFO: [ view_end ] --END-- [ RunTime:0.002926s ]

[ 2015-07-19T22:33:36+08:00 ] 127.0.0.1 /xin_gong/
INFO: [ app_begin ] --START--
INFO: Run ReadHtmlCache Behavior [ RunTime:0.004748s ]
INFO: [ app_begin ] --END-- [ RunTime:0.005380s ]
INFO: [ view_template ] --START--
INFO: Run LocationTemplate Behavior [ RunTime:0.002924s ]
INFO: [ view_template ] --END-- [ RunTime:0.003415s ]
INFO: [ view_parse ] --START--
INFO: Run ParseTemplate Behavior [ RunTime:0.037963s ]
INFO: [ view_parse ] --END-- [ RunTime:0.038340s ]
INFO: [ view_filter ] --START--
INFO: Run ContentReplace Behavior [ RunTime:0.001939s ]
INFO: Run TokenBuild Behavior [ RunTime:0.001877s ]
INFO: Run WriteHtmlCache Behavior [ RunTime:0.001396s ]
INFO: Run ShowRuntime Behavior [ RunTime:0.002151s ]
INFO: [ view_filter ] --END-- [ RunTime:0.008314s ]
INFO: [ view_end ] --START--
INFO: Run ShowPageTrace Behavior [ RunTime:0.004214s ]
INFO: [ view_end ] --END-- [ RunTime:0.004593s ]

[ 2015-07-19T22:35:08+08:00 ] 127.0.0.1 /xin_gong/
INFO: [ app_begin ] --START--
INFO: Run ReadHtmlCache Behavior [ RunTime:0.003703s ]
INFO: [ app_begin ] --END-- [ RunTime:0.004222s ]
INFO: [ view_template ] --START--
INFO: Run LocationTemplate Behavior [ RunTime:0.003704s ]
INFO: [ view_template ] --END-- [ RunTime:0.004187s ]
INFO: [ view_parse ] --START--
INFO: Run ParseTemplate Behavior [ RunTime:0.035077s ]
INFO: [ view_parse ] --END-- [ RunTime:0.035469s ]
INFO: [ view_filter ] --START--
INFO: Run ContentReplace Behavior [ RunTime:0.001932s ]
INFO: Run TokenBuild Behavior [ RunTime:0.002111s ]
INFO: Run WriteHtmlCache Behavior [ RunTime:0.001635s ]
INFO: Run ShowRuntime Behavior [ RunTime:0.002483s ]
INFO: [ view_filter ] --END-- [ RunTime:0.009153s ]
INFO: [ view_end ] --START--
INFO: Run ShowPageTrace Behavior [ RunTime:0.002597s ]
INFO: [ view_end ] --END-- [ RunTime:0.002918s ]

[ 2015-07-19T22:40:03+08:00 ] 127.0.0.1 /xin_gong/
INFO: [ app_begin ] --START--
INFO: Run ReadHtmlCache Behavior [ RunTime:0.004736s ]
INFO: [ app_begin ] --END-- [ RunTime:0.005554s ]
INFO: [ view_template ] --START--
INFO: Run LocationTemplate Behavior [ RunTime:0.003025s ]
INFO: [ view_template ] --END-- [ RunTime:0.003403s ]
INFO: [ view_parse ] --START--
INFO: Run ParseTemplate Behavior [ RunTime:0.032251s ]
INFO: [ view_parse ] --END-- [ RunTime:0.032708s ]
INFO: [ view_filter ] --START--
INFO: Run ContentReplace Behavior [ RunTime:0.002124s ]
INFO: Run TokenBuild Behavior [ RunTime:0.002059s ]
INFO: Run WriteHtmlCache Behavior [ RunTime:0.001612s ]
INFO: Run ShowRuntime Behavior [ RunTime:0.003465s ]
INFO: [ view_filter ] --END-- [ RunTime:0.010226s ]
INFO: [ view_end ] --START--
INFO: Run ShowPageTrace Behavior [ RunTime:0.002898s ]
INFO: [ view_end ] --END-- [ RunTime:0.003309s ]

[ 2015-07-19T22:42:00+08:00 ] 127.0.0.1 /xin_gong/
INFO: [ app_begin ] --START--
INFO: Run ReadHtmlCache Behavior [ RunTime:0.006809s ]
INFO: [ app_begin ] --END-- [ RunTime:0.007499s ]
INFO: [ view_template ] --START--
INFO: Run LocationTemplate Behavior [ RunTime:0.003600s ]
INFO: [ view_template ] --END-- [ RunTime:0.004013s ]
INFO: [ view_parse ] --START--
INFO: Run ParseTemplate Behavior [ RunTime:0.042567s ]
INFO: [ view_parse ] --END-- [ RunTime:0.042941s ]
INFO: [ view_filter ] --START--
INFO: Run ContentReplace Behavior [ RunTime:0.002175s ]
INFO: Run TokenBuild Behavior [ RunTime:0.002167s ]
INFO: Run WriteHtmlCache Behavior [ RunTime:0.002691s ]
INFO: Run ShowRuntime Behavior [ RunTime:0.003600s ]
INFO: [ view_filter ] --END-- [ RunTime:0.011943s ]
INFO: [ view_end ] --START--
INFO: Run ShowPageTrace Behavior [ RunTime:0.003136s ]
INFO: [ view_end ] --END-- [ RunTime:0.003610s ]

[ 2015-07-19T22:43:42+08:00 ] 127.0.0.1 /xin_gong/
INFO: [ app_begin ] --START--
INFO: Run ReadHtmlCache Behavior [ RunTime:0.003075s ]
INFO: [ app_begin ] --END-- [ RunTime:0.003668s ]
INFO: [ view_template ] --START--
INFO: Run LocationTemplate Behavior [ RunTime:0.003021s ]
INFO: [ view_template ] --END-- [ RunTime:0.003384s ]
INFO: [ view_parse ] --START--
INFO: Run ParseTemplate Behavior [ RunTime:0.032017s ]
INFO: [ view_parse ] --END-- [ RunTime:0.032388s ]
INFO: [ view_filter ] --START--
INFO: Run ContentReplace Behavior [ RunTime:0.002006s ]
INFO: Run TokenBuild Behavior [ RunTime:0.002115s ]
INFO: Run WriteHtmlCache Behavior [ RunTime:0.001778s ]
INFO: Run ShowRuntime Behavior [ RunTime:0.002425s ]
INFO: [ view_filter ] --END-- [ RunTime:0.009238s ]
INFO: [ view_end ] --START--
INFO: Run ShowPageTrace Behavior [ RunTime:0.002674s ]
INFO: [ view_end ] --END-- [ RunTime:0.002993s ]

[ 2015-07-19T22:46:18+08:00 ] 127.0.0.1 /xin_gong/
INFO: [ app_begin ] --START--
INFO: Run ReadHtmlCache Behavior [ RunTime:0.003382s ]
INFO: [ app_begin ] --END-- [ RunTime:0.003863s ]
INFO: [ view_template ] --START--
INFO: Run LocationTemplate Behavior [ RunTime:0.003301s ]
INFO: [ view_template ] --END-- [ RunTime:0.003657s ]
INFO: [ view_parse ] --START--
INFO: Run ParseTemplate Behavior [ RunTime:0.028986s ]
INFO: [ view_parse ] --END-- [ RunTime:0.029361s ]
INFO: [ view_filter ] --START--
INFO: Run ContentReplace Behavior [ RunTime:0.002135s ]
INFO: Run TokenBuild Behavior [ RunTime:0.002250s ]
INFO: Run WriteHtmlCache Behavior [ RunTime:0.001705s ]
INFO: Run ShowRuntime Behavior [ RunTime:0.002464s ]
INFO: [ view_filter ] --END-- [ RunTime:0.009439s ]
INFO: [ view_end ] --START--
INFO: Run ShowPageTrace Behavior [ RunTime:0.002739s ]
INFO: [ view_end ] --END-- [ RunTime:0.003053s ]

[ 2015-07-19T22:52:33+08:00 ] 127.0.0.1 /xin_gong/
INFO: [ app_begin ] --START--
INFO: Run ReadHtmlCache Behavior [ RunTime:0.002753s ]
INFO: [ app_begin ] --END-- [ RunTime:0.003164s ]
INFO: [ view_template ] --START--
INFO: Run LocationTemplate Behavior [ RunTime:0.003089s ]
INFO: [ view_template ] --END-- [ RunTime:0.003438s ]
INFO: [ view_parse ] --START--
INFO: Run ParseTemplate Behavior [ RunTime:0.031313s ]
INFO: [ view_parse ] --END-- [ RunTime:0.031689s ]
INFO: [ view_filter ] --START--
INFO: Run ContentReplace Behavior [ RunTime:0.001858s ]
INFO: Run TokenBuild Behavior [ RunTime:0.001851s ]
INFO: Run WriteHtmlCache Behavior [ RunTime:0.001403s ]
INFO: Run ShowRuntime Behavior [ RunTime:0.003886s ]
INFO: [ view_filter ] --END-- [ RunTime:0.009915s ]
INFO: [ view_end ] --START--
INFO: Run ShowPageTrace Behavior [ RunTime:0.002778s ]
INFO: [ view_end ] --END-- [ RunTime:0.003106s ]

[ 2015-07-19T22:52:48+08:00 ] 127.0.0.1 /xin_gong/
INFO: [ app_begin ] --START--
INFO: Run ReadHtmlCache Behavior [ RunTime:0.002678s ]
INFO: [ app_begin ] --END-- [ RunTime:0.003033s ]
INFO: [ view_template ] --START--
INFO: Run LocationTemplate Behavior [ RunTime:0.002808s ]
INFO: [ view_template ] --END-- [ RunTime:0.003269s ]
INFO: [ view_parse ] --START--
INFO: Run ParseTemplate Behavior [ RunTime:0.033596s ]
INFO: [ view_parse ] --END-- [ RunTime:0.034012s ]
INFO: [ view_filter ] --START--
INFO: Run ContentReplace Behavior [ RunTime:0.002181s ]
INFO: Run TokenBuild Behavior [ RunTime:0.002234s ]
INFO: Run WriteHtmlCache Behavior [ RunTime:0.001939s ]
INFO: Run ShowRuntime Behavior [ RunTime:0.003160s ]
INFO: [ view_filter ] --END-- [ RunTime:0.010658s ]
INFO: [ view_end ] --START--
INFO: Run ShowPageTrace Behavior [ RunTime:0.003194s ]
INFO: [ view_end ] --END-- [ RunTime:0.003529s ]

[ 2015-07-19T22:55:01+08:00 ] 127.0.0.1 /xin_gong/
INFO: [ app_begin ] --START--
INFO: Run ReadHtmlCache Behavior [ RunTime:0.004561s ]
INFO: [ app_begin ] --END-- [ RunTime:0.005014s ]
INFO: [ view_template ] --START--
INFO: Run LocationTemplate Behavior [ RunTime:0.003514s ]
INFO: [ view_template ] --END-- [ RunTime:0.003987s ]
INFO: [ view_parse ] --START--
INFO: Run ParseTemplate Behavior [ RunTime:0.031540s ]
INFO: [ view_parse ] --END-- [ RunTime:0.031954s ]
INFO: [ view_filter ] --START--
INFO: Run ContentReplace Behavior [ RunTime:0.002020s ]
INFO: Run TokenBuild Behavior [ RunTime:0.002195s ]
INFO: Run WriteHtmlCache Behavior [ RunTime:0.001759s ]
INFO: Run ShowRuntime Behavior [ RunTime:0.002393s ]
INFO: [ view_filter ] --END-- [ RunTime:0.009240s ]
INFO: [ view_end ] --START--
INFO: Run ShowPageTrace Behavior [ RunTime:0.002829s ]
INFO: [ view_end ] --END-- [ RunTime:0.003146s ]

[ 2015-07-19T23:17:19+08:00 ] 127.0.0.1 /xin_gong/
INFO: [ app_begin ] --START--
INFO: Run ReadHtmlCache Behavior [ RunTime:0.004279s ]
INFO: [ app_begin ] --END-- [ RunTime:0.004856s ]
INFO: [ view_template ] --START--
INFO: Run LocationTemplate Behavior [ RunTime:0.002904s ]
INFO: [ view_template ] --END-- [ RunTime:0.003355s ]
INFO: [ view_parse ] --START--
INFO: Run ParseTemplate Behavior [ RunTime:0.030637s ]
INFO: [ view_parse ] --END-- [ RunTime:0.030997s ]
INFO: [ view_filter ] --START--
INFO: Run ContentReplace Behavior [ RunTime:0.002484s ]
INFO: Run TokenBuild Behavior [ RunTime:0.002034s ]
INFO: Run WriteHtmlCache Behavior [ RunTime:0.001700s ]
INFO: Run ShowRuntime Behavior [ RunTime:0.002403s ]
INFO: [ view_filter ] --END-- [ RunTime:0.009525s ]
INFO: [ view_end ] --START--
INFO: Run ShowPageTrace Behavior [ RunTime:0.002703s ]
INFO: [ view_end ] --END-- [ RunTime:0.003017s ]

[ 2015-07-19T23:18:55+08:00 ] 127.0.0.1 /xin_gong/
INFO: [ app_begin ] --START--
INFO: Run ReadHtmlCache Behavior [ RunTime:0.002110s ]
INFO: [ app_begin ] --END-- [ RunTime:0.002561s ]
INFO: [ view_template ] --START--
INFO: Run LocationTemplate Behavior [ RunTime:0.001774s ]
INFO: [ view_template ] --END-- [ RunTime:0.002326s ]
INFO: [ view_parse ] --START--
INFO: Run ParseTemplate Behavior [ RunTime:0.028730s ]
INFO: [ view_parse ] --END-- [ RunTime:0.029147s ]
INFO: [ view_filter ] --START--
INFO: Run ContentReplace Behavior [ RunTime:0.002202s ]
INFO: Run TokenBuild Behavior [ RunTime:0.001777s ]
INFO: Run WriteHtmlCache Behavior [ RunTime:0.001384s ]
INFO: Run ShowRuntime Behavior [ RunTime:0.002134s ]
INFO: [ view_filter ] --END-- [ RunTime:0.008434s ]
INFO: [ view_end ] --START--
INFO: Run ShowPageTrace Behavior [ RunTime:0.002254s ]
INFO: [ view_end ] --END-- [ RunTime:0.002619s ]

[ 2015-07-19T23:21:51+08:00 ] 127.0.0.1 /xin_gong/
INFO: [ app_begin ] --START--
INFO: Run ReadHtmlCache Behavior [ RunTime:0.003177s ]
INFO: [ app_begin ] --END-- [ RunTime:0.003568s ]
INFO: [ view_template ] --START--
INFO: Run LocationTemplate Behavior [ RunTime:0.002828s ]
INFO: [ view_template ] --END-- [ RunTime:0.003198s ]
INFO: [ view_parse ] --START--
INFO: Run ParseTemplate Behavior [ RunTime:0.035060s ]
INFO: [ view_parse ] --END-- [ RunTime:0.035429s ]
INFO: [ view_filter ] --START--
INFO: Run ContentReplace Behavior [ RunTime:0.002398s ]
INFO: Run TokenBuild Behavior [ RunTime:0.002248s ]
INFO: Run WriteHtmlCache Behavior [ RunTime:0.001686s ]
INFO: Run ShowRuntime Behavior [ RunTime:0.002569s ]
INFO: [ view_filter ] --END-- [ RunTime:0.009996s ]
INFO: [ view_end ] --START--
INFO: Run ShowPageTrace Behavior [ RunTime:0.002636s ]
INFO: [ view_end ] --END-- [ RunTime:0.002986s ]

[ 2015-07-19T23:22:55+08:00 ] 127.0.0.1 /xin_gong/
INFO: [ app_begin ] --START--
INFO: Run ReadHtmlCache Behavior [ RunTime:0.004777s ]
INFO: [ app_begin ] --END-- [ RunTime:0.005468s ]
INFO: [ view_template ] --START--
INFO: Run LocationTemplate Behavior [ RunTime:0.004009s ]
INFO: [ view_template ] --END-- [ RunTime:0.004668s ]
INFO: [ view_parse ] --START--
INFO: Run ParseTemplate Behavior [ RunTime:0.038909s ]
INFO: [ view_parse ] --END-- [ RunTime:0.039407s ]
INFO: [ view_filter ] --START--
INFO: Run ContentReplace Behavior [ RunTime:0.001906s ]
INFO: Run TokenBuild Behavior [ RunTime:0.002067s ]
INFO: Run WriteHtmlCache Behavior [ RunTime:0.001622s ]
INFO: Run ShowRuntime Behavior [ RunTime:0.002348s ]
INFO: [ view_filter ] --END-- [ RunTime:0.008909s ]
INFO: [ view_end ] --START--
INFO: Run ShowPageTrace Behavior [ RunTime:0.002568s ]
INFO: [ view_end ] --END-- [ RunTime:0.002906s ]

[ 2015-07-19T23:23:46+08:00 ] 127.0.0.1 /xin_gong/
INFO: [ app_begin ] --START--
INFO: Run ReadHtmlCache Behavior [ RunTime:0.002777s ]
INFO: [ app_begin ] --END-- [ RunTime:0.003167s ]
INFO: [ view_template ] --START--
INFO: Run LocationTemplate Behavior [ RunTime:0.003110s ]
INFO: [ view_template ] --END-- [ RunTime:0.003576s ]
INFO: [ view_parse ] --START--
INFO: Run ParseTemplate Behavior [ RunTime:0.030618s ]
INFO: [ view_parse ] --END-- [ RunTime:0.031082s ]
INFO: [ view_filter ] --START--
INFO: Run ContentReplace Behavior [ RunTime:0.001935s ]
INFO: Run TokenBuild Behavior [ RunTime:0.002037s ]
INFO: Run WriteHtmlCache Behavior [ RunTime:0.001668s ]
INFO: Run ShowRuntime Behavior [ RunTime:0.002592s ]
INFO: [ view_filter ] --END-- [ RunTime:0.009151s ]
INFO: [ view_end ] --START--
INFO: Run ShowPageTrace Behavior [ RunTime:0.002953s ]
INFO: [ view_end ] --END-- [ RunTime:0.003405s ]

[ 2015-07-19T23:25:04+08:00 ] 127.0.0.1 /xin_gong/
INFO: [ app_begin ] --START--
INFO: Run ReadHtmlCache Behavior [ RunTime:0.002816s ]
INFO: [ app_begin ] --END-- [ RunTime:0.003198s ]
INFO: [ view_template ] --START--
INFO: Run LocationTemplate Behavior [ RunTime:0.002531s ]
INFO: [ view_template ] --END-- [ RunTime:0.002928s ]
INFO: [ view_parse ] --START--
INFO: Run ParseTemplate Behavior [ RunTime:0.031139s ]
INFO: [ view_parse ] --END-- [ RunTime:0.031504s ]
INFO: [ view_filter ] --START--
INFO: Run ContentReplace Behavior [ RunTime:0.002000s ]
INFO: Run TokenBuild Behavior [ RunTime:0.002053s ]
INFO: Run WriteHtmlCache Behavior [ RunTime:0.001706s ]
INFO: Run ShowRuntime Behavior [ RunTime:0.002431s ]
INFO: [ view_filter ] --END-- [ RunTime:0.009094s ]
INFO: [ view_end ] --START--
INFO: Run ShowPageTrace Behavior [ RunTime:0.002649s ]
INFO: [ view_end ] --END-- [ RunTime:0.002962s ]

[ 2015-07-19T23:30:03+08:00 ] 127.0.0.1 /xin_gong/
INFO: [ app_begin ] --START--
INFO: Run ReadHtmlCache Behavior [ RunTime:0.003299s ]
INFO: [ app_begin ] --END-- [ RunTime:0.003704s ]
INFO: [ view_template ] --START--
INFO: Run LocationTemplate Behavior [ RunTime:0.003302s ]
INFO: [ view_template ] --END-- [ RunTime:0.003719s ]
INFO: [ view_parse ] --START--
INFO: Run ParseTemplate Behavior [ RunTime:0.029462s ]
INFO: [ view_parse ] --END-- [ RunTime:0.029829s ]
INFO: [ view_filter ] --START--
INFO: Run ContentReplace Behavior [ RunTime:0.002134s ]
INFO: Run TokenBuild Behavior [ RunTime:0.002249s ]
INFO: Run WriteHtmlCache Behavior [ RunTime:0.001938s ]
INFO: Run ShowRuntime Behavior [ RunTime:0.002692s ]
INFO: [ view_filter ] --END-- [ RunTime:0.010102s ]
INFO: [ view_end ] --START--
INFO: Run ShowPageTrace Behavior [ RunTime:0.002896s ]
INFO: [ view_end ] --END-- [ RunTime:0.003228s ]

[ 2015-07-19T23:32:03+08:00 ] 127.0.0.1 /xin_gong/
INFO: [ app_begin ] --START--
INFO: Run ReadHtmlCache Behavior [ RunTime:0.003176s ]
INFO: [ app_begin ] --END-- [ RunTime:0.003934s ]
INFO: [ view_template ] --START--
INFO: Run LocationTemplate Behavior [ RunTime:0.001900s ]
INFO: [ view_template ] --END-- [ RunTime:0.002280s ]
INFO: [ view_parse ] --START--
INFO: Run ParseTemplate Behavior [ RunTime:0.036312s ]
INFO: [ view_parse ] --END-- [ RunTime:0.036694s ]
INFO: [ view_filter ] --START--
INFO: Run ContentReplace Behavior [ RunTime:0.001920s ]
INFO: Run TokenBuild Behavior [ RunTime:0.002984s ]
INFO: Run WriteHtmlCache Behavior [ RunTime:0.001659s ]
INFO: Run ShowRuntime Behavior [ RunTime:0.002518s ]
INFO: [ view_filter ] --END-- [ RunTime:0.010477s ]
INFO: [ view_end ] --START--
INFO: Run ShowPageTrace Behavior [ RunTime:0.003661s ]
INFO: [ view_end ] --END-- [ RunTime:0.004118s ]

[ 2015-07-19T23:32:28+08:00 ] 127.0.0.1 /xin_gong/
INFO: [ app_begin ] --START--
INFO: Run ReadHtmlCache Behavior [ RunTime:0.003210s ]
INFO: [ app_begin ] --END-- [ RunTime:0.003592s ]
INFO: [ view_template ] --START--
INFO: Run LocationTemplate Behavior [ RunTime:0.003348s ]
INFO: [ view_template ] --END-- [ RunTime:0.003824s ]
INFO: [ view_parse ] --START--
INFO: Run ParseTemplate Behavior [ RunTime:0.029578s ]
INFO: [ view_parse ] --END-- [ RunTime:0.029952s ]
INFO: [ view_filter ] --START--
INFO: Run ContentReplace Behavior [ RunTime:0.002120s ]
INFO: Run TokenBuild Behavior [ RunTime:0.002467s ]
INFO: Run WriteHtmlCache Behavior [ RunTime:0.001675s ]
INFO: Run ShowRuntime Behavior [ RunTime:0.002527s ]
INFO: [ view_filter ] --END-- [ RunTime:0.009701s ]
INFO: [ view_end ] --START--
INFO: Run ShowPageTrace Behavior [ RunTime:0.002632s ]
INFO: [ view_end ] --END-- [ RunTime:0.002967s ]

[ 2015-07-19T23:35:02+08:00 ] 127.0.0.1 /xin_gong/
INFO: [ app_begin ] --START--
INFO: Run ReadHtmlCache Behavior [ RunTime:0.002847s ]
INFO: [ app_begin ] --END-- [ RunTime:0.003258s ]
INFO: [ view_template ] --START--
INFO: Run LocationTemplate Behavior [ RunTime:0.002665s ]
INFO: [ view_template ] --END-- [ RunTime:0.003056s ]
INFO: [ view_parse ] --START--
INFO: Run ParseTemplate Behavior [ RunTime:0.028969s ]
INFO: [ view_parse ] --END-- [ RunTime:0.029327s ]
INFO: [ view_filter ] --START--
INFO: Run ContentReplace Behavior [ RunTime:0.001982s ]
INFO: Run TokenBuild Behavior [ RunTime:0.002298s ]
INFO: Run WriteHtmlCache Behavior [ RunTime:0.001677s ]
INFO: Run ShowRuntime Behavior [ RunTime:0.002185s ]
INFO: [ view_filter ] --END-- [ RunTime:0.009290s ]
INFO: [ view_end ] --START--
INFO: Run ShowPageTrace Behavior [ RunTime:0.002303s ]
INFO: [ view_end ] --END-- [ RunTime:0.002606s ]

[ 2015-07-19T23:35:45+08:00 ] 127.0.0.1 /xin_gong/
INFO: [ app_begin ] --START--
INFO: Run ReadHtmlCache Behavior [ RunTime:0.003617s ]
INFO: [ app_begin ] --END-- [ RunTime:0.004022s ]
INFO: [ view_template ] --START--
INFO: Run LocationTemplate Behavior [ RunTime:0.002901s ]
INFO: [ view_template ] --END-- [ RunTime:0.003408s ]
INFO: [ view_parse ] --START--
INFO: Run ParseTemplate Behavior [ RunTime:0.042870s ]
INFO: [ view_parse ] --END-- [ RunTime:0.043388s ]
INFO: [ view_filter ] --START--
INFO: Run ContentReplace Behavior [ RunTime:0.002038s ]
INFO: Run TokenBuild Behavior [ RunTime:0.002104s ]
INFO: Run WriteHtmlCache Behavior [ RunTime:0.001701s ]
INFO: Run ShowRuntime Behavior [ RunTime:0.002479s ]
INFO: [ view_filter ] --END-- [ RunTime:0.009277s ]
INFO: [ view_end ] --START--
INFO: Run ShowPageTrace Behavior [ RunTime:0.002846s ]
INFO: [ view_end ] --END-- [ RunTime:0.003159s ]

[ 2015-07-19T23:45:50+08:00 ] 127.0.0.1 /xin_gong/
INFO: [ app_begin ] --START--
INFO: Run ReadHtmlCache Behavior [ RunTime:0.003097s ]
INFO: [ app_begin ] --END-- [ RunTime:0.003874s ]
INFO: [ view_template ] --START--
INFO: Run LocationTemplate Behavior [ RunTime:0.002860s ]
INFO: [ view_template ] --END-- [ RunTime:0.003214s ]
INFO: [ view_parse ] --START--
INFO: Run ParseTemplate Behavior [ RunTime:0.033039s ]
INFO: [ view_parse ] --END-- [ RunTime:0.033408s ]
INFO: [ view_filter ] --START--
INFO: Run ContentReplace Behavior [ RunTime:0.002063s ]
INFO: Run TokenBuild Behavior [ RunTime:0.002557s ]
INFO: Run WriteHtmlCache Behavior [ RunTime:0.002241s ]
INFO: Run ShowRuntime Behavior [ RunTime:0.003368s ]
INFO: [ view_filter ] --END-- [ RunTime:0.011678s ]
INFO: [ view_end ] --START--
INFO: Run ShowPageTrace Behavior [ RunTime:0.002719s ]
INFO: [ view_end ] --END-- [ RunTime:0.003228s ]

[ 2015-07-19T23:48:29+08:00 ] 127.0.0.1 /xin_gong/
INFO: [ app_begin ] --START--
INFO: Run ReadHtmlCache Behavior [ RunTime:0.002748s ]
INFO: [ app_begin ] --END-- [ RunTime:0.003176s ]
INFO: [ view_template ] --START--
INFO: Run LocationTemplate Behavior [ RunTime:0.002702s ]
INFO: [ view_template ] --END-- [ RunTime:0.003129s ]
INFO: [ view_parse ] --START--
INFO: Run ParseTemplate Behavior [ RunTime:0.030869s ]
INFO: [ view_parse ] --END-- [ RunTime:0.031238s ]
INFO: [ view_filter ] --START--
INFO: Run ContentReplace Behavior [ RunTime:0.002025s ]
INFO: Run TokenBuild Behavior [ RunTime:0.002197s ]
INFO: Run WriteHtmlCache Behavior [ RunTime:0.001623s ]
INFO: Run ShowRuntime Behavior [ RunTime:0.002306s ]
INFO: [ view_filter ] --END-- [ RunTime:0.009056s ]
INFO: [ view_end ] --START--
INFO: Run ShowPageTrace Behavior [ RunTime:0.002632s ]
INFO: [ view_end ] --END-- [ RunTime:0.002950s ]

[ 2015-07-19T23:49:55+08:00 ] 127.0.0.1 /xin_gong/
INFO: [ app_begin ] --START--
INFO: Run ReadHtmlCache Behavior [ RunTime:0.004565s ]
INFO: [ app_begin ] --END-- [ RunTime:0.005166s ]
INFO: [ view_template ] --START--
INFO: Run LocationTemplate Behavior [ RunTime:0.004614s ]
INFO: [ view_template ] --END-- [ RunTime:0.005400s ]
INFO: [ view_parse ] --START--
INFO: Run ParseTemplate Behavior [ RunTime:0.039393s ]
INFO: [ view_parse ] --END-- [ RunTime:0.039949s ]
INFO: [ view_filter ] --START--
INFO: Run ContentReplace Behavior [ RunTime:0.001969s ]
INFO: Run TokenBuild Behavior [ RunTime:0.002077s ]
INFO: Run WriteHtmlCache Behavior [ RunTime:0.001727s ]
INFO: Run ShowRuntime Behavior [ RunTime:0.002579s ]
INFO: [ view_filter ] --END-- [ RunTime:0.009288s ]
INFO: [ view_end ] --START--
INFO: Run ShowPageTrace Behavior [ RunTime:0.003603s ]
INFO: [ view_end ] --END-- [ RunTime:0.004011s ]

[ 2015-07-19T23:51:17+08:00 ] 127.0.0.1 /xin_gong/
INFO: [ app_begin ] --START--
INFO: Run ReadHtmlCache Behavior [ RunTime:0.002862s ]
INFO: [ app_begin ] --END-- [ RunTime:0.003260s ]
INFO: [ view_template ] --START--
INFO: Run LocationTemplate Behavior [ RunTime:0.003698s ]
INFO: [ view_template ] --END-- [ RunTime:0.004246s ]
INFO: [ view_parse ] --START--
INFO: Run ParseTemplate Behavior [ RunTime:0.032131s ]
INFO: [ view_parse ] --END-- [ RunTime:0.032538s ]
INFO: [ view_filter ] --START--
INFO: Run ContentReplace Behavior [ RunTime:0.002217s ]
INFO: Run TokenBuild Behavior [ RunTime:0.002176s ]
INFO: Run WriteHtmlCache Behavior [ RunTime:0.001714s ]
INFO: Run ShowRuntime Behavior [ RunTime:0.002470s ]
INFO: [ view_filter ] --END-- [ RunTime:0.009519s ]
INFO: [ view_end ] --START--
INFO: Run ShowPageTrace Behavior [ RunTime:0.004084s ]
INFO: [ view_end ] --END-- [ RunTime:0.004486s ]

[ 2015-07-19T23:56:52+08:00 ] 127.0.0.1 /xin_gong/
INFO: [ app_begin ] --START--
INFO: Run ReadHtmlCache Behavior [ RunTime:0.003687s ]
INFO: [ app_begin ] --END-- [ RunTime:0.004175s ]
INFO: [ view_template ] --START--
INFO: Run LocationTemplate Behavior [ RunTime:0.002867s ]
INFO: [ view_template ] --END-- [ RunTime:0.003286s ]
INFO: [ view_parse ] --START--
INFO: Run ParseTemplate Behavior [ RunTime:0.030219s ]
INFO: [ view_parse ] --END-- [ RunTime:0.030636s ]
INFO: [ view_filter ] --START--
INFO: Run ContentReplace Behavior [ RunTime:0.002236s ]
INFO: Run TokenBuild Behavior [ RunTime:0.002159s ]
INFO: Run WriteHtmlCache Behavior [ RunTime:0.001585s ]
INFO: Run ShowRuntime Behavior [ RunTime:0.002534s ]
INFO: [ view_filter ] --END-- [ RunTime:0.009429s ]
INFO: [ view_end ] --START--
INFO: Run ShowPageTrace Behavior [ RunTime:0.002556s ]
INFO: [ view_end ] --END-- [ RunTime:0.002879s ]

[ 2015-07-19T23:57:04+08:00 ] 127.0.0.1 /xin_gong/
INFO: [ app_begin ] --START--
INFO: Run ReadHtmlCache Behavior [ RunTime:0.002659s ]
INFO: [ app_begin ] --END-- [ RunTime:0.003207s ]
INFO: [ view_template ] --START--
INFO: Run LocationTemplate Behavior [ RunTime:0.001697s ]
INFO: [ view_template ] --END-- [ RunTime:0.002091s ]
INFO: [ view_parse ] --START--
INFO: Run ParseTemplate Behavior [ RunTime:0.029728s ]
INFO: [ view_parse ] --END-- [ RunTime:0.030125s ]
INFO: [ view_filter ] --START--
INFO: Run ContentReplace Behavior [ RunTime:0.001569s ]
INFO: Run TokenBuild Behavior [ RunTime:0.001758s ]
INFO: Run WriteHtmlCache Behavior [ RunTime:0.001391s ]
INFO: Run ShowRuntime Behavior [ RunTime:0.002407s ]
INFO: [ view_filter ] --END-- [ RunTime:0.008335s ]
INFO: [ view_end ] --START--
INFO: Run ShowPageTrace Behavior [ RunTime:0.002429s ]
INFO: [ view_end ] --END-- [ RunTime:0.002775s ]

[ 2015-07-19T23:57:29+08:00 ] 127.0.0.1 /xin_gong/
INFO: [ app_begin ] --START--
INFO: Run ReadHtmlCache Behavior [ RunTime:0.005464s ]
INFO: [ app_begin ] --END-- [ RunTime:0.006551s ]
INFO: [ view_template ] --START--
INFO: Run LocationTemplate Behavior [ RunTime:0.004576s ]
INFO: [ view_template ] --END-- [ RunTime:0.005388s ]
INFO: [ view_parse ] --START--
INFO: Run ParseTemplate Behavior [ RunTime:0.034465s ]
INFO: [ view_parse ] --END-- [ RunTime:0.034860s ]
INFO: [ view_filter ] --START--
INFO: Run ContentReplace Behavior [ RunTime:0.002140s ]
INFO: Run TokenBuild Behavior [ RunTime:0.002085s ]
INFO: Run WriteHtmlCache Behavior [ RunTime:0.001795s ]
INFO: Run ShowRuntime Behavior [ RunTime:0.002482s ]
INFO: [ view_filter ] --END-- [ RunTime:0.009499s ]
INFO: [ view_end ] --START--
INFO: Run ShowPageTrace Behavior [ RunTime:0.002691s ]
INFO: [ view_end ] --END-- [ RunTime:0.003037s ]

[ 2015-07-19T23:57:59+08:00 ] 127.0.0.1 /xin_gong/
INFO: [ app_begin ] --START--
INFO: Run ReadHtmlCache Behavior [ RunTime:0.003780s ]
INFO: [ app_begin ] --END-- [ RunTime:0.004381s ]
INFO: [ view_template ] --START--
INFO: Run LocationTemplate Behavior [ RunTime:0.002545s ]
INFO: [ view_template ] --END-- [ RunTime:0.002902s ]
INFO: [ view_parse ] --START--
INFO: Run ParseTemplate Behavior [ RunTime:0.035788s ]
INFO: [ view_parse ] --END-- [ RunTime:0.036265s ]
INFO: [ view_filter ] --START--
INFO: Run ContentReplace Behavior [ RunTime:0.001870s ]
INFO: Run TokenBuild Behavior [ RunTime:0.002345s ]
INFO: Run WriteHtmlCache Behavior [ RunTime:0.001919s ]
INFO: Run ShowRuntime Behavior [ RunTime:0.002587s ]
INFO: [ view_filter ] --END-- [ RunTime:0.009714s ]
INFO: [ view_end ] --START--
INFO: Run ShowPageTrace Behavior [ RunTime:0.002478s ]
INFO: [ view_end ] --END-- [ RunTime:0.002859s ]

