[ 2015-07-18T12:11:16+08:00 ] 0.0.0.0 /xin_gong/
INFO: [ app_begin ] --START--
INFO: Run ReadHtmlCache Behavior [ RunTime:0.004785s ]
INFO: [ app_begin ] --END-- [ RunTime:0.011524s ]
INFO: [ view_template ] --START--
INFO: Run LocationTemplate Behavior [ RunTime:0.004938s ]
INFO: [ view_template ] --END-- [ RunTime:0.005960s ]
INFO: [ view_parse ] --START--
INFO: Run ParseTemplate Behavior [ RunTime:0.093053s ]
INFO: [ view_parse ] --END-- [ RunTime:0.093611s ]
INFO: [ view_filter ] --START--
INFO: Run ContentReplace Behavior [ RunTime:0.002548s ]
INFO: Run TokenBuild Behavior [ RunTime:0.002487s ]
INFO: Run WriteHtmlCache Behavior [ RunTime:0.002234s ]
INFO: Run ShowRuntime Behavior [ RunTime:0.003655s ]
INFO: [ view_filter ] --END-- [ RunTime:0.011828s ]
INFO: [ view_end ] --START--
INFO: Run ShowPageTrace Behavior [ RunTime:0.003140s ]
INFO: [ view_end ] --END-- [ RunTime:0.003508s ]

[ 2015-07-18T12:13:04+08:00 ] 0.0.0.0 /xin_gong/
INFO: [ app_begin ] --START--
INFO: Run ReadHtmlCache Behavior [ RunTime:0.003562s ]
INFO: [ app_begin ] --END-- [ RunTime:0.004107s ]
INFO: [ view_template ] --START--
INFO: Run LocationTemplate Behavior [ RunTime:0.003163s ]
INFO: [ view_template ] --END-- [ RunTime:0.003731s ]
INFO: [ view_parse ] --START--
INFO: Run ParseTemplate Behavior [ RunTime:0.071169s ]
INFO: [ view_parse ] --END-- [ RunTime:0.071681s ]
INFO: [ view_filter ] --START--
INFO: Run ContentReplace Behavior [ RunTime:0.003384s ]
INFO: Run TokenBuild Behavior [ RunTime:0.002164s ]
INFO: Run WriteHtmlCache Behavior [ RunTime:0.001683s ]
INFO: Run ShowRuntime Behavior [ RunTime:0.002358s ]
INFO: [ view_filter ] --END-- [ RunTime:0.010755s ]
INFO: [ view_end ] --START--
INFO: Run ShowPageTrace Behavior [ RunTime:0.003967s ]
INFO: [ view_end ] --END-- [ RunTime:0.004446s ]

[ 2015-07-18T12:13:08+08:00 ] 0.0.0.0 /xin_gong/
INFO: [ app_begin ] --START--
INFO: Run ReadHtmlCache Behavior [ RunTime:0.003125s ]
INFO: [ app_begin ] --END-- [ RunTime:0.003623s ]
INFO: [ view_template ] --START--
INFO: Run LocationTemplate Behavior [ RunTime:0.001546s ]
INFO: [ view_template ] --END-- [ RunTime:0.001873s ]
INFO: [ view_parse ] --START--
INFO: Run ParseTemplate Behavior [ RunTime:0.026351s ]
INFO: [ view_parse ] --END-- [ RunTime:0.026718s ]
INFO: [ view_filter ] --START--
INFO: Run ContentReplace Behavior [ RunTime:0.001577s ]
INFO: Run TokenBuild Behavior [ RunTime:0.001471s ]
INFO: Run WriteHtmlCache Behavior [ RunTime:0.001071s ]
INFO: Run ShowRuntime Behavior [ RunTime:0.001887s ]
INFO: [ view_filter ] --END-- [ RunTime:0.006899s ]
INFO: [ view_end ] --START--
INFO: Run ShowPageTrace Behavior [ RunTime:0.002069s ]
INFO: [ view_end ] --END-- [ RunTime:0.002502s ]

[ 2015-07-18T12:14:02+08:00 ] 0.0.0.0 /xin_gong/
INFO: [ app_begin ] --START--
INFO: Run ReadHtmlCache Behavior [ RunTime:0.003154s ]
INFO: [ app_begin ] --END-- [ RunTime:0.004144s ]
INFO: [ view_template ] --START--
INFO: Run LocationTemplate Behavior [ RunTime:0.002061s ]
INFO: [ view_template ] --END-- [ RunTime:0.002557s ]
INFO: [ view_parse ] --START--
INFO: Run ParseTemplate Behavior [ RunTime:0.044563s ]
INFO: [ view_parse ] --END-- [ RunTime:0.045148s ]
INFO: [ view_filter ] --START--
INFO: Run ContentReplace Behavior [ RunTime:0.003071s ]
INFO: Run TokenBuild Behavior [ RunTime:0.002436s ]
INFO: Run WriteHtmlCache Behavior [ RunTime:0.001398s ]
INFO: Run ShowRuntime Behavior [ RunTime:0.003773s ]
INFO: [ view_filter ] --END-- [ RunTime:0.012255s ]
INFO: [ view_end ] --START--
INFO: Run ShowPageTrace Behavior [ RunTime:0.003174s ]
INFO: [ view_end ] --END-- [ RunTime:0.003707s ]

[ 2015-07-18T12:15:49+08:00 ] 0.0.0.0 /xin_gong/
INFO: [ app_begin ] --START--
INFO: Run ReadHtmlCache Behavior [ RunTime:0.004310s ]
INFO: [ app_begin ] --END-- [ RunTime:0.004965s ]
INFO: [ view_template ] --START--
INFO: Run LocationTemplate Behavior [ RunTime:0.004452s ]
INFO: [ view_template ] --END-- [ RunTime:0.005391s ]
INFO: [ view_parse ] --START--
INFO: Run ParseTemplate Behavior [ RunTime:0.059118s ]
INFO: [ view_parse ] --END-- [ RunTime:0.059617s ]
INFO: [ view_filter ] --START--
INFO: Run ContentReplace Behavior [ RunTime:0.002637s ]
INFO: Run TokenBuild Behavior [ RunTime:0.003158s ]
INFO: Run WriteHtmlCache Behavior [ RunTime:0.002680s ]
INFO: Run ShowRuntime Behavior [ RunTime:0.004636s ]
INFO: [ view_filter ] --END-- [ RunTime:0.014598s ]
INFO: [ view_end ] --START--
INFO: Run ShowPageTrace Behavior [ RunTime:0.003839s ]
INFO: [ view_end ] --END-- [ RunTime:0.004520s ]

[ 2015-07-18T12:19:44+08:00 ] 0.0.0.0 /xin_gong/
INFO: [ app_begin ] --START--
INFO: Run ReadHtmlCache Behavior [ RunTime:0.003391s ]
INFO: [ app_begin ] --END-- [ RunTime:0.003898s ]
INFO: [ view_template ] --START--
INFO: Run LocationTemplate Behavior [ RunTime:0.004197s ]
INFO: [ view_template ] --END-- [ RunTime:0.004570s ]
INFO: [ view_parse ] --START--
INFO: Run ParseTemplate Behavior [ RunTime:0.046373s ]
INFO: [ view_parse ] --END-- [ RunTime:0.046844s ]
INFO: [ view_filter ] --START--
INFO: Run ContentReplace Behavior [ RunTime:0.002325s ]
INFO: Run TokenBuild Behavior [ RunTime:0.002273s ]
INFO: Run WriteHtmlCache Behavior [ RunTime:0.001655s ]
INFO: Run ShowRuntime Behavior [ RunTime:0.002198s ]
INFO: [ view_filter ] --END-- [ RunTime:0.009496s ]
INFO: [ view_end ] --START--
INFO: Run ShowPageTrace Behavior [ RunTime:0.002801s ]
INFO: [ view_end ] --END-- [ RunTime:0.003130s ]

[ 2015-07-18T12:20:09+08:00 ] 0.0.0.0 /xin_gong/
INFO: [ app_begin ] --START--
INFO: Run ReadHtmlCache Behavior [ RunTime:0.003520s ]
INFO: [ app_begin ] --END-- [ RunTime:0.003950s ]
INFO: [ view_template ] --START--
INFO: Run LocationTemplate Behavior [ RunTime:0.003146s ]
INFO: [ view_template ] --END-- [ RunTime:0.003566s ]
INFO: [ view_parse ] --START--
INFO: Run ParseTemplate Behavior [ RunTime:0.032027s ]
INFO: [ view_parse ] --END-- [ RunTime:0.032390s ]
INFO: [ view_filter ] --START--
INFO: Run ContentReplace Behavior [ RunTime:0.001930s ]
INFO: Run TokenBuild Behavior [ RunTime:0.002145s ]
INFO: Run WriteHtmlCache Behavior [ RunTime:0.002024s ]
INFO: Run ShowRuntime Behavior [ RunTime:0.003994s ]
INFO: [ view_filter ] --END-- [ RunTime:0.011139s ]
INFO: [ view_end ] --START--
INFO: Run ShowPageTrace Behavior [ RunTime:0.002905s ]
INFO: [ view_end ] --END-- [ RunTime:0.003317s ]

[ 2015-07-18T12:20:58+08:00 ] 0.0.0.0 /xin_gong/
INFO: [ app_begin ] --START--
INFO: Run ReadHtmlCache Behavior [ RunTime:0.003055s ]
INFO: [ app_begin ] --END-- [ RunTime:0.003704s ]
INFO: [ view_template ] --START--
INFO: Run LocationTemplate Behavior [ RunTime:0.002458s ]
INFO: [ view_template ] --END-- [ RunTime:0.003082s ]
INFO: [ view_parse ] --START--
INFO: Run ParseTemplate Behavior [ RunTime:0.031881s ]
INFO: [ view_parse ] --END-- [ RunTime:0.032525s ]
INFO: [ view_filter ] --START--
INFO: Run ContentReplace Behavior [ RunTime:0.002551s ]
INFO: Run TokenBuild Behavior [ RunTime:0.001643s ]
INFO: Run WriteHtmlCache Behavior [ RunTime:0.001962s ]
INFO: Run ShowRuntime Behavior [ RunTime:0.003351s ]
INFO: [ view_filter ] --END-- [ RunTime:0.010786s ]
INFO: [ view_end ] --START--
INFO: Run ShowPageTrace Behavior [ RunTime:0.002317s ]
INFO: [ view_end ] --END-- [ RunTime:0.002749s ]

[ 2015-07-18T12:29:34+08:00 ] 0.0.0.0 /xin_gong/
INFO: [ app_begin ] --START--
INFO: Run ReadHtmlCache Behavior [ RunTime:0.003468s ]
INFO: [ app_begin ] --END-- [ RunTime:0.004211s ]
INFO: [ view_template ] --START--
INFO: Run LocationTemplate Behavior [ RunTime:0.003956s ]
INFO: [ view_template ] --END-- [ RunTime:0.004530s ]
INFO: [ view_parse ] --START--
INFO: Run ParseTemplate Behavior [ RunTime:0.034230s ]
INFO: [ view_parse ] --END-- [ RunTime:0.034776s ]
INFO: [ view_filter ] --START--
INFO: Run ContentReplace Behavior [ RunTime:0.002840s ]
INFO: Run TokenBuild Behavior [ RunTime:0.003449s ]
INFO: Run WriteHtmlCache Behavior [ RunTime:0.001715s ]
INFO: Run ShowRuntime Behavior [ RunTime:0.002555s ]
INFO: [ view_filter ] --END-- [ RunTime:0.011765s ]
INFO: [ view_end ] --START--
INFO: Run ShowPageTrace Behavior [ RunTime:0.002554s ]
INFO: [ view_end ] --END-- [ RunTime:0.002990s ]

[ 2015-07-18T12:29:44+08:00 ] 0.0.0.0 /xin_gong/
INFO: [ app_begin ] --START--
INFO: Run ReadHtmlCache Behavior [ RunTime:0.002726s ]
INFO: [ app_begin ] --END-- [ RunTime:0.003110s ]
INFO: [ view_template ] --START--
INFO: Run LocationTemplate Behavior [ RunTime:0.001692s ]
INFO: [ view_template ] --END-- [ RunTime:0.002125s ]
INFO: [ view_parse ] --START--
INFO: Run ParseTemplate Behavior [ RunTime:0.035254s ]
INFO: [ view_parse ] --END-- [ RunTime:0.035883s ]
INFO: [ view_filter ] --START--
INFO: Run ContentReplace Behavior [ RunTime:0.002362s ]
INFO: Run TokenBuild Behavior [ RunTime:0.003348s ]
INFO: Run WriteHtmlCache Behavior [ RunTime:0.001924s ]
INFO: Run ShowRuntime Behavior [ RunTime:0.002027s ]
INFO: [ view_filter ] --END-- [ RunTime:0.010849s ]
INFO: [ view_end ] --START--
INFO: Run ShowPageTrace Behavior [ RunTime:0.002438s ]
INFO: [ view_end ] --END-- [ RunTime:0.002777s ]

[ 2015-07-18T12:31:09+08:00 ] 0.0.0.0 /xin_gong/
INFO: [ app_begin ] --START--
INFO: Run ReadHtmlCache Behavior [ RunTime:0.005484s ]
INFO: [ app_begin ] --END-- [ RunTime:0.006105s ]
INFO: [ view_template ] --START--
INFO: Run LocationTemplate Behavior [ RunTime:0.004646s ]
INFO: [ view_template ] --END-- [ RunTime:0.005239s ]
INFO: [ view_parse ] --START--
INFO: Run ParseTemplate Behavior [ RunTime:0.067165s ]
INFO: [ view_parse ] --END-- [ RunTime:0.067739s ]
INFO: [ view_filter ] --START--
INFO: Run ContentReplace Behavior [ RunTime:0.002319s ]
INFO: Run TokenBuild Behavior [ RunTime:0.002728s ]
INFO: Run WriteHtmlCache Behavior [ RunTime:0.002072s ]
INFO: Run ShowRuntime Behavior [ RunTime:0.002716s ]
INFO: [ view_filter ] --END-- [ RunTime:0.010984s ]
INFO: [ view_end ] --START--
INFO: Run ShowPageTrace Behavior [ RunTime:0.002373s ]
INFO: [ view_end ] --END-- [ RunTime:0.002693s ]

[ 2015-07-18T12:32:03+08:00 ] 0.0.0.0 /xin_gong/
INFO: [ app_begin ] --START--
INFO: Run ReadHtmlCache Behavior [ RunTime:0.003304s ]
INFO: [ app_begin ] --END-- [ RunTime:0.003937s ]
INFO: [ view_template ] --START--
INFO: Run LocationTemplate Behavior [ RunTime:0.004186s ]
INFO: [ view_template ] --END-- [ RunTime:0.005365s ]
INFO: [ view_parse ] --START--
INFO: Run ParseTemplate Behavior [ RunTime:0.037996s ]
INFO: [ view_parse ] --END-- [ RunTime:0.038369s ]
INFO: [ view_filter ] --START--
INFO: Run ContentReplace Behavior [ RunTime:0.001989s ]
INFO: Run TokenBuild Behavior [ RunTime:0.001902s ]
INFO: Run WriteHtmlCache Behavior [ RunTime:0.002408s ]
INFO: Run ShowRuntime Behavior [ RunTime:0.003963s ]
INFO: [ view_filter ] --END-- [ RunTime:0.011809s ]
INFO: [ view_end ] --START--
INFO: Run ShowPageTrace Behavior [ RunTime:0.002745s ]
INFO: [ view_end ] --END-- [ RunTime:0.003100s ]

[ 2015-07-18T12:32:33+08:00 ] 0.0.0.0 /xin_gong/
INFO: [ app_begin ] --START--
INFO: Run ReadHtmlCache Behavior [ RunTime:0.007914s ]
INFO: [ app_begin ] --END-- [ RunTime:0.008580s ]
INFO: [ view_template ] --START--
INFO: Run LocationTemplate Behavior [ RunTime:0.005538s ]
INFO: [ view_template ] --END-- [ RunTime:0.008193s ]
INFO: [ view_parse ] --START--
INFO: Run ParseTemplate Behavior [ RunTime:0.048808s ]
INFO: [ view_parse ] --END-- [ RunTime:0.049939s ]
INFO: [ view_filter ] --START--
INFO: Run ContentReplace Behavior [ RunTime:0.002633s ]
INFO: Run TokenBuild Behavior [ RunTime:0.003410s ]
INFO: Run WriteHtmlCache Behavior [ RunTime:0.003746s ]
INFO: Run ShowRuntime Behavior [ RunTime:0.003351s ]
INFO: [ view_filter ] --END-- [ RunTime:0.014728s ]
INFO: [ view_end ] --START--
INFO: Run ShowPageTrace Behavior [ RunTime:0.003706s ]
INFO: [ view_end ] --END-- [ RunTime:0.005056s ]

[ 2015-07-18T12:33:46+08:00 ] 0.0.0.0 /xin_gong/
INFO: [ app_begin ] --START--
INFO: Run ReadHtmlCache Behavior [ RunTime:0.004955s ]
INFO: [ app_begin ] --END-- [ RunTime:0.005653s ]
INFO: [ view_template ] --START--
INFO: Run LocationTemplate Behavior [ RunTime:0.002756s ]
INFO: [ view_template ] --END-- [ RunTime:0.003727s ]
INFO: [ view_parse ] --START--
INFO: Run ParseTemplate Behavior [ RunTime:0.047791s ]
INFO: [ view_parse ] --END-- [ RunTime:0.050161s ]
INFO: [ view_filter ] --START--
INFO: Run ContentReplace Behavior [ RunTime:0.005455s ]
INFO: Run TokenBuild Behavior [ RunTime:0.004005s ]
INFO: Run WriteHtmlCache Behavior [ RunTime:0.001515s ]
INFO: Run ShowRuntime Behavior [ RunTime:0.002104s ]
INFO: [ view_filter ] --END-- [ RunTime:0.014485s ]
INFO: [ view_end ] --START--
INFO: Run ShowPageTrace Behavior [ RunTime:0.003012s ]
INFO: [ view_end ] --END-- [ RunTime:0.004044s ]

[ 2015-07-18T12:33:49+08:00 ] 0.0.0.0 /xin_gong/
INFO: [ app_begin ] --START--
INFO: Run ReadHtmlCache Behavior [ RunTime:0.001966s ]
INFO: [ app_begin ] --END-- [ RunTime:0.002316s ]
INFO: [ view_template ] --START--
INFO: Run LocationTemplate Behavior [ RunTime:0.001925s ]
INFO: [ view_template ] --END-- [ RunTime:0.002398s ]
INFO: [ view_parse ] --START--
INFO: Run ParseTemplate Behavior [ RunTime:0.028178s ]
INFO: [ view_parse ] --END-- [ RunTime:0.028583s ]
INFO: [ view_filter ] --START--
INFO: Run ContentReplace Behavior [ RunTime:0.002234s ]
INFO: Run TokenBuild Behavior [ RunTime:0.005176s ]
INFO: Run WriteHtmlCache Behavior [ RunTime:0.001734s ]
INFO: Run ShowRuntime Behavior [ RunTime:0.002018s ]
INFO: [ view_filter ] --END-- [ RunTime:0.012780s ]
INFO: [ view_end ] --START--
INFO: Run ShowPageTrace Behavior [ RunTime:0.002885s ]
INFO: [ view_end ] --END-- [ RunTime:0.003204s ]

[ 2015-07-18T12:33:52+08:00 ] 0.0.0.0 /xin_gong/
INFO: [ app_begin ] --START--
INFO: Run ReadHtmlCache Behavior [ RunTime:0.003100s ]
INFO: [ app_begin ] --END-- [ RunTime:0.003722s ]
INFO: [ view_template ] --START--
INFO: Run LocationTemplate Behavior [ RunTime:0.002466s ]
INFO: [ view_template ] --END-- [ RunTime:0.003021s ]
INFO: [ view_parse ] --START--
INFO: Run ParseTemplate Behavior [ RunTime:0.036273s ]
INFO: [ view_parse ] --END-- [ RunTime:0.036778s ]
INFO: [ view_filter ] --START--
INFO: Run ContentReplace Behavior [ RunTime:0.001834s ]
INFO: Run TokenBuild Behavior [ RunTime:0.001806s ]
INFO: Run WriteHtmlCache Behavior [ RunTime:0.001355s ]
INFO: Run ShowRuntime Behavior [ RunTime:0.002796s ]
INFO: [ view_filter ] --END-- [ RunTime:0.008900s ]
INFO: [ view_end ] --START--
INFO: Run ShowPageTrace Behavior [ RunTime:0.003854s ]
INFO: [ view_end ] --END-- [ RunTime:0.004273s ]

[ 2015-07-18T12:33:55+08:00 ] 0.0.0.0 /xin_gong/
INFO: [ app_begin ] --START--
INFO: Run ReadHtmlCache Behavior [ RunTime:0.002402s ]
INFO: [ app_begin ] --END-- [ RunTime:0.003019s ]
INFO: [ view_template ] --START--
INFO: Run LocationTemplate Behavior [ RunTime:0.002451s ]
INFO: [ view_template ] --END-- [ RunTime:0.003084s ]
INFO: [ view_parse ] --START--
INFO: Run ParseTemplate Behavior [ RunTime:0.030299s ]
INFO: [ view_parse ] --END-- [ RunTime:0.030836s ]
INFO: [ view_filter ] --START--
INFO: Run ContentReplace Behavior [ RunTime:0.001673s ]
INFO: Run TokenBuild Behavior [ RunTime:0.002037s ]
INFO: Run WriteHtmlCache Behavior [ RunTime:0.001359s ]
INFO: Run ShowRuntime Behavior [ RunTime:0.002834s ]
INFO: [ view_filter ] --END-- [ RunTime:0.009044s ]
INFO: [ view_end ] --START--
INFO: Run ShowPageTrace Behavior [ RunTime:0.002815s ]
INFO: [ view_end ] --END-- [ RunTime:0.003252s ]

[ 2015-07-18T12:33:57+08:00 ] 0.0.0.0 /xin_gong/
INFO: [ app_begin ] --START--
INFO: Run ReadHtmlCache Behavior [ RunTime:0.003411s ]
INFO: [ app_begin ] --END-- [ RunTime:0.004010s ]
INFO: [ view_template ] --START--
INFO: Run LocationTemplate Behavior [ RunTime:0.003369s ]
INFO: [ view_template ] --END-- [ RunTime:0.004014s ]
INFO: [ view_parse ] --START--
INFO: Run ParseTemplate Behavior [ RunTime:0.046966s ]
INFO: [ view_parse ] --END-- [ RunTime:0.047470s ]
INFO: [ view_filter ] --START--
INFO: Run ContentReplace Behavior [ RunTime:0.001553s ]
INFO: Run TokenBuild Behavior [ RunTime:0.002409s ]
INFO: Run WriteHtmlCache Behavior [ RunTime:0.001645s ]
INFO: Run ShowRuntime Behavior [ RunTime:0.003095s ]
INFO: [ view_filter ] --END-- [ RunTime:0.010194s ]
INFO: [ view_end ] --START--
INFO: Run ShowPageTrace Behavior [ RunTime:0.002158s ]
INFO: [ view_end ] --END-- [ RunTime:0.002487s ]

[ 2015-07-18T12:34:39+08:00 ] 0.0.0.0 /xin_gong/
INFO: [ app_begin ] --START--
INFO: Run ReadHtmlCache Behavior [ RunTime:0.004761s ]
INFO: [ app_begin ] --END-- [ RunTime:0.005332s ]
INFO: [ view_template ] --START--
INFO: Run LocationTemplate Behavior [ RunTime:0.002493s ]
INFO: [ view_template ] --END-- [ RunTime:0.002895s ]
INFO: [ view_parse ] --START--
INFO: Run ParseTemplate Behavior [ RunTime:0.045096s ]
INFO: [ view_parse ] --END-- [ RunTime:0.045462s ]
INFO: [ view_filter ] --START--
INFO: Run ContentReplace Behavior [ RunTime:0.002146s ]
INFO: Run TokenBuild Behavior [ RunTime:0.002328s ]
INFO: Run WriteHtmlCache Behavior [ RunTime:0.001795s ]
INFO: Run ShowRuntime Behavior [ RunTime:0.002588s ]
INFO: [ view_filter ] --END-- [ RunTime:0.010127s ]
INFO: [ view_end ] --START--
INFO: Run ShowPageTrace Behavior [ RunTime:0.002963s ]
INFO: [ view_end ] --END-- [ RunTime:0.003314s ]

[ 2015-07-18T12:37:36+08:00 ] 0.0.0.0 /xin_gong/
INFO: [ app_begin ] --START--
INFO: Run ReadHtmlCache Behavior [ RunTime:0.003793s ]
INFO: [ app_begin ] --END-- [ RunTime:0.004326s ]
INFO: [ view_template ] --START--
INFO: Run LocationTemplate Behavior [ RunTime:0.003386s ]
INFO: [ view_template ] --END-- [ RunTime:0.003858s ]
INFO: [ view_parse ] --START--
INFO: Run ParseTemplate Behavior [ RunTime:0.032006s ]
INFO: [ view_parse ] --END-- [ RunTime:0.032475s ]
INFO: [ view_filter ] --START--
INFO: Run ContentReplace Behavior [ RunTime:0.002064s ]
INFO: Run TokenBuild Behavior [ RunTime:0.002107s ]
INFO: Run WriteHtmlCache Behavior [ RunTime:0.002049s ]
INFO: Run ShowRuntime Behavior [ RunTime:0.002689s ]
INFO: [ view_filter ] --END-- [ RunTime:0.009903s ]
INFO: [ view_end ] --START--
INFO: Run ShowPageTrace Behavior [ RunTime:0.002956s ]
INFO: [ view_end ] --END-- [ RunTime:0.003353s ]

[ 2015-07-18T12:39:26+08:00 ] 0.0.0.0 /xin_gong/
INFO: [ app_begin ] --START--
INFO: Run ReadHtmlCache Behavior [ RunTime:0.003254s ]
INFO: [ app_begin ] --END-- [ RunTime:0.003937s ]
INFO: [ view_template ] --START--
INFO: Run LocationTemplate Behavior [ RunTime:0.002856s ]
INFO: [ view_template ] --END-- [ RunTime:0.003504s ]
INFO: [ view_parse ] --START--
INFO: Run ParseTemplate Behavior [ RunTime:0.057296s ]
INFO: [ view_parse ] --END-- [ RunTime:0.058014s ]
INFO: [ view_filter ] --START--
INFO: Run ContentReplace Behavior [ RunTime:0.002361s ]
INFO: Run TokenBuild Behavior [ RunTime:0.002029s ]
INFO: Run WriteHtmlCache Behavior [ RunTime:0.001608s ]
INFO: Run ShowRuntime Behavior [ RunTime:0.004280s ]
INFO: [ view_filter ] --END-- [ RunTime:0.011820s ]
INFO: [ view_end ] --START--
INFO: Run ShowPageTrace Behavior [ RunTime:0.003267s ]
INFO: [ view_end ] --END-- [ RunTime:0.003915s ]

[ 2015-07-18T12:39:30+08:00 ] 0.0.0.0 /xin_gong/
INFO: [ app_begin ] --START--
INFO: Run ReadHtmlCache Behavior [ RunTime:0.002834s ]
INFO: [ app_begin ] --END-- [ RunTime:0.003374s ]
INFO: [ view_template ] --START--
INFO: Run LocationTemplate Behavior [ RunTime:0.002214s ]
INFO: [ view_template ] --END-- [ RunTime:0.002698s ]
INFO: [ view_parse ] --START--
INFO: Run ParseTemplate Behavior [ RunTime:0.033284s ]
INFO: [ view_parse ] --END-- [ RunTime:0.033659s ]
INFO: [ view_filter ] --START--
INFO: Run ContentReplace Behavior [ RunTime:0.001901s ]
INFO: Run TokenBuild Behavior [ RunTime:0.001929s ]
INFO: Run WriteHtmlCache Behavior [ RunTime:0.001407s ]
INFO: Run ShowRuntime Behavior [ RunTime:0.002259s ]
INFO: [ view_filter ] --END-- [ RunTime:0.008637s ]
INFO: [ view_end ] --START--
INFO: Run ShowPageTrace Behavior [ RunTime:0.002635s ]
INFO: [ view_end ] --END-- [ RunTime:0.002964s ]

[ 2015-07-18T12:40:42+08:00 ] 0.0.0.0 /xin_gong/
INFO: [ app_begin ] --START--
INFO: Run ReadHtmlCache Behavior [ RunTime:0.003843s ]
INFO: [ app_begin ] --END-- [ RunTime:0.004338s ]
INFO: [ view_template ] --START--
INFO: Run LocationTemplate Behavior [ RunTime:0.003930s ]
INFO: [ view_template ] --END-- [ RunTime:0.004498s ]
INFO: [ view_parse ] --START--
INFO: Run ParseTemplate Behavior [ RunTime:0.036539s ]
INFO: [ view_parse ] --END-- [ RunTime:0.037159s ]
INFO: [ view_filter ] --START--
INFO: Run ContentReplace Behavior [ RunTime:0.002509s ]
INFO: Run TokenBuild Behavior [ RunTime:0.002191s ]
INFO: Run WriteHtmlCache Behavior [ RunTime:0.001905s ]
INFO: Run ShowRuntime Behavior [ RunTime:0.002822s ]
INFO: [ view_filter ] --END-- [ RunTime:0.010684s ]
INFO: [ view_end ] --START--
INFO: Run ShowPageTrace Behavior [ RunTime:0.002924s ]
INFO: [ view_end ] --END-- [ RunTime:0.003348s ]

[ 2015-07-18T12:43:38+08:00 ] 0.0.0.0 /xin_gong/
INFO: [ app_begin ] --START--
INFO: Run ReadHtmlCache Behavior [ RunTime:0.003073s ]
INFO: [ app_begin ] --END-- [ RunTime:0.003471s ]
INFO: [ view_template ] --START--
INFO: Run LocationTemplate Behavior [ RunTime:0.002690s ]
INFO: [ view_template ] --END-- [ RunTime:0.003170s ]
INFO: [ view_parse ] --START--
INFO: Run ParseTemplate Behavior [ RunTime:0.042526s ]
INFO: [ view_parse ] --END-- [ RunTime:0.042893s ]
INFO: [ view_filter ] --START--
INFO: Run ContentReplace Behavior [ RunTime:0.002519s ]
INFO: Run TokenBuild Behavior [ RunTime:0.002417s ]
INFO: Run WriteHtmlCache Behavior [ RunTime:0.001769s ]
INFO: Run ShowRuntime Behavior [ RunTime:0.002483s ]
INFO: [ view_filter ] --END-- [ RunTime:0.010466s ]
INFO: [ view_end ] --START--
INFO: Run ShowPageTrace Behavior [ RunTime:0.003696s ]
INFO: [ view_end ] --END-- [ RunTime:0.004128s ]

[ 2015-07-18T12:52:21+08:00 ] 0.0.0.0 /xin_gong/
INFO: [ app_begin ] --START--
INFO: Run ReadHtmlCache Behavior [ RunTime:0.004584s ]
INFO: [ app_begin ] --END-- [ RunTime:0.005720s ]
INFO: [ view_template ] --START--
INFO: Run LocationTemplate Behavior [ RunTime:0.007949s ]
INFO: [ view_template ] --END-- [ RunTime:0.008553s ]
INFO: [ view_parse ] --START--
INFO: Run ParseTemplate Behavior [ RunTime:0.052005s ]
INFO: [ view_parse ] --END-- [ RunTime:0.052583s ]
INFO: [ view_filter ] --START--
INFO: Run ContentReplace Behavior [ RunTime:0.002179s ]
INFO: Run TokenBuild Behavior [ RunTime:0.005521s ]
INFO: Run WriteHtmlCache Behavior [ RunTime:0.001951s ]
INFO: Run ShowRuntime Behavior [ RunTime:0.002207s ]
INFO: [ view_filter ] --END-- [ RunTime:0.013461s ]
INFO: [ view_end ] --START--
INFO: Run ShowPageTrace Behavior [ RunTime:0.002349s ]
INFO: [ view_end ] --END-- [ RunTime:0.002652s ]

[ 2015-07-18T14:40:55+08:00 ] 0.0.0.0 /xin_gong/
INFO: [ app_begin ] --START--
INFO: Run ReadHtmlCache Behavior [ RunTime:0.006056s ]
INFO: [ app_begin ] --END-- [ RunTime:0.006901s ]
INFO: [ view_template ] --START--
INFO: Run LocationTemplate Behavior [ RunTime:0.006129s ]
INFO: [ view_template ] --END-- [ RunTime:0.006795s ]
INFO: [ view_parse ] --START--
INFO: Run ParseTemplate Behavior [ RunTime:0.039591s ]
INFO: [ view_parse ] --END-- [ RunTime:0.046029s ]
INFO: [ view_filter ] --START--
INFO: Run ContentReplace Behavior [ RunTime:0.002281s ]
INFO: Run TokenBuild Behavior [ RunTime:0.001989s ]
INFO: Run WriteHtmlCache Behavior [ RunTime:0.001530s ]
INFO: Run ShowRuntime Behavior [ RunTime:0.002383s ]
INFO: [ view_filter ] --END-- [ RunTime:0.009182s ]
INFO: [ view_end ] --START--
INFO: Run ShowPageTrace Behavior [ RunTime:0.003533s ]
INFO: [ view_end ] --END-- [ RunTime:0.003982s ]

[ 2015-07-18T14:44:25+08:00 ] 0.0.0.0 /xin_gong/
INFO: [ app_begin ] --START--
INFO: Run ReadHtmlCache Behavior [ RunTime:0.008052s ]
INFO: [ app_begin ] --END-- [ RunTime:0.009479s ]
INFO: [ view_template ] --START--
INFO: Run LocationTemplate Behavior [ RunTime:0.007125s ]
INFO: [ view_template ] --END-- [ RunTime:0.007789s ]
INFO: [ view_parse ] --START--
INFO: Run ParseTemplate Behavior [ RunTime:0.043115s ]
INFO: [ view_parse ] --END-- [ RunTime:0.043662s ]
INFO: [ view_filter ] --START--
INFO: Run ContentReplace Behavior [ RunTime:0.003297s ]
INFO: Run TokenBuild Behavior [ RunTime:0.002116s ]
INFO: Run WriteHtmlCache Behavior [ RunTime:0.002303s ]
INFO: Run ShowRuntime Behavior [ RunTime:0.003927s ]
INFO: [ view_filter ] --END-- [ RunTime:0.013147s ]
INFO: [ view_end ] --START--
INFO: Run ShowPageTrace Behavior [ RunTime:0.005457s ]
INFO: [ view_end ] --END-- [ RunTime:0.006262s ]

[ 2015-07-18T14:49:16+08:00 ] 0.0.0.0 /xin_gong/
INFO: [ app_begin ] --START--
INFO: Run ReadHtmlCache Behavior [ RunTime:0.002858s ]
INFO: [ app_begin ] --END-- [ RunTime:0.003303s ]
INFO: [ view_template ] --START--
INFO: Run LocationTemplate Behavior [ RunTime:0.003803s ]
INFO: [ view_template ] --END-- [ RunTime:0.004205s ]
INFO: [ view_parse ] --START--
INFO: Run ParseTemplate Behavior [ RunTime:0.045232s ]
INFO: [ view_parse ] --END-- [ RunTime:0.045699s ]
INFO: [ view_filter ] --START--
INFO: Run ContentReplace Behavior [ RunTime:0.004885s ]
INFO: Run TokenBuild Behavior [ RunTime:0.002410s ]
INFO: Run WriteHtmlCache Behavior [ RunTime:0.001791s ]
INFO: Run ShowRuntime Behavior [ RunTime:0.002587s ]
INFO: [ view_filter ] --END-- [ RunTime:0.012986s ]
INFO: [ view_end ] --START--
INFO: Run ShowPageTrace Behavior [ RunTime:0.006392s ]
INFO: [ view_end ] --END-- [ RunTime:0.006854s ]

[ 2015-07-18T14:49:27+08:00 ] 0.0.0.0 /xin_gong/
INFO: [ app_begin ] --START--
INFO: Run ReadHtmlCache Behavior [ RunTime:0.003708s ]
INFO: [ app_begin ] --END-- [ RunTime:0.004905s ]
INFO: [ view_template ] --START--
INFO: Run LocationTemplate Behavior [ RunTime:0.002290s ]
INFO: [ view_template ] --END-- [ RunTime:0.002894s ]
INFO: [ view_parse ] --START--
INFO: Run ParseTemplate Behavior [ RunTime:0.042239s ]
INFO: [ view_parse ] --END-- [ RunTime:0.042816s ]
INFO: [ view_filter ] --START--
INFO: Run ContentReplace Behavior [ RunTime:0.002115s ]
INFO: Run TokenBuild Behavior [ RunTime:0.001619s ]
INFO: Run WriteHtmlCache Behavior [ RunTime:0.001277s ]
INFO: Run ShowRuntime Behavior [ RunTime:0.002551s ]
INFO: [ view_filter ] --END-- [ RunTime:0.008624s ]
INFO: [ view_end ] --START--
INFO: Run ShowPageTrace Behavior [ RunTime:0.006941s ]
INFO: [ view_end ] --END-- [ RunTime:0.007500s ]

[ 2015-07-18T14:54:39+08:00 ] 0.0.0.0 /xin_gong/
INFO: [ app_begin ] --START--
INFO: Run ReadHtmlCache Behavior [ RunTime:0.006826s ]
INFO: [ app_begin ] --END-- [ RunTime:0.007651s ]
INFO: [ view_template ] --START--
INFO: Run LocationTemplate Behavior [ RunTime:0.004016s ]
INFO: [ view_template ] --END-- [ RunTime:0.004787s ]
INFO: [ view_parse ] --START--
INFO: Run ParseTemplate Behavior [ RunTime:0.052093s ]
INFO: [ view_parse ] --END-- [ RunTime:0.052654s ]
INFO: [ view_filter ] --START--
INFO: Run ContentReplace Behavior [ RunTime:0.002545s ]
INFO: Run TokenBuild Behavior [ RunTime:0.004177s ]
INFO: Run WriteHtmlCache Behavior [ RunTime:0.003816s ]
INFO: Run ShowRuntime Behavior [ RunTime:0.003823s ]
INFO: [ view_filter ] --END-- [ RunTime:0.015911s ]
INFO: [ view_end ] --START--
INFO: Run ShowPageTrace Behavior [ RunTime:0.005138s ]
INFO: [ view_end ] --END-- [ RunTime:0.005714s ]

[ 2015-07-18T15:05:08+08:00 ] 0.0.0.0 /xin_gong/
INFO: [ app_begin ] --START--
INFO: Run ReadHtmlCache Behavior [ RunTime:0.002641s ]
INFO: [ app_begin ] --END-- [ RunTime:0.003029s ]
INFO: [ view_template ] --START--
INFO: Run LocationTemplate Behavior [ RunTime:0.003850s ]
INFO: [ view_template ] --END-- [ RunTime:0.004234s ]
INFO: [ view_parse ] --START--
INFO: Run ParseTemplate Behavior [ RunTime:0.035225s ]
INFO: [ view_parse ] --END-- [ RunTime:0.035620s ]
INFO: [ view_filter ] --START--
INFO: Run ContentReplace Behavior [ RunTime:0.002542s ]
INFO: Run TokenBuild Behavior [ RunTime:0.003649s ]
INFO: Run WriteHtmlCache Behavior [ RunTime:0.001770s ]
INFO: Run ShowRuntime Behavior [ RunTime:0.002571s ]
INFO: [ view_filter ] --END-- [ RunTime:0.012023s ]
INFO: [ view_end ] --START--
INFO: Run ShowPageTrace Behavior [ RunTime:0.002749s ]
INFO: [ view_end ] --END-- [ RunTime:0.003059s ]

[ 2015-07-18T15:12:33+08:00 ] 0.0.0.0 /xin_gong/
INFO: [ app_begin ] --START--
INFO: Run ReadHtmlCache Behavior [ RunTime:0.002690s ]
INFO: [ app_begin ] --END-- [ RunTime:0.003062s ]
INFO: [ view_template ] --START--
INFO: Run LocationTemplate Behavior [ RunTime:0.005031s ]
INFO: [ view_template ] --END-- [ RunTime:0.005543s ]
INFO: [ view_parse ] --START--
INFO: Run ParseTemplate Behavior [ RunTime:0.035405s ]
INFO: [ view_parse ] --END-- [ RunTime:0.035880s ]
INFO: [ view_filter ] --START--
INFO: Run ContentReplace Behavior [ RunTime:0.001747s ]
INFO: Run TokenBuild Behavior [ RunTime:0.001878s ]
INFO: Run WriteHtmlCache Behavior [ RunTime:0.001432s ]
INFO: Run ShowRuntime Behavior [ RunTime:0.003873s ]
INFO: [ view_filter ] --END-- [ RunTime:0.009829s ]
INFO: [ view_end ] --START--
INFO: Run ShowPageTrace Behavior [ RunTime:0.002495s ]
INFO: [ view_end ] --END-- [ RunTime:0.002812s ]

[ 2015-07-18T15:14:13+08:00 ] 0.0.0.0 /xin_gong/
INFO: [ app_begin ] --START--
INFO: Run ReadHtmlCache Behavior [ RunTime:0.002928s ]
INFO: [ app_begin ] --END-- [ RunTime:0.003352s ]
INFO: [ view_template ] --START--
INFO: Run LocationTemplate Behavior [ RunTime:0.003157s ]
INFO: [ view_template ] --END-- [ RunTime:0.003594s ]
INFO: [ view_parse ] --START--
INFO: Run ParseTemplate Behavior [ RunTime:0.031348s ]
INFO: [ view_parse ] --END-- [ RunTime:0.031850s ]
INFO: [ view_filter ] --START--
INFO: Run ContentReplace Behavior [ RunTime:0.005477s ]
INFO: Run TokenBuild Behavior [ RunTime:0.002028s ]
INFO: Run WriteHtmlCache Behavior [ RunTime:0.001439s ]
INFO: Run ShowRuntime Behavior [ RunTime:0.002328s ]
INFO: [ view_filter ] --END-- [ RunTime:0.012304s ]
INFO: [ view_end ] --START--
INFO: Run ShowPageTrace Behavior [ RunTime:0.003954s ]
INFO: [ view_end ] --END-- [ RunTime:0.004319s ]

[ 2015-07-18T15:14:33+08:00 ] 0.0.0.0 /xin_gong/
INFO: [ app_begin ] --START--
INFO: Run ReadHtmlCache Behavior [ RunTime:0.003454s ]
INFO: [ app_begin ] --END-- [ RunTime:0.004230s ]
INFO: [ view_template ] --START--
INFO: Run LocationTemplate Behavior [ RunTime:0.002434s ]
INFO: [ view_template ] --END-- [ RunTime:0.003026s ]
INFO: [ view_parse ] --START--
INFO: Run ParseTemplate Behavior [ RunTime:0.033188s ]
INFO: [ view_parse ] --END-- [ RunTime:0.033971s ]
INFO: [ view_filter ] --START--
INFO: Run ContentReplace Behavior [ RunTime:0.002786s ]
INFO: Run TokenBuild Behavior [ RunTime:0.002142s ]
INFO: Run WriteHtmlCache Behavior [ RunTime:0.001469s ]
INFO: Run ShowRuntime Behavior [ RunTime:0.002072s ]
INFO: [ view_filter ] --END-- [ RunTime:0.009638s ]
INFO: [ view_end ] --START--
INFO: Run ShowPageTrace Behavior [ RunTime:0.003478s ]
INFO: [ view_end ] --END-- [ RunTime:0.003959s ]

[ 2015-07-18T15:17:54+08:00 ] 0.0.0.0 /xin_gong/
INFO: [ app_begin ] --START--
INFO: Run ReadHtmlCache Behavior [ RunTime:0.003691s ]
INFO: [ app_begin ] --END-- [ RunTime:0.004204s ]
INFO: [ view_template ] --START--
INFO: Run LocationTemplate Behavior [ RunTime:0.004061s ]
INFO: [ view_template ] --END-- [ RunTime:0.004539s ]
INFO: [ view_parse ] --START--
INFO: Run ParseTemplate Behavior [ RunTime:0.036006s ]
INFO: [ view_parse ] --END-- [ RunTime:0.036471s ]
INFO: [ view_filter ] --START--
INFO: Run ContentReplace Behavior [ RunTime:0.002828s ]
INFO: Run TokenBuild Behavior [ RunTime:0.002733s ]
INFO: Run WriteHtmlCache Behavior [ RunTime:0.001900s ]
INFO: Run ShowRuntime Behavior [ RunTime:0.002666s ]
INFO: [ view_filter ] --END-- [ RunTime:0.011302s ]
INFO: [ view_end ] --START--
INFO: Run ShowPageTrace Behavior [ RunTime:0.002669s ]
INFO: [ view_end ] --END-- [ RunTime:0.003028s ]

[ 2015-07-18T15:20:51+08:00 ] 0.0.0.0 /xin_gong/
INFO: [ app_begin ] --START--
INFO: Run ReadHtmlCache Behavior [ RunTime:0.003382s ]
INFO: [ app_begin ] --END-- [ RunTime:0.003901s ]
INFO: [ view_template ] --START--
INFO: Run LocationTemplate Behavior [ RunTime:0.003055s ]
INFO: [ view_template ] --END-- [ RunTime:0.003419s ]
INFO: [ view_parse ] --START--
INFO: Run ParseTemplate Behavior [ RunTime:0.030313s ]
INFO: [ view_parse ] --END-- [ RunTime:0.030733s ]
INFO: [ view_filter ] --START--
INFO: Run ContentReplace Behavior [ RunTime:0.001872s ]
INFO: Run TokenBuild Behavior [ RunTime:0.002259s ]
INFO: Run WriteHtmlCache Behavior [ RunTime:0.001701s ]
INFO: Run ShowRuntime Behavior [ RunTime:0.002427s ]
INFO: [ view_filter ] --END-- [ RunTime:0.009186s ]
INFO: [ view_end ] --START--
INFO: Run ShowPageTrace Behavior [ RunTime:0.002871s ]
INFO: [ view_end ] --END-- [ RunTime:0.003240s ]

[ 2015-07-18T15:21:40+08:00 ] 0.0.0.0 /xin_gong/
INFO: [ app_begin ] --START--
INFO: Run ReadHtmlCache Behavior [ RunTime:0.002254s ]
INFO: [ app_begin ] --END-- [ RunTime:0.002643s ]
INFO: [ view_template ] --START--
INFO: Run LocationTemplate Behavior [ RunTime:0.002578s ]
INFO: [ view_template ] --END-- [ RunTime:0.003197s ]
INFO: [ view_parse ] --START--
INFO: Run ParseTemplate Behavior [ RunTime:0.033495s ]
INFO: [ view_parse ] --END-- [ RunTime:0.033974s ]
INFO: [ view_filter ] --START--
INFO: Run ContentReplace Behavior [ RunTime:0.003278s ]
INFO: Run TokenBuild Behavior [ RunTime:0.002436s ]
INFO: Run WriteHtmlCache Behavior [ RunTime:0.001206s ]
INFO: Run ShowRuntime Behavior [ RunTime:0.002367s ]
INFO: [ view_filter ] --END-- [ RunTime:0.010381s ]
INFO: [ view_end ] --START--
INFO: Run ShowPageTrace Behavior [ RunTime:0.002195s ]
INFO: [ view_end ] --END-- [ RunTime:0.002537s ]

[ 2015-07-18T15:31:20+08:00 ] 0.0.0.0 /xin_gong/
INFO: [ app_begin ] --START--
INFO: Run ReadHtmlCache Behavior [ RunTime:0.002619s ]
INFO: [ app_begin ] --END-- [ RunTime:0.003003s ]
INFO: [ view_template ] --START--
INFO: Run LocationTemplate Behavior [ RunTime:0.003250s ]
INFO: [ view_template ] --END-- [ RunTime:0.003967s ]
INFO: [ view_parse ] --START--
INFO: Run ParseTemplate Behavior [ RunTime:0.031657s ]
INFO: [ view_parse ] --END-- [ RunTime:0.032146s ]
INFO: [ view_filter ] --START--
INFO: Run ContentReplace Behavior [ RunTime:0.002067s ]
INFO: Run TokenBuild Behavior [ RunTime:0.002620s ]
INFO: Run WriteHtmlCache Behavior [ RunTime:0.001922s ]
INFO: Run ShowRuntime Behavior [ RunTime:0.003074s ]
INFO: [ view_filter ] --END-- [ RunTime:0.010897s ]
INFO: [ view_end ] --START--
INFO: Run ShowPageTrace Behavior [ RunTime:0.002482s ]
INFO: [ view_end ] --END-- [ RunTime:0.002798s ]

[ 2015-07-18T15:33:43+08:00 ] 0.0.0.0 /xin_gong/
INFO: [ app_begin ] --START--
INFO: Run ReadHtmlCache Behavior [ RunTime:0.002709s ]
INFO: [ app_begin ] --END-- [ RunTime:0.003098s ]
INFO: [ view_template ] --START--
INFO: Run LocationTemplate Behavior [ RunTime:0.008119s ]
INFO: [ view_template ] --END-- [ RunTime:0.008643s ]
INFO: [ view_parse ] --START--
INFO: Run ParseTemplate Behavior [ RunTime:0.043947s ]
INFO: [ view_parse ] --END-- [ RunTime:0.044511s ]
INFO: [ view_filter ] --START--
INFO: Run ContentReplace Behavior [ RunTime:0.002080s ]
INFO: Run TokenBuild Behavior [ RunTime:0.003068s ]
INFO: Run WriteHtmlCache Behavior [ RunTime:0.002282s ]
INFO: Run ShowRuntime Behavior [ RunTime:0.003073s ]
INFO: [ view_filter ] --END-- [ RunTime:0.011664s ]
INFO: [ view_end ] --START--
INFO: Run ShowPageTrace Behavior [ RunTime:0.002665s ]
INFO: [ view_end ] --END-- [ RunTime:0.003031s ]

[ 2015-07-18T15:34:09+08:00 ] 0.0.0.0 /xin_gong/
INFO: [ app_begin ] --START--
INFO: Run ReadHtmlCache Behavior [ RunTime:0.002945s ]
INFO: [ app_begin ] --END-- [ RunTime:0.003415s ]
INFO: [ view_template ] --START--
INFO: Run LocationTemplate Behavior [ RunTime:0.003016s ]
INFO: [ view_template ] --END-- [ RunTime:0.003385s ]
INFO: [ view_parse ] --START--
INFO: Run ParseTemplate Behavior [ RunTime:0.037970s ]
INFO: [ view_parse ] --END-- [ RunTime:0.038490s ]
INFO: [ view_filter ] --START--
INFO: Run ContentReplace Behavior [ RunTime:0.002104s ]
INFO: Run TokenBuild Behavior [ RunTime:0.001975s ]
INFO: Run WriteHtmlCache Behavior [ RunTime:0.001652s ]
INFO: Run ShowRuntime Behavior [ RunTime:0.002888s ]
INFO: [ view_filter ] --END-- [ RunTime:0.010019s ]
INFO: [ view_end ] --START--
INFO: Run ShowPageTrace Behavior [ RunTime:0.002896s ]
INFO: [ view_end ] --END-- [ RunTime:0.003340s ]

[ 2015-07-18T15:38:41+08:00 ] 0.0.0.0 /xin_gong/
INFO: [ app_begin ] --START--
INFO: Run ReadHtmlCache Behavior [ RunTime:0.006779s ]
INFO: [ app_begin ] --END-- [ RunTime:0.007314s ]
INFO: [ view_template ] --START--
INFO: Run LocationTemplate Behavior [ RunTime:0.003872s ]
INFO: [ view_template ] --END-- [ RunTime:0.004410s ]
INFO: [ view_parse ] --START--
INFO: Run ParseTemplate Behavior [ RunTime:0.038870s ]
INFO: [ view_parse ] --END-- [ RunTime:0.039245s ]
INFO: [ view_filter ] --START--
INFO: Run ContentReplace Behavior [ RunTime:0.002130s ]
INFO: Run TokenBuild Behavior [ RunTime:0.002657s ]
INFO: Run WriteHtmlCache Behavior [ RunTime:0.002151s ]
INFO: Run ShowRuntime Behavior [ RunTime:0.002403s ]
INFO: [ view_filter ] --END-- [ RunTime:0.010353s ]
INFO: [ view_end ] --START--
INFO: Run ShowPageTrace Behavior [ RunTime:0.002470s ]
INFO: [ view_end ] --END-- [ RunTime:0.002858s ]

[ 2015-07-18T15:39:20+08:00 ] 0.0.0.0 /xin_gong/
INFO: [ app_begin ] --START--
INFO: Run ReadHtmlCache Behavior [ RunTime:0.003895s ]
INFO: [ app_begin ] --END-- [ RunTime:0.004466s ]
INFO: [ view_template ] --START--
INFO: Run LocationTemplate Behavior [ RunTime:0.070761s ]
INFO: [ view_template ] --END-- [ RunTime:0.071245s ]
INFO: [ view_parse ] --START--
INFO: Run ParseTemplate Behavior [ RunTime:0.037408s ]
INFO: [ view_parse ] --END-- [ RunTime:0.037888s ]
INFO: [ view_filter ] --START--
INFO: Run ContentReplace Behavior [ RunTime:0.002797s ]
INFO: Run TokenBuild Behavior [ RunTime:0.002171s ]
INFO: Run WriteHtmlCache Behavior [ RunTime:0.001681s ]
INFO: Run ShowRuntime Behavior [ RunTime:0.002321s ]
INFO: [ view_filter ] --END-- [ RunTime:0.009997s ]
INFO: [ view_end ] --START--
INFO: Run ShowPageTrace Behavior [ RunTime:0.002599s ]
INFO: [ view_end ] --END-- [ RunTime:0.002927s ]

