[ 2015-07-24T11:42:25+08:00 ] 0.0.0.0 /xin_gong/
INFO: [ app_begin ] --START--
INFO: Run ReadHtmlCache Behavior [ RunTime:0.001590s ]
INFO: [ app_begin ] --END-- [ RunTime:0.013272s ]
INFO: [ view_template ] --START--
INFO: Run LocationTemplate Behavior [ RunTime:0.012330s ]
INFO: [ view_template ] --END-- [ RunTime:0.012473s ]
INFO: [ view_parse ] --START--
INFO: Run ParseTemplate Behavior [ RunTime:0.097109s ]
INFO: [ view_parse ] --END-- [ RunTime:0.097238s ]
INFO: [ view_filter ] --START--
INFO: Run ContentReplace Behavior [ RunTime:0.000742s ]
INFO: Run TokenBuild Behavior [ RunTime:0.012268s ]
INFO: Run WriteHtmlCache Behavior [ RunTime:0.000547s ]
INFO: Run ShowRuntime Behavior [ RunTime:0.000938s ]
INFO: [ view_filter ] --END-- [ RunTime:0.014808s ]
INFO: [ view_end ] --START--
INFO: Run ShowPageTrace Behavior [ RunTime:0.000906s ]
INFO: [ view_end ] --END-- [ RunTime:0.001041s ]

[ 2015-07-24T11:43:46+08:00 ] 0.0.0.0 /xin_gong/
INFO: [ app_begin ] --START--
INFO: Run ReadHtmlCache Behavior [ RunTime:0.002544s ]
INFO: [ app_begin ] --END-- [ RunTime:0.003079s ]
INFO: [ view_template ] --START--
INFO: Run LocationTemplate Behavior [ RunTime:0.002109s ]
INFO: [ view_template ] --END-- [ RunTime:0.002621s ]
INFO: [ view_parse ] --START--
INFO: Run ParseTemplate Behavior [ RunTime:0.036037s ]
INFO: [ view_parse ] --END-- [ RunTime:0.036544s ]
INFO: [ view_filter ] --START--
INFO: Run ContentReplace Behavior [ RunTime:0.001847s ]
INFO: Run TokenBuild Behavior [ RunTime:0.002644s ]
INFO: Run WriteHtmlCache Behavior [ RunTime:0.001229s ]
INFO: Run ShowRuntime Behavior [ RunTime:0.002091s ]
INFO: [ view_filter ] --END-- [ RunTime:0.008893s ]
INFO: [ view_end ] --START--
INFO: Run ShowPageTrace Behavior [ RunTime:0.002948s ]
INFO: [ view_end ] --END-- [ RunTime:0.003438s ]

[ 2015-07-24T11:46:47+08:00 ] 0.0.0.0 /xin_gong/
INFO: [ app_begin ] --START--
INFO: Run ReadHtmlCache Behavior [ RunTime:0.014045s ]
INFO: [ app_begin ] --END-- [ RunTime:0.014799s ]
INFO: [ view_template ] --START--
INFO: Run LocationTemplate Behavior [ RunTime:0.003437s ]
INFO: [ view_template ] --END-- [ RunTime:0.003970s ]
INFO: [ view_parse ] --START--
INFO: Run ParseTemplate Behavior [ RunTime:0.043761s ]
INFO: [ view_parse ] --END-- [ RunTime:0.044333s ]
INFO: [ view_filter ] --START--
INFO: Run ContentReplace Behavior [ RunTime:0.002746s ]
INFO: Run TokenBuild Behavior [ RunTime:0.002469s ]
INFO: Run WriteHtmlCache Behavior [ RunTime:0.002690s ]
INFO: Run ShowRuntime Behavior [ RunTime:0.003291s ]
INFO: [ view_filter ] --END-- [ RunTime:0.012513s ]
INFO: [ view_end ] --START--
INFO: Run ShowPageTrace Behavior [ RunTime:0.002681s ]
INFO: [ view_end ] --END-- [ RunTime:0.003065s ]

[ 2015-07-24T11:48:40+08:00 ] 0.0.0.0 /xin_gong/
INFO: [ app_begin ] --START--
INFO: Run ReadHtmlCache Behavior [ RunTime:0.002934s ]
INFO: [ app_begin ] --END-- [ RunTime:0.003309s ]
INFO: [ view_template ] --START--
INFO: Run LocationTemplate Behavior [ RunTime:0.003029s ]
INFO: [ view_template ] --END-- [ RunTime:0.003424s ]
INFO: [ view_parse ] --START--
INFO: Run ParseTemplate Behavior [ RunTime:0.046962s ]
INFO: [ view_parse ] --END-- [ RunTime:0.047472s ]
INFO: [ view_filter ] --START--
INFO: Run ContentReplace Behavior [ RunTime:0.002192s ]
INFO: Run TokenBuild Behavior [ RunTime:0.002414s ]
INFO: Run WriteHtmlCache Behavior [ RunTime:0.001624s ]
INFO: Run ShowRuntime Behavior [ RunTime:0.002688s ]
INFO: [ view_filter ] --END-- [ RunTime:0.009895s ]
INFO: [ view_end ] --START--
INFO: Run ShowPageTrace Behavior [ RunTime:0.002575s ]
INFO: [ view_end ] --END-- [ RunTime:0.002885s ]

[ 2015-07-24T11:49:30+08:00 ] 0.0.0.0 /xin_gong/
INFO: [ app_begin ] --START--
INFO: Run ReadHtmlCache Behavior [ RunTime:0.002266s ]
INFO: [ app_begin ] --END-- [ RunTime:0.002717s ]
INFO: [ view_template ] --START--
INFO: Run LocationTemplate Behavior [ RunTime:0.002285s ]
INFO: [ view_template ] --END-- [ RunTime:0.002700s ]
INFO: [ view_parse ] --START--
INFO: Run ParseTemplate Behavior [ RunTime:0.035235s ]
INFO: [ view_parse ] --END-- [ RunTime:0.035627s ]
INFO: [ view_filter ] --START--
INFO: Run ContentReplace Behavior [ RunTime:0.002130s ]
INFO: Run TokenBuild Behavior [ RunTime:0.001774s ]
INFO: Run WriteHtmlCache Behavior [ RunTime:0.001378s ]
INFO: Run ShowRuntime Behavior [ RunTime:0.002084s ]
INFO: [ view_filter ] --END-- [ RunTime:0.008262s ]
INFO: [ view_end ] --START--
INFO: Run ShowPageTrace Behavior [ RunTime:0.002757s ]
INFO: [ view_end ] --END-- [ RunTime:0.003076s ]

[ 2015-07-24T11:51:10+08:00 ] 0.0.0.0 /xin_gong/
INFO: [ app_begin ] --START--
INFO: Run ReadHtmlCache Behavior [ RunTime:0.033045s ]
INFO: [ app_begin ] --END-- [ RunTime:0.033705s ]
INFO: [ view_template ] --START--
INFO: Run LocationTemplate Behavior [ RunTime:0.003378s ]
INFO: [ view_template ] --END-- [ RunTime:0.003882s ]
INFO: [ view_parse ] --START--
INFO: Run ParseTemplate Behavior [ RunTime:0.037374s ]
INFO: [ view_parse ] --END-- [ RunTime:0.037738s ]
INFO: [ view_filter ] --START--
INFO: Run ContentReplace Behavior [ RunTime:0.002080s ]
INFO: Run TokenBuild Behavior [ RunTime:0.002187s ]
INFO: Run WriteHtmlCache Behavior [ RunTime:0.002149s ]
INFO: Run ShowRuntime Behavior [ RunTime:0.002397s ]
INFO: [ view_filter ] --END-- [ RunTime:0.009706s ]
INFO: [ view_end ] --START--
INFO: Run ShowPageTrace Behavior [ RunTime:0.002592s ]
INFO: [ view_end ] --END-- [ RunTime:0.002940s ]

[ 2015-07-24T11:54:31+08:00 ] 0.0.0.0 /xin_gong/
INFO: [ app_begin ] --START--
INFO: Run ReadHtmlCache Behavior [ RunTime:0.003271s ]
INFO: [ app_begin ] --END-- [ RunTime:0.003768s ]
INFO: [ view_template ] --START--
INFO: Run LocationTemplate Behavior [ RunTime:0.003009s ]
INFO: [ view_template ] --END-- [ RunTime:0.003483s ]
INFO: [ view_parse ] --START--
INFO: Run ParseTemplate Behavior [ RunTime:0.038399s ]
INFO: [ view_parse ] --END-- [ RunTime:0.038858s ]
INFO: [ view_filter ] --START--
INFO: Run ContentReplace Behavior [ RunTime:0.002098s ]
INFO: Run TokenBuild Behavior [ RunTime:0.003901s ]
INFO: Run WriteHtmlCache Behavior [ RunTime:0.002264s ]
INFO: Run ShowRuntime Behavior [ RunTime:0.002556s ]
INFO: [ view_filter ] --END-- [ RunTime:0.012026s ]
INFO: [ view_end ] --START--
INFO: Run ShowPageTrace Behavior [ RunTime:0.016541s ]
INFO: [ view_end ] --END-- [ RunTime:0.017048s ]

[ 2015-07-24T11:55:55+08:00 ] 0.0.0.0 /xin_gong/
INFO: [ app_begin ] --START--
INFO: Run ReadHtmlCache Behavior [ RunTime:0.002129s ]
INFO: [ app_begin ] --END-- [ RunTime:0.002541s ]
INFO: [ view_template ] --START--
INFO: Run LocationTemplate Behavior [ RunTime:0.002265s ]
INFO: [ view_template ] --END-- [ RunTime:0.002783s ]
INFO: [ view_parse ] --START--
INFO: Run ParseTemplate Behavior [ RunTime:0.090386s ]
INFO: [ view_parse ] --END-- [ RunTime:0.090805s ]
INFO: [ view_filter ] --START--
INFO: Run ContentReplace Behavior [ RunTime:0.002107s ]
INFO: Run TokenBuild Behavior [ RunTime:0.001800s ]
INFO: Run WriteHtmlCache Behavior [ RunTime:0.001334s ]
INFO: Run ShowRuntime Behavior [ RunTime:0.002114s ]
INFO: [ view_filter ] --END-- [ RunTime:0.008295s ]
INFO: [ view_end ] --START--
INFO: Run ShowPageTrace Behavior [ RunTime:0.002268s ]
INFO: [ view_end ] --END-- [ RunTime:0.002607s ]

[ 2015-07-24T12:05:56+08:00 ] 0.0.0.0 /xin_gong/
INFO: [ app_begin ] --START--
INFO: Run ReadHtmlCache Behavior [ RunTime:0.002763s ]
INFO: [ app_begin ] --END-- [ RunTime:0.003176s ]
INFO: [ view_template ] --START--
INFO: Run LocationTemplate Behavior [ RunTime:0.002995s ]
INFO: [ view_template ] --END-- [ RunTime:0.003412s ]
INFO: [ view_parse ] --START--
INFO: Run ParseTemplate Behavior [ RunTime:0.054949s ]
INFO: [ view_parse ] --END-- [ RunTime:0.055557s ]
INFO: [ view_filter ] --START--
INFO: Run ContentReplace Behavior [ RunTime:0.002477s ]
INFO: Run TokenBuild Behavior [ RunTime:0.002027s ]
INFO: Run WriteHtmlCache Behavior [ RunTime:0.001628s ]
INFO: Run ShowRuntime Behavior [ RunTime:0.002524s ]
INFO: [ view_filter ] --END-- [ RunTime:0.009883s ]
INFO: [ view_end ] --START--
INFO: Run ShowPageTrace Behavior [ RunTime:0.003577s ]
INFO: [ view_end ] --END-- [ RunTime:0.004054s ]

[ 2015-07-24T12:25:53+08:00 ] 0.0.0.0 /xin_gong/
INFO: [ app_begin ] --START--
INFO: Run ReadHtmlCache Behavior [ RunTime:0.004623s ]
INFO: [ app_begin ] --END-- [ RunTime:0.005440s ]
INFO: [ view_template ] --START--
INFO: Run LocationTemplate Behavior [ RunTime:0.002886s ]
INFO: [ view_template ] --END-- [ RunTime:0.003373s ]
INFO: [ view_parse ] --START--
INFO: Run ParseTemplate Behavior [ RunTime:0.050032s ]
INFO: [ view_parse ] --END-- [ RunTime:0.050454s ]
INFO: [ view_filter ] --START--
INFO: Run ContentReplace Behavior [ RunTime:0.002004s ]
INFO: Run TokenBuild Behavior [ RunTime:0.002600s ]
INFO: Run WriteHtmlCache Behavior [ RunTime:0.001945s ]
INFO: Run ShowRuntime Behavior [ RunTime:0.002945s ]
INFO: [ view_filter ] --END-- [ RunTime:0.010656s ]
INFO: [ view_end ] --START--
INFO: Run ShowPageTrace Behavior [ RunTime:0.002590s ]
INFO: [ view_end ] --END-- [ RunTime:0.002935s ]

[ 2015-07-24T12:27:14+08:00 ] 0.0.0.0 /xin_gong/
INFO: [ app_begin ] --START--
INFO: Run ReadHtmlCache Behavior [ RunTime:0.004518s ]
INFO: [ app_begin ] --END-- [ RunTime:0.005173s ]
INFO: [ view_template ] --START--
INFO: Run LocationTemplate Behavior [ RunTime:0.002930s ]
INFO: [ view_template ] --END-- [ RunTime:0.003306s ]
INFO: [ view_parse ] --START--
INFO: Run ParseTemplate Behavior [ RunTime:0.042099s ]
INFO: [ view_parse ] --END-- [ RunTime:0.042630s ]
INFO: [ view_filter ] --START--
INFO: Run ContentReplace Behavior [ RunTime:0.002266s ]
INFO: Run TokenBuild Behavior [ RunTime:0.002194s ]
INFO: Run WriteHtmlCache Behavior [ RunTime:0.001692s ]
INFO: Run ShowRuntime Behavior [ RunTime:0.002524s ]
INFO: [ view_filter ] --END-- [ RunTime:0.009620s ]
INFO: [ view_end ] --START--
INFO: Run ShowPageTrace Behavior [ RunTime:0.002462s ]
INFO: [ view_end ] --END-- [ RunTime:0.002797s ]

[ 2015-07-24T12:28:01+08:00 ] 0.0.0.0 /xin_gong/
INFO: [ app_begin ] --START--
INFO: Run ReadHtmlCache Behavior [ RunTime:0.005622s ]
INFO: [ app_begin ] --END-- [ RunTime:0.006219s ]
INFO: [ view_template ] --START--
INFO: Run LocationTemplate Behavior [ RunTime:0.002680s ]
INFO: [ view_template ] --END-- [ RunTime:0.003255s ]
INFO: [ view_parse ] --START--
INFO: Run ParseTemplate Behavior [ RunTime:0.040194s ]
INFO: [ view_parse ] --END-- [ RunTime:0.040683s ]
INFO: [ view_filter ] --START--
INFO: Run ContentReplace Behavior [ RunTime:0.001990s ]
INFO: Run TokenBuild Behavior [ RunTime:0.001858s ]
INFO: Run WriteHtmlCache Behavior [ RunTime:0.002160s ]
INFO: Run ShowRuntime Behavior [ RunTime:0.002988s ]
INFO: [ view_filter ] --END-- [ RunTime:0.010538s ]
INFO: [ view_end ] --START--
INFO: Run ShowPageTrace Behavior [ RunTime:0.004654s ]
INFO: [ view_end ] --END-- [ RunTime:0.005780s ]

[ 2015-07-24T12:31:48+08:00 ] 0.0.0.0 /xin_gong/
INFO: [ app_begin ] --START--
INFO: Run ReadHtmlCache Behavior [ RunTime:0.002824s ]
INFO: [ app_begin ] --END-- [ RunTime:0.003197s ]
INFO: [ view_template ] --START--
INFO: Run LocationTemplate Behavior [ RunTime:0.003641s ]
INFO: [ view_template ] --END-- [ RunTime:0.004058s ]
INFO: [ view_parse ] --START--
INFO: Run ParseTemplate Behavior [ RunTime:0.034883s ]
INFO: [ view_parse ] --END-- [ RunTime:0.035346s ]
INFO: [ view_filter ] --START--
INFO: Run ContentReplace Behavior [ RunTime:0.002056s ]
INFO: Run TokenBuild Behavior [ RunTime:0.001909s ]
INFO: Run WriteHtmlCache Behavior [ RunTime:0.001517s ]
INFO: Run ShowRuntime Behavior [ RunTime:0.004543s ]
INFO: [ view_filter ] --END-- [ RunTime:0.011067s ]
INFO: [ view_end ] --START--
INFO: Run ShowPageTrace Behavior [ RunTime:0.002555s ]
INFO: [ view_end ] --END-- [ RunTime:0.002871s ]

[ 2015-07-24T12:32:28+08:00 ] 0.0.0.0 /xin_gong/
INFO: [ app_begin ] --START--
INFO: Run ReadHtmlCache Behavior [ RunTime:0.002683s ]
INFO: [ app_begin ] --END-- [ RunTime:0.003251s ]
INFO: [ view_template ] --START--
INFO: Run LocationTemplate Behavior [ RunTime:0.003079s ]
INFO: [ view_template ] --END-- [ RunTime:0.003650s ]
INFO: [ view_parse ] --START--
INFO: Run ParseTemplate Behavior [ RunTime:0.053087s ]
INFO: [ view_parse ] --END-- [ RunTime:0.053842s ]
INFO: [ view_filter ] --START--
INFO: Run ContentReplace Behavior [ RunTime:0.003950s ]
INFO: Run TokenBuild Behavior [ RunTime:0.002354s ]
INFO: Run WriteHtmlCache Behavior [ RunTime:0.001700s ]
INFO: Run ShowRuntime Behavior [ RunTime:0.002748s ]
INFO: [ view_filter ] --END-- [ RunTime:0.011869s ]
INFO: [ view_end ] --START--
INFO: Run ShowPageTrace Behavior [ RunTime:0.002696s ]
INFO: [ view_end ] --END-- [ RunTime:0.003027s ]

[ 2015-07-24T12:44:36+08:00 ] 0.0.0.0 /xin_gong/
INFO: [ app_begin ] --START--
INFO: Run ReadHtmlCache Behavior [ RunTime:0.003626s ]
INFO: [ app_begin ] --END-- [ RunTime:0.004166s ]
INFO: [ view_template ] --START--
INFO: Run LocationTemplate Behavior [ RunTime:0.004303s ]
INFO: [ view_template ] --END-- [ RunTime:0.005031s ]
INFO: [ view_parse ] --START--
INFO: Run ParseTemplate Behavior [ RunTime:0.062025s ]
INFO: [ view_parse ] --END-- [ RunTime:0.062622s ]
INFO: [ view_filter ] --START--
INFO: Run ContentReplace Behavior [ RunTime:0.002568s ]
INFO: Run TokenBuild Behavior [ RunTime:0.002469s ]
INFO: Run WriteHtmlCache Behavior [ RunTime:0.001784s ]
INFO: Run ShowRuntime Behavior [ RunTime:0.002598s ]
INFO: [ view_filter ] --END-- [ RunTime:0.010446s ]
INFO: [ view_end ] --START--
INFO: Run ShowPageTrace Behavior [ RunTime:0.004080s ]
INFO: [ view_end ] --END-- [ RunTime:0.004920s ]

[ 2015-07-24T12:45:46+08:00 ] 0.0.0.0 /xin_gong/
INFO: [ app_begin ] --START--
INFO: Run ReadHtmlCache Behavior [ RunTime:0.005494s ]
INFO: [ app_begin ] --END-- [ RunTime:0.006140s ]
INFO: [ view_template ] --START--
INFO: Run LocationTemplate Behavior [ RunTime:0.004473s ]
INFO: [ view_template ] --END-- [ RunTime:0.005367s ]
INFO: [ view_parse ] --START--
INFO: Run ParseTemplate Behavior [ RunTime:0.102371s ]
INFO: [ view_parse ] --END-- [ RunTime:0.103192s ]
INFO: [ view_filter ] --START--
INFO: Run ContentReplace Behavior [ RunTime:0.002316s ]
INFO: Run TokenBuild Behavior [ RunTime:0.005654s ]
INFO: Run WriteHtmlCache Behavior [ RunTime:0.002023s ]
INFO: Run ShowRuntime Behavior [ RunTime:0.004119s ]
INFO: [ view_filter ] --END-- [ RunTime:0.015602s ]
INFO: [ view_end ] --START--
INFO: Run ShowPageTrace Behavior [ RunTime:0.005516s ]
INFO: [ view_end ] --END-- [ RunTime:0.006101s ]

[ 2015-07-24T12:55:09+08:00 ] 0.0.0.0 /xin_gong/
INFO: [ app_begin ] --START--
INFO: Run ReadHtmlCache Behavior [ RunTime:0.006048s ]
INFO: [ app_begin ] --END-- [ RunTime:0.006675s ]
INFO: [ view_template ] --START--
INFO: Run LocationTemplate Behavior [ RunTime:0.002913s ]
INFO: [ view_template ] --END-- [ RunTime:0.003301s ]
INFO: [ view_parse ] --START--
INFO: Run ParseTemplate Behavior [ RunTime:0.039911s ]
INFO: [ view_parse ] --END-- [ RunTime:0.040575s ]
INFO: [ view_filter ] --START--
INFO: Run ContentReplace Behavior [ RunTime:0.002657s ]
INFO: Run TokenBuild Behavior [ RunTime:0.002127s ]
INFO: Run WriteHtmlCache Behavior [ RunTime:0.002556s ]
INFO: Run ShowRuntime Behavior [ RunTime:0.002360s ]
INFO: [ view_filter ] --END-- [ RunTime:0.010802s ]
INFO: [ view_end ] --START--
INFO: Run ShowPageTrace Behavior [ RunTime:0.003592s ]
INFO: [ view_end ] --END-- [ RunTime:0.004074s ]

[ 2015-07-24T12:56:25+08:00 ] 0.0.0.0 /xin_gong/
INFO: [ app_begin ] --START--
INFO: Run ReadHtmlCache Behavior [ RunTime:0.003456s ]
INFO: [ app_begin ] --END-- [ RunTime:0.004327s ]
INFO: [ view_template ] --START--
INFO: Run LocationTemplate Behavior [ RunTime:0.002399s ]
INFO: [ view_template ] --END-- [ RunTime:0.003053s ]
INFO: [ view_parse ] --START--
INFO: Run ParseTemplate Behavior [ RunTime:0.049760s ]
INFO: [ view_parse ] --END-- [ RunTime:0.050421s ]
INFO: [ view_filter ] --START--
INFO: Run ContentReplace Behavior [ RunTime:0.003060s ]
INFO: Run TokenBuild Behavior [ RunTime:0.002454s ]
INFO: Run WriteHtmlCache Behavior [ RunTime:0.001232s ]
INFO: Run ShowRuntime Behavior [ RunTime:0.002995s ]
INFO: [ view_filter ] --END-- [ RunTime:0.011387s ]
INFO: [ view_end ] --START--
INFO: Run ShowPageTrace Behavior [ RunTime:0.003217s ]
INFO: [ view_end ] --END-- [ RunTime:0.003707s ]

[ 2015-07-24T20:19:05+08:00 ] 0.0.0.0 /xin_gong/
INFO: [ app_begin ] --START--
INFO: Run ReadHtmlCache Behavior [ RunTime:0.006088s ]
INFO: [ app_begin ] --END-- [ RunTime:0.006786s ]
INFO: [ view_template ] --START--
INFO: Run LocationTemplate Behavior [ RunTime:0.003465s ]
INFO: [ view_template ] --END-- [ RunTime:0.004077s ]
INFO: [ view_parse ] --START--
INFO: Run ParseTemplate Behavior [ RunTime:0.049007s ]
INFO: [ view_parse ] --END-- [ RunTime:0.049450s ]
INFO: [ view_filter ] --START--
INFO: Run ContentReplace Behavior [ RunTime:0.002424s ]
INFO: Run TokenBuild Behavior [ RunTime:0.002960s ]
INFO: Run WriteHtmlCache Behavior [ RunTime:0.001679s ]
INFO: Run ShowRuntime Behavior [ RunTime:0.003242s ]
INFO: [ view_filter ] --END-- [ RunTime:0.011288s ]
INFO: [ view_end ] --START--
INFO: Run ShowPageTrace Behavior [ RunTime:0.003621s ]
INFO: [ view_end ] --END-- [ RunTime:0.004096s ]

[ 2015-07-24T20:20:08+08:00 ] 0.0.0.0 /xin_gong/
INFO: [ app_begin ] --START--
INFO: Run ReadHtmlCache Behavior [ RunTime:0.002504s ]
INFO: [ app_begin ] --END-- [ RunTime:0.003087s ]
INFO: [ view_template ] --START--
INFO: Run LocationTemplate Behavior [ RunTime:0.002460s ]
INFO: [ view_template ] --END-- [ RunTime:0.003225s ]
INFO: [ view_parse ] --START--
INFO: Run ParseTemplate Behavior [ RunTime:0.036742s ]
INFO: [ view_parse ] --END-- [ RunTime:0.037282s ]
INFO: [ view_filter ] --START--
INFO: Run ContentReplace Behavior [ RunTime:0.001850s ]
INFO: Run TokenBuild Behavior [ RunTime:0.001813s ]
INFO: Run WriteHtmlCache Behavior [ RunTime:0.001324s ]
INFO: Run ShowRuntime Behavior [ RunTime:0.002530s ]
INFO: [ view_filter ] --END-- [ RunTime:0.008461s ]
INFO: [ view_end ] --START--
INFO: Run ShowPageTrace Behavior [ RunTime:0.002716s ]
INFO: [ view_end ] --END-- [ RunTime:0.003440s ]

[ 2015-07-24T20:21:00+08:00 ] 0.0.0.0 /xin_gong/
INFO: [ app_begin ] --START--
INFO: Run ReadHtmlCache Behavior [ RunTime:0.003099s ]
INFO: [ app_begin ] --END-- [ RunTime:0.003728s ]
INFO: [ view_template ] --START--
INFO: Run LocationTemplate Behavior [ RunTime:0.002807s ]
INFO: [ view_template ] --END-- [ RunTime:0.003285s ]
INFO: [ view_parse ] --START--
INFO: Run ParseTemplate Behavior [ RunTime:0.041948s ]
INFO: [ view_parse ] --END-- [ RunTime:0.042381s ]
INFO: [ view_filter ] --START--
INFO: Run ContentReplace Behavior [ RunTime:0.003268s ]
INFO: Run TokenBuild Behavior [ RunTime:0.002154s ]
INFO: Run WriteHtmlCache Behavior [ RunTime:0.001696s ]
INFO: Run ShowRuntime Behavior [ RunTime:0.002548s ]
INFO: [ view_filter ] --END-- [ RunTime:0.010657s ]
INFO: [ view_end ] --START--
INFO: Run ShowPageTrace Behavior [ RunTime:0.002862s ]
INFO: [ view_end ] --END-- [ RunTime:0.003233s ]

[ 2015-07-24T20:22:05+08:00 ] 0.0.0.0 /xin_gong/
INFO: [ app_begin ] --START--
INFO: Run ReadHtmlCache Behavior [ RunTime:0.003118s ]
INFO: [ app_begin ] --END-- [ RunTime:0.003603s ]
INFO: [ view_template ] --START--
INFO: Run LocationTemplate Behavior [ RunTime:0.003728s ]
INFO: [ view_template ] --END-- [ RunTime:0.004387s ]
INFO: [ view_parse ] --START--
INFO: Run ParseTemplate Behavior [ RunTime:0.044657s ]
INFO: [ view_parse ] --END-- [ RunTime:0.045118s ]
INFO: [ view_filter ] --START--
INFO: Run ContentReplace Behavior [ RunTime:0.002678s ]
INFO: Run TokenBuild Behavior [ RunTime:0.002595s ]
INFO: Run WriteHtmlCache Behavior [ RunTime:0.002124s ]
INFO: Run ShowRuntime Behavior [ RunTime:0.002867s ]
INFO: [ view_filter ] --END-- [ RunTime:0.011505s ]
INFO: [ view_end ] --START--
INFO: Run ShowPageTrace Behavior [ RunTime:0.003767s ]
INFO: [ view_end ] --END-- [ RunTime:0.004243s ]

[ 2015-07-24T20:22:27+08:00 ] 0.0.0.0 /xin_gong/
INFO: [ app_begin ] --START--
INFO: Run ReadHtmlCache Behavior [ RunTime:0.002807s ]
INFO: [ app_begin ] --END-- [ RunTime:0.003370s ]
INFO: [ view_template ] --START--
INFO: Run LocationTemplate Behavior [ RunTime:0.003704s ]
INFO: [ view_template ] --END-- [ RunTime:0.004241s ]
INFO: [ view_parse ] --START--
INFO: Run ParseTemplate Behavior [ RunTime:0.044725s ]
INFO: [ view_parse ] --END-- [ RunTime:0.045148s ]
INFO: [ view_filter ] --START--
INFO: Run ContentReplace Behavior [ RunTime:0.002074s ]
INFO: Run TokenBuild Behavior [ RunTime:0.002112s ]
INFO: Run WriteHtmlCache Behavior [ RunTime:0.001674s ]
INFO: Run ShowRuntime Behavior [ RunTime:0.002389s ]
INFO: [ view_filter ] --END-- [ RunTime:0.009120s ]
INFO: [ view_end ] --START--
INFO: Run ShowPageTrace Behavior [ RunTime:0.002514s ]
INFO: [ view_end ] --END-- [ RunTime:0.002889s ]

[ 2015-07-24T20:23:24+08:00 ] 0.0.0.0 /xin_gong/
INFO: [ app_begin ] --START--
INFO: Run ReadHtmlCache Behavior [ RunTime:0.003169s ]
INFO: [ app_begin ] --END-- [ RunTime:0.003764s ]
INFO: [ view_template ] --START--
INFO: Run LocationTemplate Behavior [ RunTime:0.003452s ]
INFO: [ view_template ] --END-- [ RunTime:0.004314s ]
INFO: [ view_parse ] --START--
INFO: Run ParseTemplate Behavior [ RunTime:0.051730s ]
INFO: [ view_parse ] --END-- [ RunTime:0.052399s ]
INFO: [ view_filter ] --START--
INFO: Run ContentReplace Behavior [ RunTime:0.003385s ]
INFO: Run TokenBuild Behavior [ RunTime:0.002554s ]
INFO: Run WriteHtmlCache Behavior [ RunTime:0.001696s ]
INFO: Run ShowRuntime Behavior [ RunTime:0.002384s ]
INFO: [ view_filter ] --END-- [ RunTime:0.011166s ]
INFO: [ view_end ] --START--
INFO: Run ShowPageTrace Behavior [ RunTime:0.003410s ]
INFO: [ view_end ] --END-- [ RunTime:0.003869s ]

[ 2015-07-24T20:23:52+08:00 ] 0.0.0.0 /xin_gong/
INFO: [ app_begin ] --START--
INFO: Run ReadHtmlCache Behavior [ RunTime:0.003045s ]
INFO: [ app_begin ] --END-- [ RunTime:0.003724s ]
INFO: [ view_template ] --START--
INFO: Run LocationTemplate Behavior [ RunTime:0.002077s ]
INFO: [ view_template ] --END-- [ RunTime:0.002763s ]
INFO: [ view_parse ] --START--
INFO: Run ParseTemplate Behavior [ RunTime:0.053247s ]
INFO: [ view_parse ] --END-- [ RunTime:0.053775s ]
INFO: [ view_filter ] --START--
INFO: Run ContentReplace Behavior [ RunTime:0.001680s ]
INFO: Run TokenBuild Behavior [ RunTime:0.001851s ]
INFO: Run WriteHtmlCache Behavior [ RunTime:0.001234s ]
INFO: Run ShowRuntime Behavior [ RunTime:0.002846s ]
INFO: [ view_filter ] --END-- [ RunTime:0.008745s ]
INFO: [ view_end ] --START--
INFO: Run ShowPageTrace Behavior [ RunTime:0.003678s ]
INFO: [ view_end ] --END-- [ RunTime:0.004323s ]

[ 2015-07-24T20:26:15+08:00 ] 0.0.0.0 /xin_gong/
INFO: [ app_begin ] --START--
INFO: Run ReadHtmlCache Behavior [ RunTime:0.005459s ]
INFO: [ app_begin ] --END-- [ RunTime:0.006073s ]
INFO: [ view_template ] --START--
INFO: Run LocationTemplate Behavior [ RunTime:0.004332s ]
INFO: [ view_template ] --END-- [ RunTime:0.004966s ]
INFO: [ view_parse ] --START--
INFO: Run ParseTemplate Behavior [ RunTime:0.045154s ]
INFO: [ view_parse ] --END-- [ RunTime:0.045628s ]
INFO: [ view_filter ] --START--
INFO: Run ContentReplace Behavior [ RunTime:0.002110s ]
INFO: Run TokenBuild Behavior [ RunTime:0.002520s ]
INFO: Run WriteHtmlCache Behavior [ RunTime:0.001842s ]
INFO: Run ShowRuntime Behavior [ RunTime:0.002771s ]
INFO: [ view_filter ] --END-- [ RunTime:0.010487s ]
INFO: [ view_end ] --START--
INFO: Run ShowPageTrace Behavior [ RunTime:0.002724s ]
INFO: [ view_end ] --END-- [ RunTime:0.003065s ]

[ 2015-07-24T20:26:52+08:00 ] 0.0.0.0 /xin_gong/
INFO: [ app_begin ] --START--
INFO: Run ReadHtmlCache Behavior [ RunTime:0.004925s ]
INFO: [ app_begin ] --END-- [ RunTime:0.005709s ]
INFO: [ view_template ] --START--
INFO: Run LocationTemplate Behavior [ RunTime:0.003939s ]
INFO: [ view_template ] --END-- [ RunTime:0.004589s ]
INFO: [ view_parse ] --START--
INFO: Run ParseTemplate Behavior [ RunTime:0.064775s ]
INFO: [ view_parse ] --END-- [ RunTime:0.065342s ]
INFO: [ view_filter ] --START--
INFO: Run ContentReplace Behavior [ RunTime:0.002314s ]
INFO: Run TokenBuild Behavior [ RunTime:0.002553s ]
INFO: Run WriteHtmlCache Behavior [ RunTime:0.002103s ]
INFO: Run ShowRuntime Behavior [ RunTime:0.002236s ]
INFO: [ view_filter ] --END-- [ RunTime:0.010392s ]
INFO: [ view_end ] --START--
INFO: Run ShowPageTrace Behavior [ RunTime:0.003255s ]
INFO: [ view_end ] --END-- [ RunTime:0.003706s ]

[ 2015-07-24T20:27:21+08:00 ] 0.0.0.0 /xin_gong/
INFO: [ app_begin ] --START--
INFO: Run ReadHtmlCache Behavior [ RunTime:0.004250s ]
INFO: [ app_begin ] --END-- [ RunTime:0.004919s ]
INFO: [ view_template ] --START--
INFO: Run LocationTemplate Behavior [ RunTime:0.003625s ]
INFO: [ view_template ] --END-- [ RunTime:0.004446s ]
INFO: [ view_parse ] --START--
INFO: Run ParseTemplate Behavior [ RunTime:0.039995s ]
INFO: [ view_parse ] --END-- [ RunTime:0.040385s ]
INFO: [ view_filter ] --START--
INFO: Run ContentReplace Behavior [ RunTime:0.002058s ]
INFO: Run TokenBuild Behavior [ RunTime:0.002248s ]
INFO: Run WriteHtmlCache Behavior [ RunTime:0.001768s ]
INFO: Run ShowRuntime Behavior [ RunTime:0.003790s ]
INFO: [ view_filter ] --END-- [ RunTime:0.010886s ]
INFO: [ view_end ] --START--
INFO: Run ShowPageTrace Behavior [ RunTime:0.002953s ]
INFO: [ view_end ] --END-- [ RunTime:0.003581s ]

[ 2015-07-24T20:27:49+08:00 ] 0.0.0.0 /xin_gong/
INFO: [ app_begin ] --START--
INFO: Run ReadHtmlCache Behavior [ RunTime:0.003607s ]
INFO: [ app_begin ] --END-- [ RunTime:0.005328s ]
INFO: [ view_template ] --START--
INFO: Run LocationTemplate Behavior [ RunTime:0.002398s ]
INFO: [ view_template ] --END-- [ RunTime:0.002864s ]
INFO: [ view_parse ] --START--
INFO: Run ParseTemplate Behavior [ RunTime:0.040559s ]
INFO: [ view_parse ] --END-- [ RunTime:0.040954s ]
INFO: [ view_filter ] --START--
INFO: Run ContentReplace Behavior [ RunTime:0.001993s ]
INFO: Run TokenBuild Behavior [ RunTime:0.002023s ]
INFO: Run WriteHtmlCache Behavior [ RunTime:0.001687s ]
INFO: Run ShowRuntime Behavior [ RunTime:0.002845s ]
INFO: [ view_filter ] --END-- [ RunTime:0.009866s ]
INFO: [ view_end ] --START--
INFO: Run ShowPageTrace Behavior [ RunTime:0.002525s ]
INFO: [ view_end ] --END-- [ RunTime:0.003034s ]

[ 2015-07-24T20:28:27+08:00 ] 0.0.0.0 /xin_gong/
INFO: [ app_begin ] --START--
INFO: Run ReadHtmlCache Behavior [ RunTime:0.003776s ]
INFO: [ app_begin ] --END-- [ RunTime:0.004414s ]
INFO: [ view_template ] --START--
INFO: Run LocationTemplate Behavior [ RunTime:0.006724s ]
INFO: [ view_template ] --END-- [ RunTime:0.007368s ]
INFO: [ view_parse ] --START--
INFO: Run ParseTemplate Behavior [ RunTime:0.047066s ]
INFO: [ view_parse ] --END-- [ RunTime:0.047784s ]
INFO: [ view_filter ] --START--
INFO: Run ContentReplace Behavior [ RunTime:0.002906s ]
INFO: Run TokenBuild Behavior [ RunTime:0.002018s ]
INFO: Run WriteHtmlCache Behavior [ RunTime:0.001838s ]
INFO: Run ShowRuntime Behavior [ RunTime:0.003042s ]
INFO: [ view_filter ] --END-- [ RunTime:0.011005s ]
INFO: [ view_end ] --START--
INFO: Run ShowPageTrace Behavior [ RunTime:0.003324s ]
INFO: [ view_end ] --END-- [ RunTime:0.003857s ]

[ 2015-07-24T23:14:02+08:00 ] 0.0.0.0 /xin_gong/
INFO: [ app_begin ] --START--
INFO: Run ReadHtmlCache Behavior [ RunTime:0.009255s ]
INFO: [ app_begin ] --END-- [ RunTime:0.017064s ]
INFO: [ view_template ] --START--
INFO: Run LocationTemplate Behavior [ RunTime:0.004023s ]
INFO: [ view_template ] --END-- [ RunTime:0.004477s ]
INFO: [ view_parse ] --START--
INFO: Run ParseTemplate Behavior [ RunTime:0.100987s ]
INFO: [ view_parse ] --END-- [ RunTime:0.101356s ]
INFO: [ view_filter ] --START--
INFO: Run ContentReplace Behavior [ RunTime:0.002384s ]
INFO: Run TokenBuild Behavior [ RunTime:0.002461s ]
INFO: Run WriteHtmlCache Behavior [ RunTime:0.001981s ]
INFO: Run ShowRuntime Behavior [ RunTime:0.002396s ]
INFO: [ view_filter ] --END-- [ RunTime:0.010356s ]
INFO: [ view_end ] --START--
INFO: Run ShowPageTrace Behavior [ RunTime:0.002607s ]
INFO: [ view_end ] --END-- [ RunTime:0.002947s ]

[ 2015-07-24T23:15:12+08:00 ] 0.0.0.0 /xin_gong/
INFO: [ app_begin ] --START--
INFO: Run ReadHtmlCache Behavior [ RunTime:0.003112s ]
INFO: [ app_begin ] --END-- [ RunTime:0.003603s ]
INFO: [ view_template ] --START--
INFO: Run LocationTemplate Behavior [ RunTime:0.005303s ]
INFO: [ view_template ] --END-- [ RunTime:0.006088s ]
INFO: [ view_parse ] --START--
INFO: Run ParseTemplate Behavior [ RunTime:0.046884s ]
INFO: [ view_parse ] --END-- [ RunTime:0.047474s ]
INFO: [ view_filter ] --START--
INFO: Run ContentReplace Behavior [ RunTime:0.002838s ]
INFO: Run TokenBuild Behavior [ RunTime:0.003301s ]
INFO: Run WriteHtmlCache Behavior [ RunTime:0.002092s ]
INFO: Run ShowRuntime Behavior [ RunTime:0.002323s ]
INFO: [ view_filter ] --END-- [ RunTime:0.011862s ]
INFO: [ view_end ] --START--
INFO: Run ShowPageTrace Behavior [ RunTime:0.002493s ]
INFO: [ view_end ] --END-- [ RunTime:0.002805s ]

