[ 2015-07-27T12:09:15+08:00 ] 0.0.0.0 /xin_gong/
INFO: [ app_begin ] --START--
INFO: Run ReadHtmlCache Behavior [ RunTime:0.015976s ]
INFO: [ app_begin ] --END-- [ RunTime:0.016799s ]
INFO: [ view_template ] --START--
INFO: Run LocationTemplate Behavior [ RunTime:0.003642s ]
INFO: [ view_template ] --END-- [ RunTime:0.003986s ]
INFO: [ view_parse ] --START--
INFO: Run ParseTemplate Behavior [ RunTime:0.074331s ]
INFO: [ view_parse ] --END-- [ RunTime:0.074691s ]
INFO: [ view_filter ] --START--
INFO: Run ContentReplace Behavior [ RunTime:0.002513s ]
INFO: Run TokenBuild Behavior [ RunTime:0.002495s ]
INFO: Run WriteHtmlCache Behavior [ RunTime:0.003853s ]
INFO: Run ShowRuntime Behavior [ RunTime:0.003371s ]
INFO: [ view_filter ] --END-- [ RunTime:0.013451s ]
INFO: [ view_end ] --START--
INFO: Run ShowPageTrace Behavior [ RunTime:0.003006s ]
INFO: [ view_end ] --END-- [ RunTime:0.003332s ]

[ 2015-07-27T12:21:51+08:00 ] 0.0.0.0 /xin_gong/index.php/Login/login
INFO: [ route_check ] --START--
INFO: Run CheckRoute Behavior [ RunTime:0.038652s ]
INFO: [ route_check ] --END-- [ RunTime:0.039051s ]
INFO: [ app_begin ] --START--
INFO: Run ReadHtmlCache Behavior [ RunTime:0.004192s ]
INFO: [ app_begin ] --END-- [ RunTime:0.004683s ]
SQL: SHOW COLUMNS FROM `xg_user` [ RunTime:0.106607s ]
SQL: SELECT COUNT(*) AS tp_count FROM `xg_user` WHERE ( `username` = '¡ı—”∆Ω' ) AND ( `password` = '1596' ) LIMIT 1   [ RunTime:0.011052s ]
NOTIC: [8] Undefined index: username D:\wamp\www\xin_gong\Home\Lib\Action\LoginAction.class.php Á¨¨ 21 Ë°å.
INFO: [ view_template ] --START--
INFO: Run LocationTemplate Behavior [ RunTime:0.003113s ]
INFO: [ view_template ] --END-- [ RunTime:0.003439s ]
INFO: [ view_parse ] --START--
INFO: Run ParseTemplate Behavior [ RunTime:0.024000s ]
INFO: [ view_parse ] --END-- [ RunTime:0.024440s ]
INFO: [ view_filter ] --START--
INFO: Run ContentReplace Behavior [ RunTime:0.002120s ]
INFO: Run TokenBuild Behavior [ RunTime:0.002139s ]
INFO: Run WriteHtmlCache Behavior [ RunTime:0.001743s ]
INFO: Run ShowRuntime Behavior [ RunTime:0.002363s ]
INFO: [ view_filter ] --END-- [ RunTime:0.009265s ]
INFO: [ view_end ] --START--
INFO: Run ShowPageTrace Behavior [ RunTime:0.002522s ]
INFO: [ view_end ] --END-- [ RunTime:0.003187s ]

[ 2015-07-27T12:21:52+08:00 ] 0.0.0.0 /xin_gong/index.php/Login/top
INFO: [ route_check ] --START--
INFO: Run CheckRoute Behavior [ RunTime:0.006033s ]
INFO: [ route_check ] --END-- [ RunTime:0.006718s ]
INFO: [ app_begin ] --START--
INFO: Run ReadHtmlCache Behavior [ RunTime:0.002959s ]
INFO: [ app_begin ] --END-- [ RunTime:0.003535s ]
INFO: [ view_template ] --START--
INFO: Run LocationTemplate Behavior [ RunTime:0.006856s ]
INFO: [ view_template ] --END-- [ RunTime:0.007573s ]
INFO: [ view_parse ] --START--
INFO: Run ParseTemplate Behavior [ RunTime:0.032247s ]
INFO: [ view_parse ] --END-- [ RunTime:0.032736s ]
INFO: [ view_filter ] --START--
INFO: Run ContentReplace Behavior [ RunTime:0.001485s ]
INFO: Run TokenBuild Behavior [ RunTime:0.001551s ]
INFO: Run WriteHtmlCache Behavior [ RunTime:0.001143s ]
INFO: Run ShowRuntime Behavior [ RunTime:0.002388s ]
INFO: [ view_filter ] --END-- [ RunTime:0.007531s ]
INFO: [ view_end ] --START--
INFO: Run ShowPageTrace Behavior [ RunTime:0.002770s ]
INFO: [ view_end ] --END-- [ RunTime:0.003172s ]

[ 2015-07-27T12:21:52+08:00 ] 0.0.0.0 /xin_gong/index.php/Login/left
INFO: [ route_check ] --START--
INFO: Run CheckRoute Behavior [ RunTime:0.004240s ]
INFO: [ route_check ] --END-- [ RunTime:0.004862s ]
INFO: [ app_begin ] --START--
INFO: Run ReadHtmlCache Behavior [ RunTime:0.003461s ]
INFO: [ app_begin ] --END-- [ RunTime:0.004275s ]
INFO: [ view_template ] --START--
INFO: Run LocationTemplate Behavior [ RunTime:0.002901s ]
INFO: [ view_template ] --END-- [ RunTime:0.003578s ]
INFO: [ view_parse ] --START--
INFO: Run ParseTemplate Behavior [ RunTime:0.035519s ]
INFO: [ view_parse ] --END-- [ RunTime:0.036028s ]
INFO: [ view_filter ] --START--
INFO: Run ContentReplace Behavior [ RunTime:0.001786s ]
INFO: Run TokenBuild Behavior [ RunTime:0.001902s ]
INFO: Run WriteHtmlCache Behavior [ RunTime:0.002170s ]
INFO: Run ShowRuntime Behavior [ RunTime:0.003258s ]
INFO: [ view_filter ] --END-- [ RunTime:0.010245s ]
INFO: [ view_end ] --START--
INFO: Run ShowPageTrace Behavior [ RunTime:0.003238s ]
INFO: [ view_end ] --END-- [ RunTime:0.003716s ]

[ 2015-07-27T12:21:52+08:00 ] 0.0.0.0 /xin_gong/index.php/Login/right
INFO: [ route_check ] --START--
INFO: Run CheckRoute Behavior [ RunTime:0.006373s ]
INFO: [ route_check ] --END-- [ RunTime:0.007292s ]
INFO: [ app_begin ] --START--
INFO: Run ReadHtmlCache Behavior [ RunTime:0.004034s ]
INFO: [ app_begin ] --END-- [ RunTime:0.004781s ]
INFO: [ view_template ] --START--
INFO: Run LocationTemplate Behavior [ RunTime:0.002585s ]
INFO: [ view_template ] --END-- [ RunTime:0.003197s ]
INFO: [ view_parse ] --START--
INFO: Run ParseTemplate Behavior [ RunTime:0.031663s ]
INFO: [ view_parse ] --END-- [ RunTime:0.032245s ]
INFO: [ view_filter ] --START--
INFO: Run ContentReplace Behavior [ RunTime:0.002310s ]
INFO: Run TokenBuild Behavior [ RunTime:0.002299s ]
INFO: Run WriteHtmlCache Behavior [ RunTime:0.001446s ]
INFO: Run ShowRuntime Behavior [ RunTime:0.002067s ]
INFO: [ view_filter ] --END-- [ RunTime:0.009177s ]
INFO: [ view_end ] --START--
INFO: Run ShowPageTrace Behavior [ RunTime:0.002228s ]
INFO: [ view_end ] --END-- [ RunTime:0.002531s ]

[ 2015-07-27T12:22:26+08:00 ] 0.0.0.0 /xin_gong/index.php/Login/login
INFO: [ route_check ] --START--
INFO: Run CheckRoute Behavior [ RunTime:0.002935s ]
INFO: [ route_check ] --END-- [ RunTime:0.003387s ]
INFO: [ app_begin ] --START--
INFO: Run ReadHtmlCache Behavior [ RunTime:0.002278s ]
INFO: [ app_begin ] --END-- [ RunTime:0.002614s ]
SQL: SHOW COLUMNS FROM `xg_user` [ RunTime:0.013158s ]
SQL: SELECT COUNT(*) AS tp_count FROM `xg_user` WHERE ( `username` = '¡ı—”∆Ω' ) AND ( `password` = '1596' ) LIMIT 1   [ RunTime:0.001102s ]
NOTIC: [8] Undefined index: username D:\wamp\www\xin_gong\Home\Lib\Action\LoginAction.class.php Á¨¨ 21 Ë°å.
INFO: [ view_template ] --START--
INFO: Run LocationTemplate Behavior [ RunTime:0.002291s ]
INFO: [ view_template ] --END-- [ RunTime:0.002619s ]
INFO: [ view_parse ] --START--
INFO: Run ParseTemplate Behavior [ RunTime:0.025114s ]
INFO: [ view_parse ] --END-- [ RunTime:0.025642s ]
INFO: [ view_filter ] --START--
INFO: Run ContentReplace Behavior [ RunTime:0.001750s ]
INFO: Run TokenBuild Behavior [ RunTime:0.001968s ]
INFO: Run WriteHtmlCache Behavior [ RunTime:0.001343s ]
INFO: Run ShowRuntime Behavior [ RunTime:0.002085s ]
INFO: [ view_filter ] --END-- [ RunTime:0.008044s ]
INFO: [ view_end ] --START--
INFO: Run ShowPageTrace Behavior [ RunTime:0.002729s ]
INFO: [ view_end ] --END-- [ RunTime:0.003129s ]

[ 2015-07-27T12:22:26+08:00 ] 0.0.0.0 /xin_gong/index.php/Login/top
INFO: [ route_check ] --START--
INFO: Run CheckRoute Behavior [ RunTime:0.003750s ]
INFO: [ route_check ] --END-- [ RunTime:0.004341s ]
INFO: [ app_begin ] --START--
INFO: Run ReadHtmlCache Behavior [ RunTime:0.003792s ]
INFO: [ app_begin ] --END-- [ RunTime:0.004384s ]
INFO: [ view_template ] --START--
INFO: Run LocationTemplate Behavior [ RunTime:0.002171s ]
INFO: [ view_template ] --END-- [ RunTime:0.002803s ]
INFO: [ view_parse ] --START--
INFO: Run ParseTemplate Behavior [ RunTime:0.037181s ]
INFO: [ view_parse ] --END-- [ RunTime:0.037664s ]
INFO: [ view_filter ] --START--
INFO: Run ContentReplace Behavior [ RunTime:0.001581s ]
INFO: Run TokenBuild Behavior [ RunTime:0.001610s ]
INFO: Run WriteHtmlCache Behavior [ RunTime:0.001070s ]
INFO: Run ShowRuntime Behavior [ RunTime:0.001735s ]
INFO: [ view_filter ] --END-- [ RunTime:0.006861s ]
INFO: [ view_end ] --START--
INFO: Run ShowPageTrace Behavior [ RunTime:0.001889s ]
INFO: [ view_end ] --END-- [ RunTime:0.002191s ]

[ 2015-07-27T12:22:27+08:00 ] 0.0.0.0 /xin_gong/index.php/Login/left
INFO: [ route_check ] --START--
INFO: Run CheckRoute Behavior [ RunTime:0.002687s ]
INFO: [ route_check ] --END-- [ RunTime:0.003099s ]
INFO: [ app_begin ] --START--
INFO: Run ReadHtmlCache Behavior [ RunTime:0.007226s ]
INFO: [ app_begin ] --END-- [ RunTime:0.007862s ]
INFO: [ view_template ] --START--
INFO: Run LocationTemplate Behavior [ RunTime:0.001759s ]
INFO: [ view_template ] --END-- [ RunTime:0.002419s ]
INFO: [ view_parse ] --START--
INFO: Run ParseTemplate Behavior [ RunTime:0.022886s ]
INFO: [ view_parse ] --END-- [ RunTime:0.023254s ]
INFO: [ view_filter ] --START--
INFO: Run ContentReplace Behavior [ RunTime:0.001856s ]
INFO: Run TokenBuild Behavior [ RunTime:0.001967s ]
INFO: Run WriteHtmlCache Behavior [ RunTime:0.001280s ]
INFO: Run ShowRuntime Behavior [ RunTime:0.002022s ]
INFO: [ view_filter ] --END-- [ RunTime:0.008136s ]
INFO: [ view_end ] --START--
INFO: Run ShowPageTrace Behavior [ RunTime:0.002020s ]
INFO: [ view_end ] --END-- [ RunTime:0.002342s ]

[ 2015-07-27T12:22:27+08:00 ] 0.0.0.0 /xin_gong/index.php/Login/right
INFO: [ route_check ] --START--
INFO: Run CheckRoute Behavior [ RunTime:0.003971s ]
INFO: [ route_check ] --END-- [ RunTime:0.004630s ]
INFO: [ app_begin ] --START--
INFO: Run ReadHtmlCache Behavior [ RunTime:0.002920s ]
INFO: [ app_begin ] --END-- [ RunTime:0.003509s ]
INFO: [ view_template ] --START--
INFO: Run LocationTemplate Behavior [ RunTime:0.002001s ]
INFO: [ view_template ] --END-- [ RunTime:0.002470s ]
INFO: [ view_parse ] --START--
INFO: Run ParseTemplate Behavior [ RunTime:0.022098s ]
INFO: [ view_parse ] --END-- [ RunTime:0.022461s ]
INFO: [ view_filter ] --START--
INFO: Run ContentReplace Behavior [ RunTime:0.001417s ]
INFO: Run TokenBuild Behavior [ RunTime:0.002100s ]
INFO: Run WriteHtmlCache Behavior [ RunTime:0.001676s ]
INFO: Run ShowRuntime Behavior [ RunTime:0.002333s ]
INFO: [ view_filter ] --END-- [ RunTime:0.008657s ]
INFO: [ view_end ] --START--
INFO: Run ShowPageTrace Behavior [ RunTime:0.003227s ]
INFO: [ view_end ] --END-- [ RunTime:0.003701s ]

[ 2015-07-27T12:22:46+08:00 ] 0.0.0.0 /xin_gong/index.php/Login/login
INFO: [ route_check ] --START--
INFO: Run CheckRoute Behavior [ RunTime:0.002687s ]
INFO: [ route_check ] --END-- [ RunTime:0.003056s ]
INFO: [ app_begin ] --START--
INFO: Run ReadHtmlCache Behavior [ RunTime:0.002076s ]
INFO: [ app_begin ] --END-- [ RunTime:0.002733s ]
SQL: SHOW COLUMNS FROM `xg_user` [ RunTime:0.012384s ]
SQL: SELECT COUNT(*) AS tp_count FROM `xg_user` WHERE ( `username` = '¡ı—”∆Ω' ) AND ( `password` = '1596' ) LIMIT 1   [ RunTime:0.001072s ]
NOTIC: [8] Undefined index: username D:\wamp\www\xin_gong\Home\Lib\Action\LoginAction.class.php Á¨¨ 21 Ë°å.
INFO: [ view_template ] --START--
INFO: Run LocationTemplate Behavior [ RunTime:0.001911s ]
INFO: [ view_template ] --END-- [ RunTime:0.002232s ]
INFO: [ view_parse ] --START--
INFO: Run ParseTemplate Behavior [ RunTime:0.021355s ]
INFO: [ view_parse ] --END-- [ RunTime:0.021704s ]
INFO: [ view_filter ] --START--
INFO: Run ContentReplace Behavior [ RunTime:0.002172s ]
INFO: Run TokenBuild Behavior [ RunTime:0.001942s ]
INFO: Run WriteHtmlCache Behavior [ RunTime:0.001422s ]
INFO: Run ShowRuntime Behavior [ RunTime:0.002768s ]
INFO: [ view_filter ] --END-- [ RunTime:0.009470s ]
INFO: [ view_end ] --START--
INFO: Run ShowPageTrace Behavior [ RunTime:0.002410s ]
INFO: [ view_end ] --END-- [ RunTime:0.002781s ]

[ 2015-07-27T12:22:47+08:00 ] 0.0.0.0 /xin_gong/index.php/Login/left
INFO: [ route_check ] --START--
INFO: Run CheckRoute Behavior [ RunTime:0.004536s ]
INFO: [ route_check ] --END-- [ RunTime:0.005174s ]
INFO: [ app_begin ] --START--
INFO: Run ReadHtmlCache Behavior [ RunTime:0.003221s ]
INFO: [ app_begin ] --END-- [ RunTime:0.003881s ]
INFO: [ view_template ] --START--
INFO: Run LocationTemplate Behavior [ RunTime:0.001596s ]
INFO: [ view_template ] --END-- [ RunTime:0.002023s ]
INFO: [ view_parse ] --START--
INFO: Run ParseTemplate Behavior [ RunTime:0.026203s ]
INFO: [ view_parse ] --END-- [ RunTime:0.026570s ]
INFO: [ view_filter ] --START--
INFO: Run ContentReplace Behavior [ RunTime:0.003735s ]
INFO: Run TokenBuild Behavior [ RunTime:0.002395s ]
INFO: Run WriteHtmlCache Behavior [ RunTime:0.001736s ]
INFO: Run ShowRuntime Behavior [ RunTime:0.002520s ]
INFO: [ view_filter ] --END-- [ RunTime:0.011755s ]
INFO: [ view_end ] --START--
INFO: Run ShowPageTrace Behavior [ RunTime:0.002343s ]
INFO: [ view_end ] --END-- [ RunTime:0.002772s ]

[ 2015-07-27T12:22:47+08:00 ] 0.0.0.0 /xin_gong/index.php/Login/top
INFO: [ route_check ] --START--
INFO: Run CheckRoute Behavior [ RunTime:0.004512s ]
INFO: [ route_check ] --END-- [ RunTime:0.005089s ]
INFO: [ app_begin ] --START--
INFO: Run ReadHtmlCache Behavior [ RunTime:0.003232s ]
INFO: [ app_begin ] --END-- [ RunTime:0.003803s ]
INFO: [ view_template ] --START--
INFO: Run LocationTemplate Behavior [ RunTime:0.001662s ]
INFO: [ view_template ] --END-- [ RunTime:0.002046s ]
INFO: [ view_parse ] --START--
INFO: Run ParseTemplate Behavior [ RunTime:0.027075s ]
INFO: [ view_parse ] --END-- [ RunTime:0.027435s ]
INFO: [ view_filter ] --START--
INFO: Run ContentReplace Behavior [ RunTime:0.001671s ]
INFO: Run TokenBuild Behavior [ RunTime:0.001607s ]
INFO: Run WriteHtmlCache Behavior [ RunTime:0.001124s ]
INFO: Run ShowRuntime Behavior [ RunTime:0.001788s ]
INFO: [ view_filter ] --END-- [ RunTime:0.007045s ]
INFO: [ view_end ] --START--
INFO: Run ShowPageTrace Behavior [ RunTime:0.002072s ]
INFO: [ view_end ] --END-- [ RunTime:0.002386s ]

[ 2015-07-27T12:22:47+08:00 ] 0.0.0.0 /xin_gong/index.php/Login/right
INFO: [ route_check ] --START--
INFO: Run CheckRoute Behavior [ RunTime:0.005221s ]
INFO: [ route_check ] --END-- [ RunTime:0.005673s ]
INFO: [ app_begin ] --START--
INFO: Run ReadHtmlCache Behavior [ RunTime:0.002007s ]
INFO: [ app_begin ] --END-- [ RunTime:0.002353s ]
INFO: [ view_template ] --START--
INFO: Run LocationTemplate Behavior [ RunTime:0.002008s ]
INFO: [ view_template ] --END-- [ RunTime:0.002471s ]
INFO: [ view_parse ] --START--
INFO: Run ParseTemplate Behavior [ RunTime:0.021727s ]
INFO: [ view_parse ] --END-- [ RunTime:0.022100s ]
INFO: [ view_filter ] --START--
INFO: Run ContentReplace Behavior [ RunTime:0.001483s ]
INFO: Run TokenBuild Behavior [ RunTime:0.001537s ]
INFO: Run WriteHtmlCache Behavior [ RunTime:0.001135s ]
INFO: Run ShowRuntime Behavior [ RunTime:0.001946s ]
INFO: [ view_filter ] --END-- [ RunTime:0.007092s ]
INFO: [ view_end ] --START--
INFO: Run ShowPageTrace Behavior [ RunTime:0.002783s ]
INFO: [ view_end ] --END-- [ RunTime:0.003207s ]

[ 2015-07-27T12:34:52+08:00 ] 0.0.0.0 /xin_gong/
INFO: [ app_begin ] --START--
INFO: Run ReadHtmlCache Behavior [ RunTime:0.003296s ]
INFO: [ app_begin ] --END-- [ RunTime:0.003856s ]
INFO: [ view_template ] --START--
INFO: Run LocationTemplate Behavior [ RunTime:0.003034s ]
INFO: [ view_template ] --END-- [ RunTime:0.003499s ]
INFO: [ view_parse ] --START--
INFO: Run ParseTemplate Behavior [ RunTime:0.034876s ]
INFO: [ view_parse ] --END-- [ RunTime:0.035287s ]
INFO: [ view_filter ] --START--
INFO: Run ContentReplace Behavior [ RunTime:0.002323s ]
INFO: Run TokenBuild Behavior [ RunTime:0.002338s ]
INFO: Run WriteHtmlCache Behavior [ RunTime:0.001815s ]
INFO: Run ShowRuntime Behavior [ RunTime:0.002511s ]
INFO: [ view_filter ] --END-- [ RunTime:0.010068s ]
INFO: [ view_end ] --START--
INFO: Run ShowPageTrace Behavior [ RunTime:0.002979s ]
INFO: [ view_end ] --END-- [ RunTime:0.003452s ]

[ 2015-07-27T12:41:59+08:00 ] 0.0.0.0 /xin_gong/
INFO: [ app_begin ] --START--
INFO: Run ReadHtmlCache Behavior [ RunTime:0.002946s ]
INFO: [ app_begin ] --END-- [ RunTime:0.003399s ]
INFO: [ view_template ] --START--
INFO: Run LocationTemplate Behavior [ RunTime:0.002940s ]
INFO: [ view_template ] --END-- [ RunTime:0.003404s ]
INFO: [ view_parse ] --START--
INFO: Run ParseTemplate Behavior [ RunTime:0.036375s ]
INFO: [ view_parse ] --END-- [ RunTime:0.036823s ]
INFO: [ view_filter ] --START--
INFO: Run ContentReplace Behavior [ RunTime:0.002156s ]
INFO: Run TokenBuild Behavior [ RunTime:0.002310s ]
INFO: Run WriteHtmlCache Behavior [ RunTime:0.002052s ]
INFO: Run ShowRuntime Behavior [ RunTime:0.002666s ]
INFO: [ view_filter ] --END-- [ RunTime:0.010390s ]
INFO: [ view_end ] --START--
INFO: Run ShowPageTrace Behavior [ RunTime:0.002747s ]
INFO: [ view_end ] --END-- [ RunTime:0.003411s ]

[ 2015-07-27T12:45:16+08:00 ] 0.0.0.0 /xin_gong/
INFO: [ app_begin ] --START--
INFO: Run ReadHtmlCache Behavior [ RunTime:0.002853s ]
INFO: [ app_begin ] --END-- [ RunTime:0.003267s ]
INFO: [ view_template ] --START--
INFO: Run LocationTemplate Behavior [ RunTime:0.003085s ]
INFO: [ view_template ] --END-- [ RunTime:0.003503s ]
INFO: [ view_parse ] --START--
INFO: Run ParseTemplate Behavior [ RunTime:0.035054s ]
INFO: [ view_parse ] --END-- [ RunTime:0.035595s ]
INFO: [ view_filter ] --START--
INFO: Run ContentReplace Behavior [ RunTime:0.002348s ]
INFO: Run TokenBuild Behavior [ RunTime:0.002141s ]
INFO: Run WriteHtmlCache Behavior [ RunTime:0.001725s ]
INFO: Run ShowRuntime Behavior [ RunTime:0.002411s ]
INFO: [ view_filter ] --END-- [ RunTime:0.009870s ]
INFO: [ view_end ] --START--
INFO: Run ShowPageTrace Behavior [ RunTime:0.003051s ]
INFO: [ view_end ] --END-- [ RunTime:0.003433s ]

[ 2015-07-27T12:52:31+08:00 ] 0.0.0.0 /xin_gong/
INFO: [ app_begin ] --START--
INFO: Run ReadHtmlCache Behavior [ RunTime:0.003645s ]
INFO: [ app_begin ] --END-- [ RunTime:0.004199s ]
INFO: [ view_template ] --START--
INFO: Run LocationTemplate Behavior [ RunTime:0.003464s ]
INFO: [ view_template ] --END-- [ RunTime:0.004022s ]
INFO: [ view_parse ] --START--
INFO: Run ParseTemplate Behavior [ RunTime:0.049115s ]
INFO: [ view_parse ] --END-- [ RunTime:0.049752s ]
INFO: [ view_filter ] --START--
INFO: Run ContentReplace Behavior [ RunTime:0.002347s ]
INFO: Run TokenBuild Behavior [ RunTime:0.002049s ]
INFO: Run WriteHtmlCache Behavior [ RunTime:0.002103s ]
INFO: Run ShowRuntime Behavior [ RunTime:0.003503s ]
INFO: [ view_filter ] --END-- [ RunTime:0.011329s ]
INFO: [ view_end ] --START--
INFO: Run ShowPageTrace Behavior [ RunTime:0.003934s ]
INFO: [ view_end ] --END-- [ RunTime:0.004554s ]

[ 2015-07-27T12:54:33+08:00 ] 0.0.0.0 /xin_gong/
INFO: [ app_begin ] --START--
INFO: Run ReadHtmlCache Behavior [ RunTime:0.003439s ]
INFO: [ app_begin ] --END-- [ RunTime:0.003975s ]
INFO: [ view_template ] --START--
INFO: Run LocationTemplate Behavior [ RunTime:0.003069s ]
INFO: [ view_template ] --END-- [ RunTime:0.003570s ]
INFO: [ view_parse ] --START--
INFO: Run ParseTemplate Behavior [ RunTime:0.035817s ]
INFO: [ view_parse ] --END-- [ RunTime:0.036286s ]
INFO: [ view_filter ] --START--
INFO: Run ContentReplace Behavior [ RunTime:0.002135s ]
INFO: Run TokenBuild Behavior [ RunTime:0.002150s ]
INFO: Run WriteHtmlCache Behavior [ RunTime:0.001714s ]
INFO: Run ShowRuntime Behavior [ RunTime:0.002473s ]
INFO: [ view_filter ] --END-- [ RunTime:0.009497s ]
INFO: [ view_end ] --START--
INFO: Run ShowPageTrace Behavior [ RunTime:0.002921s ]
INFO: [ view_end ] --END-- [ RunTime:0.003528s ]

[ 2015-07-27T12:55:20+08:00 ] 0.0.0.0 /xin_gong/
INFO: [ app_begin ] --START--
INFO: Run ReadHtmlCache Behavior [ RunTime:0.002755s ]
INFO: [ app_begin ] --END-- [ RunTime:0.003272s ]
INFO: [ view_template ] --START--
INFO: Run LocationTemplate Behavior [ RunTime:0.003404s ]
INFO: [ view_template ] --END-- [ RunTime:0.005413s ]
INFO: [ view_parse ] --START--
INFO: Run ParseTemplate Behavior [ RunTime:0.041902s ]
INFO: [ view_parse ] --END-- [ RunTime:0.042661s ]
INFO: [ view_filter ] --START--
INFO: Run ContentReplace Behavior [ RunTime:0.002425s ]
INFO: Run TokenBuild Behavior [ RunTime:0.002306s ]
INFO: Run WriteHtmlCache Behavior [ RunTime:0.001706s ]
INFO: Run ShowRuntime Behavior [ RunTime:0.003096s ]
INFO: [ view_filter ] --END-- [ RunTime:0.011189s ]
INFO: [ view_end ] --START--
INFO: Run ShowPageTrace Behavior [ RunTime:0.003127s ]
INFO: [ view_end ] --END-- [ RunTime:0.003888s ]

[ 2015-07-27T12:56:13+08:00 ] 0.0.0.0 /xin_gong/
INFO: [ app_begin ] --START--
INFO: Run ReadHtmlCache Behavior [ RunTime:0.006702s ]
INFO: [ app_begin ] --END-- [ RunTime:0.007254s ]
INFO: [ view_template ] --START--
INFO: Run LocationTemplate Behavior [ RunTime:0.002015s ]
INFO: [ view_template ] --END-- [ RunTime:0.002433s ]
INFO: [ view_parse ] --START--
INFO: Run ParseTemplate Behavior [ RunTime:0.034645s ]
INFO: [ view_parse ] --END-- [ RunTime:0.035053s ]
INFO: [ view_filter ] --START--
INFO: Run ContentReplace Behavior [ RunTime:0.001927s ]
INFO: Run TokenBuild Behavior [ RunTime:0.001993s ]
INFO: Run WriteHtmlCache Behavior [ RunTime:0.001904s ]
INFO: Run ShowRuntime Behavior [ RunTime:0.003173s ]
INFO: [ view_filter ] --END-- [ RunTime:0.010554s ]
INFO: [ view_end ] --START--
INFO: Run ShowPageTrace Behavior [ RunTime:0.002519s ]
INFO: [ view_end ] --END-- [ RunTime:0.003001s ]

[ 2015-07-27T13:31:13+08:00 ] 0.0.0.0 /xin_gong/
INFO: [ app_begin ] --START--
INFO: Run ReadHtmlCache Behavior [ RunTime:0.002994s ]
INFO: [ app_begin ] --END-- [ RunTime:0.003806s ]
INFO: [ view_template ] --START--
INFO: Run LocationTemplate Behavior [ RunTime:0.002969s ]
INFO: [ view_template ] --END-- [ RunTime:0.003475s ]
INFO: [ view_parse ] --START--
INFO: Run ParseTemplate Behavior [ RunTime:0.035713s ]
INFO: [ view_parse ] --END-- [ RunTime:0.036078s ]
INFO: [ view_filter ] --START--
INFO: Run ContentReplace Behavior [ RunTime:0.002049s ]
INFO: Run TokenBuild Behavior [ RunTime:0.002516s ]
INFO: Run WriteHtmlCache Behavior [ RunTime:0.002192s ]
INFO: Run ShowRuntime Behavior [ RunTime:0.002922s ]
INFO: [ view_filter ] --END-- [ RunTime:0.010819s ]
INFO: [ view_end ] --START--
INFO: Run ShowPageTrace Behavior [ RunTime:0.002761s ]
INFO: [ view_end ] --END-- [ RunTime:0.003174s ]

[ 2015-07-27T13:31:40+08:00 ] 0.0.0.0 /xin_gong/index.php/Login/login
INFO: [ route_check ] --START--
INFO: Run CheckRoute Behavior [ RunTime:0.003938s ]
INFO: [ route_check ] --END-- [ RunTime:0.004501s ]
INFO: [ app_begin ] --START--
INFO: Run ReadHtmlCache Behavior [ RunTime:0.002255s ]
INFO: [ app_begin ] --END-- [ RunTime:0.002694s ]
INFO: [ view_template ] --START--
INFO: Run LocationTemplate Behavior [ RunTime:0.005583s ]
INFO: [ view_template ] --END-- [ RunTime:0.006191s ]
INFO: [ view_parse ] --START--
INFO: Run ParseTemplate Behavior [ RunTime:0.033650s ]
INFO: [ view_parse ] --END-- [ RunTime:0.034025s ]
INFO: [ view_filter ] --START--
INFO: Run ContentReplace Behavior [ RunTime:0.001610s ]
INFO: Run TokenBuild Behavior [ RunTime:0.001741s ]
INFO: Run WriteHtmlCache Behavior [ RunTime:0.001397s ]
INFO: Run ShowRuntime Behavior [ RunTime:0.002067s ]
INFO: [ view_filter ] --END-- [ RunTime:0.007735s ]
INFO: [ view_end ] --START--
INFO: Run ShowPageTrace Behavior [ RunTime:0.002904s ]
INFO: [ view_end ] --END-- [ RunTime:0.003311s ]

[ 2015-07-27T13:34:40+08:00 ] 0.0.0.0 /xin_gong/index.php/Login/login
INFO: [ route_check ] --START--
INFO: Run CheckRoute Behavior [ RunTime:0.004081s ]
INFO: [ route_check ] --END-- [ RunTime:0.004587s ]
INFO: [ app_begin ] --START--
INFO: Run ReadHtmlCache Behavior [ RunTime:0.002388s ]
INFO: [ app_begin ] --END-- [ RunTime:0.002747s ]
INFO: [ view_template ] --START--
INFO: Run LocationTemplate Behavior [ RunTime:0.003243s ]
INFO: [ view_template ] --END-- [ RunTime:0.003736s ]
INFO: [ view_parse ] --START--
INFO: Run ParseTemplate Behavior [ RunTime:0.026823s ]
INFO: [ view_parse ] --END-- [ RunTime:0.027198s ]
INFO: [ view_filter ] --START--
INFO: Run ContentReplace Behavior [ RunTime:0.001829s ]
INFO: Run TokenBuild Behavior [ RunTime:0.002288s ]
INFO: Run WriteHtmlCache Behavior [ RunTime:0.001900s ]
INFO: Run ShowRuntime Behavior [ RunTime:0.002240s ]
INFO: [ view_filter ] --END-- [ RunTime:0.009270s ]
INFO: [ view_end ] --START--
INFO: Run ShowPageTrace Behavior [ RunTime:0.002593s ]
INFO: [ view_end ] --END-- [ RunTime:0.003012s ]

[ 2015-07-27T13:37:10+08:00 ] 0.0.0.0 /xin_gong/index.php/Login/login
INFO: [ route_check ] --START--
INFO: Run CheckRoute Behavior [ RunTime:0.005560s ]
INFO: [ route_check ] --END-- [ RunTime:0.005992s ]
INFO: [ app_begin ] --START--
INFO: Run ReadHtmlCache Behavior [ RunTime:0.002926s ]
INFO: [ app_begin ] --END-- [ RunTime:0.003481s ]
INFO: [ view_template ] --START--
INFO: Run LocationTemplate Behavior [ RunTime:0.004057s ]
INFO: [ view_template ] --END-- [ RunTime:0.004530s ]
INFO: [ view_parse ] --START--
INFO: Run ParseTemplate Behavior [ RunTime:0.039950s ]
INFO: [ view_parse ] --END-- [ RunTime:0.041302s ]
INFO: [ view_filter ] --START--
INFO: Run ContentReplace Behavior [ RunTime:0.002007s ]
INFO: Run TokenBuild Behavior [ RunTime:0.002123s ]
INFO: Run WriteHtmlCache Behavior [ RunTime:0.003419s ]
INFO: Run ShowRuntime Behavior [ RunTime:0.004087s ]
INFO: [ view_filter ] --END-- [ RunTime:0.013094s ]
INFO: [ view_end ] --START--
INFO: Run ShowPageTrace Behavior [ RunTime:0.002794s ]
INFO: [ view_end ] --END-- [ RunTime:0.003149s ]

[ 2015-07-27T13:38:34+08:00 ] 0.0.0.0 /xin_gong/index.php/Login/login
INFO: [ route_check ] --START--
INFO: Run CheckRoute Behavior [ RunTime:0.003945s ]
INFO: [ route_check ] --END-- [ RunTime:0.004447s ]
INFO: [ app_begin ] --START--
INFO: Run ReadHtmlCache Behavior [ RunTime:0.004178s ]
INFO: [ app_begin ] --END-- [ RunTime:0.004821s ]
INFO: [ view_template ] --START--
INFO: Run LocationTemplate Behavior [ RunTime:0.004402s ]
INFO: [ view_template ] --END-- [ RunTime:0.005064s ]
INFO: [ view_parse ] --START--
INFO: Run ParseTemplate Behavior [ RunTime:0.046278s ]
INFO: [ view_parse ] --END-- [ RunTime:0.047104s ]
INFO: [ view_filter ] --START--
INFO: Run ContentReplace Behavior [ RunTime:0.003362s ]
INFO: Run TokenBuild Behavior [ RunTime:0.002873s ]
INFO: Run WriteHtmlCache Behavior [ RunTime:0.001641s ]
INFO: Run ShowRuntime Behavior [ RunTime:0.002767s ]
INFO: [ view_filter ] --END-- [ RunTime:0.013194s ]
INFO: [ view_end ] --START--
INFO: Run ShowPageTrace Behavior [ RunTime:0.005939s ]
INFO: [ view_end ] --END-- [ RunTime:0.006701s ]

[ 2015-07-27T13:39:16+08:00 ] 0.0.0.0 /xin_gong/index.php/Login/login
INFO: [ route_check ] --START--
INFO: Run CheckRoute Behavior [ RunTime:0.027293s ]
INFO: [ route_check ] --END-- [ RunTime:0.027810s ]
INFO: [ app_begin ] --START--
INFO: Run ReadHtmlCache Behavior [ RunTime:0.002711s ]
INFO: [ app_begin ] --END-- [ RunTime:0.003099s ]
INFO: [ view_template ] --START--
INFO: Run LocationTemplate Behavior [ RunTime:0.003000s ]
INFO: [ view_template ] --END-- [ RunTime:0.003419s ]
INFO: [ view_parse ] --START--
INFO: Run ParseTemplate Behavior [ RunTime:0.028244s ]
INFO: [ view_parse ] --END-- [ RunTime:0.028624s ]
INFO: [ view_filter ] --START--
INFO: Run ContentReplace Behavior [ RunTime:0.002042s ]
INFO: Run TokenBuild Behavior [ RunTime:0.002165s ]
INFO: Run WriteHtmlCache Behavior [ RunTime:0.001702s ]
INFO: Run ShowRuntime Behavior [ RunTime:0.003731s ]
INFO: [ view_filter ] --END-- [ RunTime:0.010788s ]
INFO: [ view_end ] --START--
INFO: Run ShowPageTrace Behavior [ RunTime:0.002935s ]
INFO: [ view_end ] --END-- [ RunTime:0.003525s ]

[ 2015-07-27T14:17:36+08:00 ] 0.0.0.0 /xin_gong/
INFO: [ app_begin ] --START--
INFO: Run ReadHtmlCache Behavior [ RunTime:0.002804s ]
INFO: [ app_begin ] --END-- [ RunTime:0.003180s ]
INFO: [ view_template ] --START--
INFO: Run LocationTemplate Behavior [ RunTime:0.002878s ]
INFO: [ view_template ] --END-- [ RunTime:0.003272s ]
INFO: [ view_parse ] --START--
INFO: Run ParseTemplate Behavior [ RunTime:0.037027s ]
INFO: [ view_parse ] --END-- [ RunTime:0.037408s ]
INFO: [ view_filter ] --START--
INFO: Run ContentReplace Behavior [ RunTime:0.002730s ]
INFO: Run TokenBuild Behavior [ RunTime:0.003172s ]
INFO: Run WriteHtmlCache Behavior [ RunTime:0.001636s ]
INFO: Run ShowRuntime Behavior [ RunTime:0.002147s ]
INFO: [ view_filter ] --END-- [ RunTime:0.010710s ]
INFO: [ view_end ] --START--
INFO: Run ShowPageTrace Behavior [ RunTime:0.002514s ]
INFO: [ view_end ] --END-- [ RunTime:0.002832s ]

[ 2015-07-27T14:17:40+08:00 ] 0.0.0.0 /xin_gong/index.php/Login/login
INFO: [ route_check ] --START--
INFO: Run CheckRoute Behavior [ RunTime:0.003056s ]
INFO: [ route_check ] --END-- [ RunTime:0.003425s ]
INFO: [ app_begin ] --START--
INFO: Run ReadHtmlCache Behavior [ RunTime:0.002229s ]
INFO: [ app_begin ] --END-- [ RunTime:0.002572s ]
INFO: [ view_template ] --START--
INFO: Run LocationTemplate Behavior [ RunTime:0.002537s ]
INFO: [ view_template ] --END-- [ RunTime:0.003022s ]
INFO: [ view_parse ] --START--
INFO: Run ParseTemplate Behavior [ RunTime:0.027789s ]
INFO: [ view_parse ] --END-- [ RunTime:0.028160s ]
INFO: [ view_filter ] --START--
INFO: Run ContentReplace Behavior [ RunTime:0.001581s ]
INFO: Run TokenBuild Behavior [ RunTime:0.001589s ]
INFO: Run WriteHtmlCache Behavior [ RunTime:0.001263s ]
INFO: Run ShowRuntime Behavior [ RunTime:0.002562s ]
INFO: [ view_filter ] --END-- [ RunTime:0.007972s ]
INFO: [ view_end ] --START--
INFO: Run ShowPageTrace Behavior [ RunTime:0.003240s ]
INFO: [ view_end ] --END-- [ RunTime:0.003739s ]

[ 2015-07-27T14:21:00+08:00 ] 0.0.0.0 /xin_gong/index.php/Login/login
INFO: [ route_check ] --START--
INFO: Run CheckRoute Behavior [ RunTime:0.004805s ]
INFO: [ route_check ] --END-- [ RunTime:0.005435s ]
INFO: [ app_begin ] --START--
INFO: Run ReadHtmlCache Behavior [ RunTime:0.003726s ]
INFO: [ app_begin ] --END-- [ RunTime:0.004347s ]
INFO: [ view_template ] --START--
INFO: Run LocationTemplate Behavior [ RunTime:0.003675s ]
INFO: [ view_template ] --END-- [ RunTime:0.004333s ]
INFO: [ view_parse ] --START--
INFO: Run ParseTemplate Behavior [ RunTime:0.031110s ]
INFO: [ view_parse ] --END-- [ RunTime:0.031618s ]
INFO: [ view_filter ] --START--
INFO: Run ContentReplace Behavior [ RunTime:0.001797s ]
INFO: Run TokenBuild Behavior [ RunTime:0.003041s ]
INFO: Run WriteHtmlCache Behavior [ RunTime:0.002168s ]
INFO: Run ShowRuntime Behavior [ RunTime:0.003238s ]
INFO: [ view_filter ] --END-- [ RunTime:0.011697s ]
INFO: [ view_end ] --START--
INFO: Run ShowPageTrace Behavior [ RunTime:0.002572s ]
INFO: [ view_end ] --END-- [ RunTime:0.002917s ]

[ 2015-07-27T14:22:00+08:00 ] ERR: (ThinkException) Ê®°Êùø‰∏çÂ≠òÂú®[./Home/Tpl/Login/dologin.html]
