[ 2015-07-17T09:56:45+08:00 ] 0.0.0.0 /xin_gong/
INFO: [ app_begin ] --START--
INFO: Run ReadHtmlCache Behavior [ RunTime:0.005522s ]
INFO: [ app_begin ] --END-- [ RunTime:0.006245s ]
INFO: [ view_parse ] --START--
INFO: Run ParseTemplate Behavior [ RunTime:0.030812s ]
INFO: [ view_parse ] --END-- [ RunTime:0.031292s ]
INFO: [ view_filter ] --START--
INFO: Run ContentReplace Behavior [ RunTime:0.002019s ]
INFO: Run TokenBuild Behavior [ RunTime:0.002184s ]
INFO: Run WriteHtmlCache Behavior [ RunTime:0.011957s ]
INFO: Run ShowRuntime Behavior [ RunTime:0.003199s ]
INFO: [ view_filter ] --END-- [ RunTime:0.020391s ]
INFO: [ view_end ] --START--
INFO: Run ShowPageTrace Behavior [ RunTime:0.008411s ]
INFO: [ view_end ] --END-- [ RunTime:0.008961s ]

[ 2015-07-17T10:53:44+08:00 ] 0.0.0.0 /xin_gong/
INFO: [ app_begin ] --START--
INFO: Run ReadHtmlCache Behavior [ RunTime:0.004317s ]
INFO: [ app_begin ] --END-- [ RunTime:0.004982s ]
INFO: [ view_template ] --START--
INFO: Run LocationTemplate Behavior [ RunTime:0.051027s ]
INFO: [ view_template ] --END-- [ RunTime:0.051544s ]
INFO: [ view_parse ] --START--
INFO: Run ParseTemplate Behavior [ RunTime:0.042817s ]
INFO: [ view_parse ] --END-- [ RunTime:0.043402s ]
INFO: [ view_filter ] --START--
INFO: Run ContentReplace Behavior [ RunTime:0.002774s ]
INFO: Run TokenBuild Behavior [ RunTime:0.002674s ]
INFO: Run WriteHtmlCache Behavior [ RunTime:0.002353s ]
INFO: Run ShowRuntime Behavior [ RunTime:0.004659s ]
INFO: [ view_filter ] --END-- [ RunTime:0.013929s ]
INFO: [ view_end ] --START--
INFO: Run ShowPageTrace Behavior [ RunTime:0.003235s ]
INFO: [ view_end ] --END-- [ RunTime:0.003602s ]

[ 2015-07-17T10:54:08+08:00 ] 0.0.0.0 /xin_gong/
INFO: [ app_begin ] --START--
INFO: Run ReadHtmlCache Behavior [ RunTime:0.003015s ]
INFO: [ app_begin ] --END-- [ RunTime:0.003545s ]
INFO: [ view_template ] --START--
INFO: Run LocationTemplate Behavior [ RunTime:0.001956s ]
INFO: [ view_template ] --END-- [ RunTime:0.002328s ]
INFO: [ view_parse ] --START--
INFO: Run ParseTemplate Behavior [ RunTime:0.027536s ]
INFO: [ view_parse ] --END-- [ RunTime:0.028102s ]
INFO: [ view_filter ] --START--
INFO: Run ContentReplace Behavior [ RunTime:0.001807s ]
INFO: Run TokenBuild Behavior [ RunTime:0.001902s ]
INFO: Run WriteHtmlCache Behavior [ RunTime:0.001587s ]
INFO: Run ShowRuntime Behavior [ RunTime:0.004790s ]
INFO: [ view_filter ] --END-- [ RunTime:0.011079s ]
INFO: [ view_end ] --START--
INFO: Run ShowPageTrace Behavior [ RunTime:0.002445s ]
INFO: [ view_end ] --END-- [ RunTime:0.002874s ]

[ 2015-07-17T10:55:52+08:00 ] 0.0.0.0 /xin_gong/
INFO: [ app_begin ] --START--
INFO: Run ReadHtmlCache Behavior [ RunTime:0.004468s ]
INFO: [ app_begin ] --END-- [ RunTime:0.004987s ]
INFO: [ view_template ] --START--
INFO: Run LocationTemplate Behavior [ RunTime:0.004506s ]
INFO: [ view_template ] --END-- [ RunTime:0.004934s ]
INFO: [ view_parse ] --START--
INFO: Run ParseTemplate Behavior [ RunTime:0.033800s ]
INFO: [ view_parse ] --END-- [ RunTime:0.034252s ]
INFO: [ view_filter ] --START--
INFO: Run ContentReplace Behavior [ RunTime:0.003346s ]
INFO: Run TokenBuild Behavior [ RunTime:0.002839s ]
INFO: Run WriteHtmlCache Behavior [ RunTime:0.003151s ]
INFO: Run ShowRuntime Behavior [ RunTime:0.004021s ]
INFO: [ view_filter ] --END-- [ RunTime:0.014563s ]
INFO: [ view_end ] --START--
INFO: Run ShowPageTrace Behavior [ RunTime:0.003022s ]
INFO: [ view_end ] --END-- [ RunTime:0.003376s ]

[ 2015-07-17T10:55:54+08:00 ] 0.0.0.0 /xin_gong/
INFO: [ app_begin ] --START--
INFO: Run ReadHtmlCache Behavior [ RunTime:0.002264s ]
INFO: [ app_begin ] --END-- [ RunTime:0.002714s ]
INFO: [ view_template ] --START--
INFO: Run LocationTemplate Behavior [ RunTime:0.001868s ]
INFO: [ view_template ] --END-- [ RunTime:0.002198s ]
INFO: [ view_parse ] --START--
INFO: Run ParseTemplate Behavior [ RunTime:0.026636s ]
INFO: [ view_parse ] --END-- [ RunTime:0.027165s ]
INFO: [ view_filter ] --START--
INFO: Run ContentReplace Behavior [ RunTime:0.001871s ]
INFO: Run TokenBuild Behavior [ RunTime:0.001843s ]
INFO: Run WriteHtmlCache Behavior [ RunTime:0.001600s ]
INFO: Run ShowRuntime Behavior [ RunTime:0.002403s ]
INFO: [ view_filter ] --END-- [ RunTime:0.008665s ]
INFO: [ view_end ] --START--
INFO: Run ShowPageTrace Behavior [ RunTime:0.002268s ]
INFO: [ view_end ] --END-- [ RunTime:0.002641s ]

[ 2015-07-17T10:56:22+08:00 ] 0.0.0.0 /xin_gong/
INFO: [ app_begin ] --START--
INFO: Run ReadHtmlCache Behavior [ RunTime:0.002543s ]
INFO: [ app_begin ] --END-- [ RunTime:0.002921s ]
INFO: [ view_template ] --START--
INFO: Run LocationTemplate Behavior [ RunTime:0.002016s ]
INFO: [ view_template ] --END-- [ RunTime:0.002426s ]
INFO: [ view_parse ] --START--
INFO: Run ParseTemplate Behavior [ RunTime:0.029461s ]
INFO: [ view_parse ] --END-- [ RunTime:0.029895s ]
INFO: [ view_filter ] --START--
INFO: Run ContentReplace Behavior [ RunTime:0.001812s ]
INFO: Run TokenBuild Behavior [ RunTime:0.001939s ]
INFO: Run WriteHtmlCache Behavior [ RunTime:0.001534s ]
INFO: Run ShowRuntime Behavior [ RunTime:0.002175s ]
INFO: [ view_filter ] --END-- [ RunTime:0.008653s ]
INFO: [ view_end ] --START--
INFO: Run ShowPageTrace Behavior [ RunTime:0.002759s ]
INFO: [ view_end ] --END-- [ RunTime:0.003134s ]

[ 2015-07-17T10:56:24+08:00 ] 0.0.0.0 /xin_gong/
INFO: [ app_begin ] --START--
INFO: Run ReadHtmlCache Behavior [ RunTime:0.002544s ]
INFO: [ app_begin ] --END-- [ RunTime:0.003029s ]
INFO: [ view_template ] --START--
INFO: Run LocationTemplate Behavior [ RunTime:0.002165s ]
INFO: [ view_template ] --END-- [ RunTime:0.002605s ]
INFO: [ view_parse ] --START--
INFO: Run ParseTemplate Behavior [ RunTime:0.030563s ]
INFO: [ view_parse ] --END-- [ RunTime:0.030985s ]
INFO: [ view_filter ] --START--
INFO: Run ContentReplace Behavior [ RunTime:0.002167s ]
INFO: Run TokenBuild Behavior [ RunTime:0.002268s ]
INFO: Run WriteHtmlCache Behavior [ RunTime:0.001681s ]
INFO: Run ShowRuntime Behavior [ RunTime:0.002712s ]
INFO: [ view_filter ] --END-- [ RunTime:0.010221s ]
INFO: [ view_end ] --START--
INFO: Run ShowPageTrace Behavior [ RunTime:0.002755s ]
INFO: [ view_end ] --END-- [ RunTime:0.003119s ]

[ 2015-07-17T10:56:40+08:00 ] 0.0.0.0 /xin_gong/
INFO: [ app_begin ] --START--
INFO: Run ReadHtmlCache Behavior [ RunTime:0.002724s ]
INFO: [ app_begin ] --END-- [ RunTime:0.003230s ]
INFO: [ view_template ] --START--
INFO: Run LocationTemplate Behavior [ RunTime:0.001864s ]
INFO: [ view_template ] --END-- [ RunTime:0.002309s ]
INFO: [ view_parse ] --START--
INFO: Run ParseTemplate Behavior [ RunTime:0.029909s ]
INFO: [ view_parse ] --END-- [ RunTime:0.030347s ]
INFO: [ view_filter ] --START--
INFO: Run ContentReplace Behavior [ RunTime:0.001890s ]
INFO: Run TokenBuild Behavior [ RunTime:0.001979s ]
INFO: Run WriteHtmlCache Behavior [ RunTime:0.001610s ]
INFO: Run ShowRuntime Behavior [ RunTime:0.002669s ]
INFO: [ view_filter ] --END-- [ RunTime:0.009184s ]
INFO: [ view_end ] --START--
INFO: Run ShowPageTrace Behavior [ RunTime:0.002507s ]
INFO: [ view_end ] --END-- [ RunTime:0.002956s ]

[ 2015-07-17T10:56:55+08:00 ] 0.0.0.0 /xin_gong/
INFO: [ app_begin ] --START--
INFO: Run ReadHtmlCache Behavior [ RunTime:0.002701s ]
INFO: [ app_begin ] --END-- [ RunTime:0.003225s ]
INFO: [ view_template ] --START--
INFO: Run LocationTemplate Behavior [ RunTime:0.002029s ]
INFO: [ view_template ] --END-- [ RunTime:0.002469s ]
INFO: [ view_parse ] --START--
INFO: Run ParseTemplate Behavior [ RunTime:0.028940s ]
INFO: [ view_parse ] --END-- [ RunTime:0.029353s ]
INFO: [ view_filter ] --START--
INFO: Run ContentReplace Behavior [ RunTime:0.001847s ]
INFO: Run TokenBuild Behavior [ RunTime:0.001849s ]
INFO: Run WriteHtmlCache Behavior [ RunTime:0.001464s ]
INFO: Run ShowRuntime Behavior [ RunTime:0.002288s ]
INFO: [ view_filter ] --END-- [ RunTime:0.008512s ]
INFO: [ view_end ] --START--
INFO: Run ShowPageTrace Behavior [ RunTime:0.002487s ]
INFO: [ view_end ] --END-- [ RunTime:0.002798s ]

[ 2015-07-17T10:56:56+08:00 ] 0.0.0.0 /xin_gong/
INFO: [ app_begin ] --START--
INFO: Run ReadHtmlCache Behavior [ RunTime:0.002303s ]
INFO: [ app_begin ] --END-- [ RunTime:0.002726s ]
INFO: [ view_template ] --START--
INFO: Run LocationTemplate Behavior [ RunTime:0.001853s ]
INFO: [ view_template ] --END-- [ RunTime:0.002254s ]
INFO: [ view_parse ] --START--
INFO: Run ParseTemplate Behavior [ RunTime:0.026753s ]
INFO: [ view_parse ] --END-- [ RunTime:0.027112s ]
INFO: [ view_filter ] --START--
INFO: Run ContentReplace Behavior [ RunTime:0.002166s ]
INFO: Run TokenBuild Behavior [ RunTime:0.002185s ]
INFO: Run WriteHtmlCache Behavior [ RunTime:0.001393s ]
INFO: Run ShowRuntime Behavior [ RunTime:0.002210s ]
INFO: [ view_filter ] --END-- [ RunTime:0.009112s ]
INFO: [ view_end ] --START--
INFO: Run ShowPageTrace Behavior [ RunTime:0.002879s ]
INFO: [ view_end ] --END-- [ RunTime:0.003310s ]

[ 2015-07-17T11:00:02+08:00 ] 0.0.0.0 /xin_gong/
INFO: [ app_begin ] --START--
INFO: Run ReadHtmlCache Behavior [ RunTime:0.005699s ]
INFO: [ app_begin ] --END-- [ RunTime:0.006155s ]
INFO: [ view_template ] --START--
INFO: Run LocationTemplate Behavior [ RunTime:0.003841s ]
INFO: [ view_template ] --END-- [ RunTime:0.004389s ]
INFO: [ view_parse ] --START--
INFO: Run ParseTemplate Behavior [ RunTime:0.031824s ]
INFO: [ view_parse ] --END-- [ RunTime:0.032489s ]
INFO: [ view_filter ] --START--
INFO: Run ContentReplace Behavior [ RunTime:0.002612s ]
INFO: Run TokenBuild Behavior [ RunTime:0.002396s ]
INFO: Run WriteHtmlCache Behavior [ RunTime:0.001750s ]
INFO: Run ShowRuntime Behavior [ RunTime:0.002926s ]
INFO: [ view_filter ] --END-- [ RunTime:0.010712s ]
INFO: [ view_end ] --START--
INFO: Run ShowPageTrace Behavior [ RunTime:0.002988s ]
INFO: [ view_end ] --END-- [ RunTime:0.003319s ]

[ 2015-07-17T11:02:46+08:00 ] 0.0.0.0 /xin_gong/
INFO: [ app_begin ] --START--
INFO: Run ReadHtmlCache Behavior [ RunTime:0.004822s ]
INFO: [ app_begin ] --END-- [ RunTime:0.005589s ]
INFO: [ view_template ] --START--
INFO: Run LocationTemplate Behavior [ RunTime:0.004490s ]
INFO: [ view_template ] --END-- [ RunTime:0.005082s ]
INFO: [ view_parse ] --START--
INFO: Run ParseTemplate Behavior [ RunTime:0.030304s ]
INFO: [ view_parse ] --END-- [ RunTime:0.030835s ]
INFO: [ view_filter ] --START--
INFO: Run ContentReplace Behavior [ RunTime:0.001947s ]
INFO: Run TokenBuild Behavior [ RunTime:0.002335s ]
INFO: Run WriteHtmlCache Behavior [ RunTime:0.001993s ]
INFO: Run ShowRuntime Behavior [ RunTime:0.002780s ]
INFO: [ view_filter ] --END-- [ RunTime:0.010293s ]
INFO: [ view_end ] --START--
INFO: Run ShowPageTrace Behavior [ RunTime:0.006271s ]
INFO: [ view_end ] --END-- [ RunTime:0.006802s ]

[ 2015-07-17T11:04:27+08:00 ] 0.0.0.0 /xin_gong/
INFO: [ app_begin ] --START--
INFO: Run ReadHtmlCache Behavior [ RunTime:0.002340s ]
INFO: [ app_begin ] --END-- [ RunTime:0.002773s ]
INFO: [ view_template ] --START--
INFO: Run LocationTemplate Behavior [ RunTime:0.001889s ]
INFO: [ view_template ] --END-- [ RunTime:0.002242s ]
INFO: [ view_parse ] --START--
INFO: Run ParseTemplate Behavior [ RunTime:0.032254s ]
INFO: [ view_parse ] --END-- [ RunTime:0.032867s ]
INFO: [ view_filter ] --START--
INFO: Run ContentReplace Behavior [ RunTime:0.002371s ]
INFO: Run TokenBuild Behavior [ RunTime:0.002209s ]
INFO: Run WriteHtmlCache Behavior [ RunTime:0.001511s ]
INFO: Run ShowRuntime Behavior [ RunTime:0.002338s ]
INFO: [ view_filter ] --END-- [ RunTime:0.009487s ]
INFO: [ view_end ] --START--
INFO: Run ShowPageTrace Behavior [ RunTime:0.003563s ]
INFO: [ view_end ] --END-- [ RunTime:0.004187s ]

[ 2015-07-17T11:06:39+08:00 ] 0.0.0.0 /xin_gong/
INFO: [ app_begin ] --START--
INFO: Run ReadHtmlCache Behavior [ RunTime:0.004518s ]
INFO: [ app_begin ] --END-- [ RunTime:0.006228s ]
INFO: [ view_template ] --START--
INFO: Run LocationTemplate Behavior [ RunTime:0.005059s ]
INFO: [ view_template ] --END-- [ RunTime:0.005720s ]
INFO: [ view_parse ] --START--
INFO: Run ParseTemplate Behavior [ RunTime:0.038690s ]
INFO: [ view_parse ] --END-- [ RunTime:0.039381s ]
INFO: [ view_filter ] --START--
INFO: Run ContentReplace Behavior [ RunTime:0.002534s ]
INFO: Run TokenBuild Behavior [ RunTime:0.002968s ]
INFO: Run WriteHtmlCache Behavior [ RunTime:0.002702s ]
INFO: Run ShowRuntime Behavior [ RunTime:0.002875s ]
INFO: [ view_filter ] --END-- [ RunTime:0.012218s ]
INFO: [ view_end ] --START--
INFO: Run ShowPageTrace Behavior [ RunTime:0.003000s ]
INFO: [ view_end ] --END-- [ RunTime:0.003452s ]

[ 2015-07-17T11:11:39+08:00 ] 0.0.0.0 /xin_gong/
INFO: [ app_begin ] --START--
INFO: Run ReadHtmlCache Behavior [ RunTime:0.003385s ]
INFO: [ app_begin ] --END-- [ RunTime:0.003831s ]
INFO: [ view_template ] --START--
INFO: Run LocationTemplate Behavior [ RunTime:0.003158s ]
INFO: [ view_template ] --END-- [ RunTime:0.003517s ]
INFO: [ view_parse ] --START--
INFO: Run ParseTemplate Behavior [ RunTime:0.032811s ]
INFO: [ view_parse ] --END-- [ RunTime:0.033221s ]
INFO: [ view_filter ] --START--
INFO: Run ContentReplace Behavior [ RunTime:0.002013s ]
INFO: Run TokenBuild Behavior [ RunTime:0.002357s ]
INFO: Run WriteHtmlCache Behavior [ RunTime:0.002443s ]
INFO: Run ShowRuntime Behavior [ RunTime:0.003068s ]
INFO: [ view_filter ] --END-- [ RunTime:0.010934s ]
INFO: [ view_end ] --START--
INFO: Run ShowPageTrace Behavior [ RunTime:0.002954s ]
INFO: [ view_end ] --END-- [ RunTime:0.003443s ]

[ 2015-07-17T11:11:39+08:00 ] ERR: (ThinkException) 无法加载模块:Css
[ 2015-07-17T11:12:35+08:00 ] 0.0.0.0 /xin_gong/
INFO: [ app_begin ] --START--
INFO: Run ReadHtmlCache Behavior [ RunTime:0.002888s ]
INFO: [ app_begin ] --END-- [ RunTime:0.003385s ]
INFO: [ view_template ] --START--
INFO: Run LocationTemplate Behavior [ RunTime:0.001924s ]
INFO: [ view_template ] --END-- [ RunTime:0.002338s ]
INFO: [ view_parse ] --START--
INFO: Run ParseTemplate Behavior [ RunTime:0.032844s ]
INFO: [ view_parse ] --END-- [ RunTime:0.033866s ]
INFO: [ view_filter ] --START--
INFO: Run ContentReplace Behavior [ RunTime:0.002068s ]
INFO: Run TokenBuild Behavior [ RunTime:0.004039s ]
INFO: Run WriteHtmlCache Behavior [ RunTime:0.001466s ]
INFO: Run ShowRuntime Behavior [ RunTime:0.002721s ]
INFO: [ view_filter ] --END-- [ RunTime:0.012448s ]
INFO: [ view_end ] --START--
INFO: Run ShowPageTrace Behavior [ RunTime:0.002567s ]
INFO: [ view_end ] --END-- [ RunTime:0.002984s ]

[ 2015-07-17T11:28:32+08:00 ] 0.0.0.0 /xin_gong/
INFO: [ app_begin ] --START--
INFO: Run ReadHtmlCache Behavior [ RunTime:0.004908s ]
INFO: [ app_begin ] --END-- [ RunTime:0.005501s ]
INFO: [ view_template ] --START--
INFO: Run LocationTemplate Behavior [ RunTime:0.004480s ]
INFO: [ view_template ] --END-- [ RunTime:0.005321s ]
INFO: [ view_parse ] --START--
INFO: Run ParseTemplate Behavior [ RunTime:0.042361s ]
INFO: [ view_parse ] --END-- [ RunTime:0.043024s ]
INFO: [ view_filter ] --START--
INFO: Run ContentReplace Behavior [ RunTime:0.002725s ]
INFO: Run TokenBuild Behavior [ RunTime:0.002595s ]
INFO: Run WriteHtmlCache Behavior [ RunTime:0.002492s ]
INFO: Run ShowRuntime Behavior [ RunTime:0.002453s ]
INFO: [ view_filter ] --END-- [ RunTime:0.011793s ]
INFO: [ view_end ] --START--
INFO: Run ShowPageTrace Behavior [ RunTime:0.002872s ]
INFO: [ view_end ] --END-- [ RunTime:0.003506s ]

[ 2015-07-17T11:29:33+08:00 ] 0.0.0.0 /xin_gong/
INFO: [ app_begin ] --START--
INFO: Run ReadHtmlCache Behavior [ RunTime:0.003276s ]
INFO: [ app_begin ] --END-- [ RunTime:0.004324s ]
INFO: [ view_template ] --START--
INFO: Run LocationTemplate Behavior [ RunTime:0.002539s ]
INFO: [ view_template ] --END-- [ RunTime:0.003156s ]
INFO: [ view_parse ] --START--
INFO: Run ParseTemplate Behavior [ RunTime:0.036308s ]
INFO: [ view_parse ] --END-- [ RunTime:0.036784s ]
INFO: [ view_filter ] --START--
INFO: Run ContentReplace Behavior [ RunTime:0.001878s ]
INFO: Run TokenBuild Behavior [ RunTime:0.002289s ]
INFO: Run WriteHtmlCache Behavior [ RunTime:0.001898s ]
INFO: Run ShowRuntime Behavior [ RunTime:0.003069s ]
INFO: [ view_filter ] --END-- [ RunTime:0.010468s ]
INFO: [ view_end ] --START--
INFO: Run ShowPageTrace Behavior [ RunTime:0.002652s ]
INFO: [ view_end ] --END-- [ RunTime:0.003040s ]

[ 2015-07-17T11:33:14+08:00 ] 0.0.0.0 /xin_gong/
INFO: [ app_begin ] --START--
INFO: Run ReadHtmlCache Behavior [ RunTime:0.002890s ]
INFO: [ app_begin ] --END-- [ RunTime:0.003366s ]
INFO: [ view_template ] --START--
INFO: Run LocationTemplate Behavior [ RunTime:0.002975s ]
INFO: [ view_template ] --END-- [ RunTime:0.003357s ]
INFO: [ view_parse ] --START--
INFO: Run ParseTemplate Behavior [ RunTime:0.030101s ]
INFO: [ view_parse ] --END-- [ RunTime:0.030543s ]
INFO: [ view_filter ] --START--
INFO: Run ContentReplace Behavior [ RunTime:0.001985s ]
INFO: Run TokenBuild Behavior [ RunTime:0.002871s ]
INFO: Run WriteHtmlCache Behavior [ RunTime:0.001899s ]
INFO: Run ShowRuntime Behavior [ RunTime:0.005345s ]
INFO: [ view_filter ] --END-- [ RunTime:0.013266s ]
INFO: [ view_end ] --START--
INFO: Run ShowPageTrace Behavior [ RunTime:0.003110s ]
INFO: [ view_end ] --END-- [ RunTime:0.003541s ]

[ 2015-07-17T11:34:05+08:00 ] 0.0.0.0 /xin_gong/
INFO: [ app_begin ] --START--
INFO: Run ReadHtmlCache Behavior [ RunTime:0.003256s ]
INFO: [ app_begin ] --END-- [ RunTime:0.003672s ]
INFO: [ view_template ] --START--
INFO: Run LocationTemplate Behavior [ RunTime:0.003145s ]
INFO: [ view_template ] --END-- [ RunTime:0.003666s ]
INFO: [ view_parse ] --START--
INFO: Run ParseTemplate Behavior [ RunTime:0.040524s ]
INFO: [ view_parse ] --END-- [ RunTime:0.044074s ]
INFO: [ view_filter ] --START--
INFO: Run ContentReplace Behavior [ RunTime:0.002592s ]
INFO: Run TokenBuild Behavior [ RunTime:0.002884s ]
INFO: Run WriteHtmlCache Behavior [ RunTime:0.001608s ]
INFO: Run ShowRuntime Behavior [ RunTime:0.003505s ]
INFO: [ view_filter ] --END-- [ RunTime:0.011837s ]
INFO: [ view_end ] --START--
INFO: Run ShowPageTrace Behavior [ RunTime:0.004130s ]
INFO: [ view_end ] --END-- [ RunTime:0.004639s ]

[ 2015-07-17T11:48:17+08:00 ] 0.0.0.0 /xin_gong/
INFO: [ app_begin ] --START--
INFO: Run ReadHtmlCache Behavior [ RunTime:0.003177s ]
INFO: [ app_begin ] --END-- [ RunTime:0.003673s ]
INFO: [ view_template ] --START--
INFO: Run LocationTemplate Behavior [ RunTime:0.002923s ]
INFO: [ view_template ] --END-- [ RunTime:0.003338s ]
INFO: [ view_parse ] --START--
INFO: Run ParseTemplate Behavior [ RunTime:0.026517s ]
INFO: [ view_parse ] --END-- [ RunTime:0.026890s ]
INFO: [ view_filter ] --START--
INFO: Run ContentReplace Behavior [ RunTime:0.001972s ]
INFO: Run TokenBuild Behavior [ RunTime:0.002584s ]
INFO: Run WriteHtmlCache Behavior [ RunTime:0.001726s ]
INFO: Run ShowRuntime Behavior [ RunTime:0.002337s ]
INFO: [ view_filter ] --END-- [ RunTime:0.009507s ]
INFO: [ view_end ] --START--
INFO: Run ShowPageTrace Behavior [ RunTime:0.003498s ]
INFO: [ view_end ] --END-- [ RunTime:0.003939s ]

[ 2015-07-17T11:55:00+08:00 ] 0.0.0.0 /xin_gong/
INFO: [ app_begin ] --START--
INFO: Run ReadHtmlCache Behavior [ RunTime:0.003225s ]
INFO: [ app_begin ] --END-- [ RunTime:0.003738s ]
INFO: [ view_template ] --START--
INFO: Run LocationTemplate Behavior [ RunTime:0.003132s ]
INFO: [ view_template ] --END-- [ RunTime:0.003640s ]
INFO: [ view_parse ] --START--
INFO: Run ParseTemplate Behavior [ RunTime:0.047476s ]
INFO: [ view_parse ] --END-- [ RunTime:0.047928s ]
INFO: [ view_filter ] --START--
INFO: Run ContentReplace Behavior [ RunTime:0.003586s ]
INFO: Run TokenBuild Behavior [ RunTime:0.002818s ]
INFO: Run WriteHtmlCache Behavior [ RunTime:0.002022s ]
INFO: Run ShowRuntime Behavior [ RunTime:0.003761s ]
INFO: [ view_filter ] --END-- [ RunTime:0.013494s ]
INFO: [ view_end ] --START--
INFO: Run ShowPageTrace Behavior [ RunTime:0.003127s ]
INFO: [ view_end ] --END-- [ RunTime:0.003632s ]

[ 2015-07-17T11:59:20+08:00 ] 0.0.0.0 /xin_gong/
INFO: [ app_begin ] --START--
INFO: Run ReadHtmlCache Behavior [ RunTime:0.004577s ]
INFO: [ app_begin ] --END-- [ RunTime:0.005298s ]
INFO: [ view_template ] --START--
INFO: Run LocationTemplate Behavior [ RunTime:0.003941s ]
INFO: [ view_template ] --END-- [ RunTime:0.004461s ]
INFO: [ view_parse ] --START--
INFO: Run ParseTemplate Behavior [ RunTime:0.032050s ]
INFO: [ view_parse ] --END-- [ RunTime:0.032535s ]
INFO: [ view_filter ] --START--
INFO: Run ContentReplace Behavior [ RunTime:0.001994s ]
INFO: Run TokenBuild Behavior [ RunTime:0.002146s ]
INFO: Run WriteHtmlCache Behavior [ RunTime:0.001713s ]
INFO: Run ShowRuntime Behavior [ RunTime:0.002502s ]
INFO: [ view_filter ] --END-- [ RunTime:0.009335s ]
INFO: [ view_end ] --START--
INFO: Run ShowPageTrace Behavior [ RunTime:0.002750s ]
INFO: [ view_end ] --END-- [ RunTime:0.003112s ]

[ 2015-07-17T12:01:06+08:00 ] 0.0.0.0 /xin_gong/
INFO: [ app_begin ] --START--
INFO: Run ReadHtmlCache Behavior [ RunTime:0.002803s ]
INFO: [ app_begin ] --END-- [ RunTime:0.003447s ]
INFO: [ view_template ] --START--
INFO: Run LocationTemplate Behavior [ RunTime:0.001736s ]
INFO: [ view_template ] --END-- [ RunTime:0.002106s ]
INFO: [ view_parse ] --START--
INFO: Run ParseTemplate Behavior [ RunTime:0.025011s ]
INFO: [ view_parse ] --END-- [ RunTime:0.025366s ]
INFO: [ view_filter ] --START--
INFO: Run ContentReplace Behavior [ RunTime:0.001695s ]
INFO: Run TokenBuild Behavior [ RunTime:0.002201s ]
INFO: Run WriteHtmlCache Behavior [ RunTime:0.001487s ]
INFO: Run ShowRuntime Behavior [ RunTime:0.002299s ]
INFO: [ view_filter ] --END-- [ RunTime:0.008812s ]
INFO: [ view_end ] --START--
INFO: Run ShowPageTrace Behavior [ RunTime:0.003106s ]
INFO: [ view_end ] --END-- [ RunTime:0.003559s ]

[ 2015-07-17T12:06:07+08:00 ] 0.0.0.0 /xin_gong/
INFO: [ app_begin ] --START--
INFO: Run ReadHtmlCache Behavior [ RunTime:0.004011s ]
INFO: [ app_begin ] --END-- [ RunTime:0.004658s ]
INFO: [ view_template ] --START--
INFO: Run LocationTemplate Behavior [ RunTime:0.003170s ]
INFO: [ view_template ] --END-- [ RunTime:0.003611s ]
INFO: [ view_parse ] --START--
INFO: Run ParseTemplate Behavior [ RunTime:0.036268s ]
INFO: [ view_parse ] --END-- [ RunTime:0.036791s ]
INFO: [ view_filter ] --START--
INFO: Run ContentReplace Behavior [ RunTime:0.002826s ]
INFO: Run TokenBuild Behavior [ RunTime:0.002215s ]
INFO: Run WriteHtmlCache Behavior [ RunTime:0.001684s ]
INFO: Run ShowRuntime Behavior [ RunTime:0.002991s ]
INFO: [ view_filter ] --END-- [ RunTime:0.010771s ]
INFO: [ view_end ] --START--
INFO: Run ShowPageTrace Behavior [ RunTime:0.002897s ]
INFO: [ view_end ] --END-- [ RunTime:0.003327s ]

[ 2015-07-17T12:23:43+08:00 ] 0.0.0.0 /xin_gong/
INFO: [ app_begin ] --START--
INFO: Run ReadHtmlCache Behavior [ RunTime:0.003915s ]
INFO: [ app_begin ] --END-- [ RunTime:0.004547s ]
INFO: [ view_template ] --START--
INFO: Run LocationTemplate Behavior [ RunTime:0.003732s ]
INFO: [ view_template ] --END-- [ RunTime:0.004259s ]
INFO: [ view_parse ] --START--
INFO: Run ParseTemplate Behavior [ RunTime:0.040222s ]
INFO: [ view_parse ] --END-- [ RunTime:0.040651s ]
INFO: [ view_filter ] --START--
INFO: Run ContentReplace Behavior [ RunTime:0.002021s ]
INFO: Run TokenBuild Behavior [ RunTime:0.002716s ]
INFO: Run WriteHtmlCache Behavior [ RunTime:0.001574s ]
INFO: Run ShowRuntime Behavior [ RunTime:0.002615s ]
INFO: [ view_filter ] --END-- [ RunTime:0.009940s ]
INFO: [ view_end ] --START--
INFO: Run ShowPageTrace Behavior [ RunTime:0.004136s ]
INFO: [ view_end ] --END-- [ RunTime:0.004596s ]

[ 2015-07-17T12:24:07+08:00 ] 0.0.0.0 /xin_gong/
INFO: [ app_begin ] --START--
INFO: Run ReadHtmlCache Behavior [ RunTime:0.003086s ]
INFO: [ app_begin ] --END-- [ RunTime:0.003713s ]
INFO: [ view_template ] --START--
INFO: Run LocationTemplate Behavior [ RunTime:0.005954s ]
INFO: [ view_template ] --END-- [ RunTime:0.006575s ]
INFO: [ view_parse ] --START--
INFO: Run ParseTemplate Behavior [ RunTime:0.043610s ]
INFO: [ view_parse ] --END-- [ RunTime:0.044261s ]
INFO: [ view_filter ] --START--
INFO: Run ContentReplace Behavior [ RunTime:0.003908s ]
INFO: Run TokenBuild Behavior [ RunTime:0.002915s ]
INFO: Run WriteHtmlCache Behavior [ RunTime:0.001594s ]
INFO: Run ShowRuntime Behavior [ RunTime:0.002001s ]
INFO: [ view_filter ] --END-- [ RunTime:0.012652s ]
INFO: [ view_end ] --START--
INFO: Run ShowPageTrace Behavior [ RunTime:0.008015s ]
INFO: [ view_end ] --END-- [ RunTime:0.009075s ]

[ 2015-07-17T12:32:59+08:00 ] 0.0.0.0 /xin_gong/
INFO: [ app_begin ] --START--
INFO: Run ReadHtmlCache Behavior [ RunTime:0.005856s ]
INFO: [ app_begin ] --END-- [ RunTime:0.006342s ]
INFO: [ view_template ] --START--
INFO: Run LocationTemplate Behavior [ RunTime:0.003910s ]
INFO: [ view_template ] --END-- [ RunTime:0.004396s ]
INFO: [ view_parse ] --START--
INFO: Run ParseTemplate Behavior [ RunTime:0.031777s ]
INFO: [ view_parse ] --END-- [ RunTime:0.032386s ]
INFO: [ view_filter ] --START--
INFO: Run ContentReplace Behavior [ RunTime:0.001999s ]
INFO: Run TokenBuild Behavior [ RunTime:0.002130s ]
INFO: Run WriteHtmlCache Behavior [ RunTime:0.001654s ]
INFO: Run ShowRuntime Behavior [ RunTime:0.002376s ]
INFO: [ view_filter ] --END-- [ RunTime:0.009037s ]
INFO: [ view_end ] --START--
INFO: Run ShowPageTrace Behavior [ RunTime:0.003175s ]
INFO: [ view_end ] --END-- [ RunTime:0.003541s ]

[ 2015-07-17T12:33:44+08:00 ] 0.0.0.0 /xin_gong/
INFO: [ app_begin ] --START--
INFO: Run ReadHtmlCache Behavior [ RunTime:0.002631s ]
INFO: [ app_begin ] --END-- [ RunTime:0.003147s ]
INFO: [ view_template ] --START--
INFO: Run LocationTemplate Behavior [ RunTime:0.001510s ]
INFO: [ view_template ] --END-- [ RunTime:0.001880s ]
INFO: [ view_parse ] --START--
INFO: Run ParseTemplate Behavior [ RunTime:0.028701s ]
INFO: [ view_parse ] --END-- [ RunTime:0.029049s ]
INFO: [ view_filter ] --START--
INFO: Run ContentReplace Behavior [ RunTime:0.001714s ]
INFO: Run TokenBuild Behavior [ RunTime:0.001762s ]
INFO: Run WriteHtmlCache Behavior [ RunTime:0.001395s ]
INFO: Run ShowRuntime Behavior [ RunTime:0.002064s ]
INFO: [ view_filter ] --END-- [ RunTime:0.007790s ]
INFO: [ view_end ] --START--
INFO: Run ShowPageTrace Behavior [ RunTime:0.002265s ]
INFO: [ view_end ] --END-- [ RunTime:0.002582s ]

[ 2015-07-17T13:26:26+08:00 ] 0.0.0.0 /xin_gong/
INFO: [ app_begin ] --START--
INFO: Run ReadHtmlCache Behavior [ RunTime:0.019016s ]
INFO: [ app_begin ] --END-- [ RunTime:0.019631s ]
INFO: [ view_template ] --START--
INFO: Run LocationTemplate Behavior [ RunTime:0.013023s ]
INFO: [ view_template ] --END-- [ RunTime:0.013530s ]
INFO: [ view_parse ] --START--
INFO: Run ParseTemplate Behavior [ RunTime:0.116998s ]
INFO: [ view_parse ] --END-- [ RunTime:0.117380s ]
INFO: [ view_filter ] --START--
INFO: Run ContentReplace Behavior [ RunTime:0.001970s ]
INFO: Run TokenBuild Behavior [ RunTime:0.001981s ]
INFO: Run WriteHtmlCache Behavior [ RunTime:0.001579s ]
INFO: Run ShowRuntime Behavior [ RunTime:0.002346s ]
INFO: [ view_filter ] --END-- [ RunTime:0.008824s ]
INFO: [ view_end ] --START--
INFO: Run ShowPageTrace Behavior [ RunTime:0.002474s ]
INFO: [ view_end ] --END-- [ RunTime:0.002798s ]

