[ 2015-08-02T11:03:08+08:00 ] 0.0.0.0 /xin_gong/
INFO: [ app_begin ] --START--
INFO: Run ReadHtmlCache Behavior [ RunTime:0.054630s ]
INFO: [ app_begin ] --END-- [ RunTime:0.129974s ]
INFO: [ view_template ] --START--
INFO: Run LocationTemplate Behavior [ RunTime:0.047517s ]
INFO: [ view_template ] --END-- [ RunTime:0.048320s ]
INFO: [ view_parse ] --START--
INFO: Run ParseTemplate Behavior [ RunTime:0.353728s ]
INFO: [ view_parse ] --END-- [ RunTime:0.354171s ]
INFO: [ view_filter ] --START--
INFO: Run ContentReplace Behavior [ RunTime:0.016111s ]
INFO: Run TokenBuild Behavior [ RunTime:0.001830s ]
INFO: Run WriteHtmlCache Behavior [ RunTime:0.001434s ]
INFO: Run ShowRuntime Behavior [ RunTime:0.002076s ]
INFO: [ view_filter ] --END-- [ RunTime:0.022087s ]
INFO: [ view_end ] --START--
INFO: Run ShowPageTrace Behavior [ RunTime:0.002226s ]
INFO: [ view_end ] --END-- [ RunTime:0.002457s ]

[ 2015-08-02T11:05:44+08:00 ] 0.0.0.0 /xin_gong/index.php/Index/jie_shao
INFO: [ route_check ] --START--
INFO: Run CheckRoute Behavior [ RunTime:0.011078s ]
INFO: [ route_check ] --END-- [ RunTime:0.011424s ]
INFO: [ app_begin ] --START--
INFO: Run ReadHtmlCache Behavior [ RunTime:0.002116s ]
INFO: [ app_begin ] --END-- [ RunTime:0.002413s ]
INFO: [ view_template ] --START--
INFO: Run LocationTemplate Behavior [ RunTime:0.002612s ]
INFO: [ view_template ] --END-- [ RunTime:0.002966s ]
INFO: [ view_parse ] --START--
INFO: Run ParseTemplate Behavior [ RunTime:0.073234s ]
INFO: [ view_parse ] --END-- [ RunTime:0.073639s ]
INFO: [ view_filter ] --START--
INFO: Run ContentReplace Behavior [ RunTime:0.002070s ]
INFO: Run TokenBuild Behavior [ RunTime:0.002089s ]
INFO: Run WriteHtmlCache Behavior [ RunTime:0.001657s ]
INFO: Run ShowRuntime Behavior [ RunTime:0.002374s ]
INFO: [ view_filter ] --END-- [ RunTime:0.009054s ]
INFO: [ view_end ] --START--
INFO: Run ShowPageTrace Behavior [ RunTime:0.002500s ]
INFO: [ view_end ] --END-- [ RunTime:0.002805s ]

[ 2015-08-02T12:16:50+08:00 ] 0.0.0.0 /xin_gong/index.php/Login/login
INFO: [ route_check ] --START--
INFO: Run CheckRoute Behavior [ RunTime:0.005585s ]
INFO: [ route_check ] --END-- [ RunTime:0.006120s ]
INFO: [ app_begin ] --START--
INFO: Run ReadHtmlCache Behavior [ RunTime:0.003197s ]
INFO: [ app_begin ] --END-- [ RunTime:0.003750s ]
INFO: [ view_template ] --START--
INFO: Run LocationTemplate Behavior [ RunTime:0.004143s ]
INFO: [ view_template ] --END-- [ RunTime:0.005085s ]
INFO: [ view_parse ] --START--
INFO: Run ParseTemplate Behavior [ RunTime:0.064363s ]
INFO: [ view_parse ] --END-- [ RunTime:0.064648s ]
INFO: [ view_filter ] --START--
INFO: Run ContentReplace Behavior [ RunTime:0.001075s ]
INFO: Run TokenBuild Behavior [ RunTime:0.001174s ]
INFO: Run WriteHtmlCache Behavior [ RunTime:0.001142s ]
INFO: Run ShowRuntime Behavior [ RunTime:0.001477s ]
INFO: [ view_filter ] --END-- [ RunTime:0.005442s ]
INFO: [ view_end ] --START--
INFO: Run ShowPageTrace Behavior [ RunTime:0.001527s ]
INFO: [ view_end ] --END-- [ RunTime:0.001743s ]

[ 2015-08-02T12:17:09+08:00 ] 0.0.0.0 /xin_gong/index.php/Login/dologin
INFO: [ route_check ] --START--
INFO: Run CheckRoute Behavior [ RunTime:0.028000s ]
INFO: [ route_check ] --END-- [ RunTime:0.028295s ]
INFO: [ app_begin ] --START--
INFO: Run ReadHtmlCache Behavior [ RunTime:0.001753s ]
INFO: [ app_begin ] --END-- [ RunTime:0.001986s ]
SQL: SHOW COLUMNS FROM `xg_user` [ RunTime:0.226646s ]
SQL: SELECT COUNT(*) AS tp_count FROM `xg_user` WHERE ( `username` = '¡ı—”∆Ω' ) AND ( `password` = '1596' ) LIMIT 1   [ RunTime:0.002472s ]
NOTIC: [8] Undefined index: username D:\wamp\www\xin_gong\Home\Lib\Action\LoginAction.class.php Á¨¨ 26 Ë°å.
INFO: [ view_template ] --START--
INFO: Run LocationTemplate Behavior [ RunTime:0.014157s ]
INFO: [ view_template ] --END-- [ RunTime:0.014736s ]
INFO: [ view_parse ] --START--
NOTIC: [2] file_get_contents(./Home/Tpl/Login/admin_base.html) [<a href='function.file-get-contents'>function.file-get-contents</a>]: failed to open stream: No such file or directory D:\wamp\www\xin_gong\ThinkPHP\Lib\Template\ThinkTemplate.class.php Á¨¨ 686 Ë°å.
INFO: Run ParseTemplate Behavior [ RunTime:0.062813s ]
INFO: [ view_parse ] --END-- [ RunTime:0.063285s ]
INFO: [ view_filter ] --START--
INFO: Run ContentReplace Behavior [ RunTime:0.005277s ]
INFO: Run TokenBuild Behavior [ RunTime:0.001283s ]
INFO: Run WriteHtmlCache Behavior [ RunTime:0.000821s ]
INFO: Run ShowRuntime Behavior [ RunTime:0.001106s ]
INFO: [ view_filter ] --END-- [ RunTime:0.009302s ]
INFO: [ view_end ] --START--
INFO: Run ShowPageTrace Behavior [ RunTime:0.001236s ]
INFO: [ view_end ] --END-- [ RunTime:0.001444s ]

[ 2015-08-02T12:22:51+08:00 ] 0.0.0.0 /xin_gong/index.php/Login/dologin
INFO: [ route_check ] --START--
INFO: Run CheckRoute Behavior [ RunTime:0.001211s ]
INFO: [ route_check ] --END-- [ RunTime:0.001355s ]
INFO: [ app_begin ] --START--
INFO: Run ReadHtmlCache Behavior [ RunTime:0.001538s ]
INFO: [ app_begin ] --END-- [ RunTime:0.001682s ]
SQL: SHOW COLUMNS FROM `xg_user` [ RunTime:0.065746s ]
SQL: SELECT COUNT(*) AS tp_count FROM `xg_user` WHERE ( `username` = '¡ı—”∆Ω' ) AND ( `password` = '1596' ) LIMIT 1   [ RunTime:0.001147s ]
NOTIC: [8] Undefined index: username D:\wamp\www\xin_gong\Home\Lib\Action\LoginAction.class.php Á¨¨ 26 Ë°å.
INFO: [ view_template ] --START--
INFO: Run LocationTemplate Behavior [ RunTime:0.004336s ]
INFO: [ view_template ] --END-- [ RunTime:0.004737s ]
INFO: [ view_parse ] --START--
NOTIC: [2] file_get_contents(./Home/Tpl/Login/admin_base.html) [<a href='function.file-get-contents'>function.file-get-contents</a>]: failed to open stream: No such file or directory D:\wamp\www\xin_gong\ThinkPHP\Lib\Template\ThinkTemplate.class.php Á¨¨ 686 Ë°å.
INFO: Run ParseTemplate Behavior [ RunTime:0.028521s ]
INFO: [ view_parse ] --END-- [ RunTime:0.028973s ]
INFO: [ view_filter ] --START--
INFO: Run ContentReplace Behavior [ RunTime:0.001875s ]
INFO: Run TokenBuild Behavior [ RunTime:0.002010s ]
INFO: Run WriteHtmlCache Behavior [ RunTime:0.001521s ]
INFO: Run ShowRuntime Behavior [ RunTime:0.002360s ]
INFO: [ view_filter ] --END-- [ RunTime:0.008745s ]
INFO: [ view_end ] --START--
INFO: Run ShowPageTrace Behavior [ RunTime:0.002543s ]
INFO: [ view_end ] --END-- [ RunTime:0.002856s ]

[ 2015-08-02T12:32:30+08:00 ] ERR: (ThinkException) Êó†Ê≥ïÂä†ËΩΩÊ®°Âùó:Admin
[ 2015-08-02T12:35:08+08:00 ] 0.0.0.0 /xin_gong/index.php/Admin/index
INFO: [ route_check ] --START--
INFO: Run CheckRoute Behavior [ RunTime:0.001090s ]
INFO: [ route_check ] --END-- [ RunTime:0.001222s ]
INFO: [ app_begin ] --START--
INFO: Run ReadHtmlCache Behavior [ RunTime:0.000825s ]
INFO: [ app_begin ] --END-- [ RunTime:0.000936s ]
INFO: [ view_template ] --START--
INFO: Run LocationTemplate Behavior [ RunTime:0.001062s ]
INFO: [ view_template ] --END-- [ RunTime:0.001201s ]
INFO: [ view_parse ] --START--
NOTIC: [2] file_get_contents(./Home/Tpl/Admin/admin_base.html) [<a href='function.file-get-contents'>function.file-get-contents</a>]: failed to open stream: No such file or directory D:\wamp\www\xin_gong\ThinkPHP\Lib\Template\ThinkTemplate.class.php Á¨¨ 686 Ë°å.
INFO: Run ParseTemplate Behavior [ RunTime:0.008634s ]
INFO: [ view_parse ] --END-- [ RunTime:0.008779s ]
INFO: [ view_filter ] --START--
INFO: Run ContentReplace Behavior [ RunTime:0.000699s ]
INFO: Run TokenBuild Behavior [ RunTime:0.000656s ]
INFO: Run WriteHtmlCache Behavior [ RunTime:0.000552s ]
INFO: Run ShowRuntime Behavior [ RunTime:0.000810s ]
INFO: [ view_filter ] --END-- [ RunTime:0.003044s ]
INFO: [ view_end ] --START--
INFO: Run ShowPageTrace Behavior [ RunTime:0.000874s ]
INFO: [ view_end ] --END-- [ RunTime:0.000973s ]

[ 2015-08-02T12:35:12+08:00 ] 0.0.0.0 /xin_gong/index.php/Admin/index
INFO: [ route_check ] --START--
INFO: Run CheckRoute Behavior [ RunTime:0.000987s ]
INFO: [ route_check ] --END-- [ RunTime:0.001156s ]
INFO: [ app_begin ] --START--
INFO: Run ReadHtmlCache Behavior [ RunTime:0.000744s ]
INFO: [ app_begin ] --END-- [ RunTime:0.000853s ]
INFO: [ view_template ] --START--
INFO: Run LocationTemplate Behavior [ RunTime:0.000600s ]
INFO: [ view_template ] --END-- [ RunTime:0.000708s ]
INFO: [ view_parse ] --START--
NOTIC: [2] file_get_contents(./Home/Tpl/Admin/admin_base.html) [<a href='function.file-get-contents'>function.file-get-contents</a>]: failed to open stream: No such file or directory D:\wamp\www\xin_gong\ThinkPHP\Lib\Template\ThinkTemplate.class.php Á¨¨ 686 Ë°å.
INFO: Run ParseTemplate Behavior [ RunTime:0.007871s ]
INFO: [ view_parse ] --END-- [ RunTime:0.008010s ]
INFO: [ view_filter ] --START--
INFO: Run ContentReplace Behavior [ RunTime:0.000589s ]
INFO: Run TokenBuild Behavior [ RunTime:0.000599s ]
INFO: Run WriteHtmlCache Behavior [ RunTime:0.000441s ]
INFO: Run ShowRuntime Behavior [ RunTime:0.000702s ]
INFO: [ view_filter ] --END-- [ RunTime:0.002674s ]
INFO: [ view_end ] --START--
INFO: Run ShowPageTrace Behavior [ RunTime:0.001032s ]
INFO: [ view_end ] --END-- [ RunTime:0.001169s ]

[ 2015-08-02T12:36:59+08:00 ] 0.0.0.0 /xin_gong/index.php/Admin/index
INFO: [ route_check ] --START--
INFO: Run CheckRoute Behavior [ RunTime:0.002923s ]
INFO: [ route_check ] --END-- [ RunTime:0.003310s ]
INFO: [ app_begin ] --START--
INFO: Run ReadHtmlCache Behavior [ RunTime:0.002246s ]
INFO: [ app_begin ] --END-- [ RunTime:0.002757s ]
INFO: [ view_template ] --START--
INFO: Run LocationTemplate Behavior [ RunTime:0.001833s ]
INFO: [ view_template ] --END-- [ RunTime:0.002190s ]
INFO: [ view_parse ] --START--
INFO: Run ParseTemplate Behavior [ RunTime:0.026646s ]
INFO: [ view_parse ] --END-- [ RunTime:0.027158s ]
INFO: [ view_filter ] --START--
INFO: Run ContentReplace Behavior [ RunTime:0.002033s ]
INFO: Run TokenBuild Behavior [ RunTime:0.002828s ]
INFO: Run WriteHtmlCache Behavior [ RunTime:0.001417s ]
INFO: Run ShowRuntime Behavior [ RunTime:0.002118s ]
INFO: [ view_filter ] --END-- [ RunTime:0.009883s ]
INFO: [ view_end ] --START--
INFO: Run ShowPageTrace Behavior [ RunTime:0.002302s ]
INFO: [ view_end ] --END-- [ RunTime:0.002724s ]

[ 2015-08-02T12:38:51+08:00 ] 0.0.0.0 /xin_gong/index.php/Admin/index
INFO: [ route_check ] --START--
INFO: Run CheckRoute Behavior [ RunTime:0.003954s ]
INFO: [ route_check ] --END-- [ RunTime:0.004343s ]
INFO: [ app_begin ] --START--
INFO: Run ReadHtmlCache Behavior [ RunTime:0.002567s ]
INFO: [ app_begin ] --END-- [ RunTime:0.002967s ]
INFO: [ view_template ] --START--
INFO: Run LocationTemplate Behavior [ RunTime:0.003371s ]
INFO: [ view_template ] --END-- [ RunTime:0.003821s ]
INFO: [ view_parse ] --START--
INFO: Run ParseTemplate Behavior [ RunTime:0.028625s ]
INFO: [ view_parse ] --END-- [ RunTime:0.029044s ]
INFO: [ view_filter ] --START--
INFO: Run ContentReplace Behavior [ RunTime:0.002537s ]
INFO: Run TokenBuild Behavior [ RunTime:0.002873s ]
INFO: Run WriteHtmlCache Behavior [ RunTime:0.002573s ]
INFO: Run ShowRuntime Behavior [ RunTime:0.003918s ]
INFO: [ view_filter ] --END-- [ RunTime:0.013451s ]
INFO: [ view_end ] --START--
INFO: Run ShowPageTrace Behavior [ RunTime:0.003060s ]
INFO: [ view_end ] --END-- [ RunTime:0.003392s ]

[ 2015-08-02T12:39:37+08:00 ] 0.0.0.0 /xin_gong/index.php/Admin/index
INFO: [ route_check ] --START--
INFO: Run CheckRoute Behavior [ RunTime:0.003424s ]
INFO: [ route_check ] --END-- [ RunTime:0.003833s ]
INFO: [ app_begin ] --START--
INFO: Run ReadHtmlCache Behavior [ RunTime:0.002812s ]
INFO: [ app_begin ] --END-- [ RunTime:0.003262s ]
INFO: [ view_template ] --START--
INFO: Run LocationTemplate Behavior [ RunTime:0.002251s ]
INFO: [ view_template ] --END-- [ RunTime:0.002796s ]
INFO: [ view_parse ] --START--
INFO: Run ParseTemplate Behavior [ RunTime:0.030304s ]
INFO: [ view_parse ] --END-- [ RunTime:0.030718s ]
INFO: [ view_filter ] --START--
INFO: Run ContentReplace Behavior [ RunTime:0.002219s ]
INFO: Run TokenBuild Behavior [ RunTime:0.001906s ]
INFO: Run WriteHtmlCache Behavior [ RunTime:0.001272s ]
INFO: Run ShowRuntime Behavior [ RunTime:0.002727s ]
INFO: [ view_filter ] --END-- [ RunTime:0.009182s ]
INFO: [ view_end ] --START--
INFO: Run ShowPageTrace Behavior [ RunTime:0.002498s ]
INFO: [ view_end ] --END-- [ RunTime:0.002998s ]

[ 2015-08-02T12:40:45+08:00 ] 0.0.0.0 /xin_gong/index.php/Admin/index
INFO: [ route_check ] --START--
INFO: Run CheckRoute Behavior [ RunTime:0.001290s ]
INFO: [ route_check ] --END-- [ RunTime:0.001521s ]
INFO: [ app_begin ] --START--
INFO: Run ReadHtmlCache Behavior [ RunTime:0.000852s ]
INFO: [ app_begin ] --END-- [ RunTime:0.001018s ]
INFO: [ view_template ] --START--
INFO: Run LocationTemplate Behavior [ RunTime:0.000545s ]
INFO: [ view_template ] --END-- [ RunTime:0.000675s ]
INFO: [ view_parse ] --START--
INFO: Run ParseTemplate Behavior [ RunTime:0.010758s ]
INFO: [ view_parse ] --END-- [ RunTime:0.010995s ]
INFO: [ view_filter ] --START--
INFO: Run ContentReplace Behavior [ RunTime:0.000792s ]
INFO: Run TokenBuild Behavior [ RunTime:0.000820s ]
INFO: Run WriteHtmlCache Behavior [ RunTime:0.000567s ]
INFO: Run ShowRuntime Behavior [ RunTime:0.000759s ]
INFO: [ view_filter ] --END-- [ RunTime:0.003423s ]
INFO: [ view_end ] --START--
INFO: Run ShowPageTrace Behavior [ RunTime:0.000918s ]
INFO: [ view_end ] --END-- [ RunTime:0.001062s ]

[ 2015-08-02T12:41:16+08:00 ] 0.0.0.0 /xin_gong/index.php/Admin/index
INFO: [ route_check ] --START--
INFO: Run CheckRoute Behavior [ RunTime:0.001542s ]
INFO: [ route_check ] --END-- [ RunTime:0.001709s ]
INFO: [ app_begin ] --START--
INFO: Run ReadHtmlCache Behavior [ RunTime:0.000854s ]
INFO: [ app_begin ] --END-- [ RunTime:0.000966s ]
INFO: [ view_template ] --START--
INFO: Run LocationTemplate Behavior [ RunTime:0.001243s ]
INFO: [ view_template ] --END-- [ RunTime:0.001477s ]
INFO: [ view_parse ] --START--
INFO: Run ParseTemplate Behavior [ RunTime:0.009424s ]
INFO: [ view_parse ] --END-- [ RunTime:0.009597s ]
INFO: [ view_filter ] --START--
INFO: Run ContentReplace Behavior [ RunTime:0.000639s ]
INFO: Run TokenBuild Behavior [ RunTime:0.000781s ]
INFO: Run WriteHtmlCache Behavior [ RunTime:0.000563s ]
INFO: Run ShowRuntime Behavior [ RunTime:0.000924s ]
INFO: [ view_filter ] --END-- [ RunTime:0.003225s ]
INFO: [ view_end ] --START--
INFO: Run ShowPageTrace Behavior [ RunTime:0.000871s ]
INFO: [ view_end ] --END-- [ RunTime:0.001113s ]

[ 2015-08-02T12:42:25+08:00 ] 0.0.0.0 /xin_gong/index.php/Admin/index
INFO: [ route_check ] --START--
INFO: Run CheckRoute Behavior [ RunTime:0.003048s ]
INFO: [ route_check ] --END-- [ RunTime:0.003587s ]
INFO: [ app_begin ] --START--
INFO: Run ReadHtmlCache Behavior [ RunTime:0.002149s ]
INFO: [ app_begin ] --END-- [ RunTime:0.002494s ]
INFO: [ view_template ] --START--
INFO: Run LocationTemplate Behavior [ RunTime:0.001847s ]
INFO: [ view_template ] --END-- [ RunTime:0.002219s ]
INFO: [ view_parse ] --START--
INFO: Run ParseTemplate Behavior [ RunTime:0.036080s ]
INFO: [ view_parse ] --END-- [ RunTime:0.036583s ]
INFO: [ view_filter ] --START--
INFO: Run ContentReplace Behavior [ RunTime:0.001639s ]
INFO: Run TokenBuild Behavior [ RunTime:0.001759s ]
INFO: Run WriteHtmlCache Behavior [ RunTime:0.001382s ]
INFO: Run ShowRuntime Behavior [ RunTime:0.002540s ]
INFO: [ view_filter ] --END-- [ RunTime:0.008357s ]
INFO: [ view_end ] --START--
INFO: Run ShowPageTrace Behavior [ RunTime:0.002620s ]
INFO: [ view_end ] --END-- [ RunTime:0.003166s ]

[ 2015-08-02T12:42:50+08:00 ] 0.0.0.0 /xin_gong/index.php/Admin/index
INFO: [ route_check ] --START--
INFO: Run CheckRoute Behavior [ RunTime:0.000933s ]
INFO: [ route_check ] --END-- [ RunTime:0.001080s ]
INFO: [ app_begin ] --START--
INFO: Run ReadHtmlCache Behavior [ RunTime:0.000824s ]
INFO: [ app_begin ] --END-- [ RunTime:0.000941s ]
INFO: [ view_template ] --START--
INFO: Run LocationTemplate Behavior [ RunTime:0.001672s ]
INFO: [ view_template ] --END-- [ RunTime:0.001996s ]
INFO: [ view_parse ] --START--
INFO: Run ParseTemplate Behavior [ RunTime:0.024661s ]
INFO: [ view_parse ] --END-- [ RunTime:0.025140s ]
INFO: [ view_filter ] --START--
INFO: Run ContentReplace Behavior [ RunTime:0.002244s ]
INFO: Run TokenBuild Behavior [ RunTime:0.002041s ]
INFO: Run WriteHtmlCache Behavior [ RunTime:0.001552s ]
INFO: Run ShowRuntime Behavior [ RunTime:0.001943s ]
INFO: [ view_filter ] --END-- [ RunTime:0.008913s ]
INFO: [ view_end ] --START--
INFO: Run ShowPageTrace Behavior [ RunTime:0.002045s ]
INFO: [ view_end ] --END-- [ RunTime:0.002372s ]

[ 2015-08-02T12:43:34+08:00 ] 0.0.0.0 /xin_gong/index.php/Admin/index
INFO: [ route_check ] --START--
INFO: Run CheckRoute Behavior [ RunTime:0.001438s ]
INFO: [ route_check ] --END-- [ RunTime:0.001627s ]
INFO: [ app_begin ] --START--
INFO: Run ReadHtmlCache Behavior [ RunTime:0.000779s ]
INFO: [ app_begin ] --END-- [ RunTime:0.000890s ]
INFO: [ view_template ] --START--
INFO: Run LocationTemplate Behavior [ RunTime:0.001193s ]
INFO: [ view_template ] --END-- [ RunTime:0.001358s ]
INFO: [ view_parse ] --START--
INFO: Run ParseTemplate Behavior [ RunTime:0.027938s ]
INFO: [ view_parse ] --END-- [ RunTime:0.028111s ]
INFO: [ view_filter ] --START--
INFO: Run ContentReplace Behavior [ RunTime:0.000779s ]
INFO: Run TokenBuild Behavior [ RunTime:0.000729s ]
INFO: Run WriteHtmlCache Behavior [ RunTime:0.000586s ]
INFO: Run ShowRuntime Behavior [ RunTime:0.000789s ]
INFO: [ view_filter ] --END-- [ RunTime:0.003179s ]
INFO: [ view_end ] --START--
INFO: Run ShowPageTrace Behavior [ RunTime:0.000849s ]
INFO: [ view_end ] --END-- [ RunTime:0.000956s ]

[ 2015-08-02T12:44:23+08:00 ] 0.0.0.0 /xin_gong/index.php/Admin/index
INFO: [ route_check ] --START--
INFO: Run CheckRoute Behavior [ RunTime:0.000933s ]
INFO: [ route_check ] --END-- [ RunTime:0.001057s ]
INFO: [ app_begin ] --START--
INFO: Run ReadHtmlCache Behavior [ RunTime:0.000737s ]
INFO: [ app_begin ] --END-- [ RunTime:0.000845s ]
INFO: [ view_template ] --START--
INFO: Run LocationTemplate Behavior [ RunTime:0.001249s ]
INFO: [ view_template ] --END-- [ RunTime:0.001450s ]
INFO: [ view_parse ] --START--
INFO: Run ParseTemplate Behavior [ RunTime:0.021677s ]
INFO: [ view_parse ] --END-- [ RunTime:0.022005s ]
INFO: [ view_filter ] --START--
INFO: Run ContentReplace Behavior [ RunTime:0.001582s ]
INFO: Run TokenBuild Behavior [ RunTime:0.003228s ]
INFO: Run WriteHtmlCache Behavior [ RunTime:0.001442s ]
INFO: Run ShowRuntime Behavior [ RunTime:0.001852s ]
INFO: [ view_filter ] --END-- [ RunTime:0.008899s ]
INFO: [ view_end ] --START--
INFO: Run ShowPageTrace Behavior [ RunTime:0.001922s ]
INFO: [ view_end ] --END-- [ RunTime:0.002173s ]

[ 2015-08-02T12:44:47+08:00 ] 0.0.0.0 /xin_gong/index.php/Admin/index
INFO: [ route_check ] --START--
INFO: Run CheckRoute Behavior [ RunTime:0.001570s ]
INFO: [ route_check ] --END-- [ RunTime:0.001788s ]
INFO: [ app_begin ] --START--
INFO: Run ReadHtmlCache Behavior [ RunTime:0.000981s ]
INFO: [ app_begin ] --END-- [ RunTime:0.001154s ]
INFO: [ view_template ] --START--
INFO: Run LocationTemplate Behavior [ RunTime:0.000587s ]
INFO: [ view_template ] --END-- [ RunTime:0.000763s ]
INFO: [ view_parse ] --START--
INFO: Run ParseTemplate Behavior [ RunTime:0.011503s ]
INFO: [ view_parse ] --END-- [ RunTime:0.011735s ]
INFO: [ view_filter ] --START--
INFO: Run ContentReplace Behavior [ RunTime:0.000529s ]
INFO: Run TokenBuild Behavior [ RunTime:0.000738s ]
INFO: Run WriteHtmlCache Behavior [ RunTime:0.000491s ]
INFO: Run ShowRuntime Behavior [ RunTime:0.000962s ]
INFO: [ view_filter ] --END-- [ RunTime:0.003155s ]
INFO: [ view_end ] --START--
INFO: Run ShowPageTrace Behavior [ RunTime:0.001078s ]
INFO: [ view_end ] --END-- [ RunTime:0.001249s ]

[ 2015-08-02T12:45:06+08:00 ] 0.0.0.0 /xin_gong/index.php/Admin/index
INFO: [ route_check ] --START--
INFO: Run CheckRoute Behavior [ RunTime:0.001112s ]
INFO: [ route_check ] --END-- [ RunTime:0.001259s ]
INFO: [ app_begin ] --START--
INFO: Run ReadHtmlCache Behavior [ RunTime:0.001044s ]
INFO: [ app_begin ] --END-- [ RunTime:0.001193s ]
INFO: [ view_template ] --START--
INFO: Run LocationTemplate Behavior [ RunTime:0.000711s ]
INFO: [ view_template ] --END-- [ RunTime:0.000914s ]
INFO: [ view_parse ] --START--
INFO: Run ParseTemplate Behavior [ RunTime:0.010375s ]
INFO: [ view_parse ] --END-- [ RunTime:0.010610s ]
INFO: [ view_filter ] --START--
INFO: Run ContentReplace Behavior [ RunTime:0.000685s ]
INFO: Run TokenBuild Behavior [ RunTime:0.000660s ]
INFO: Run WriteHtmlCache Behavior [ RunTime:0.000533s ]
INFO: Run ShowRuntime Behavior [ RunTime:0.000663s ]
INFO: [ view_filter ] --END-- [ RunTime:0.002877s ]
INFO: [ view_end ] --START--
INFO: Run ShowPageTrace Behavior [ RunTime:0.000740s ]
INFO: [ view_end ] --END-- [ RunTime:0.000849s ]

[ 2015-08-02T12:45:44+08:00 ] 0.0.0.0 /xin_gong/index.php/Admin/index
INFO: [ route_check ] --START--
INFO: Run CheckRoute Behavior [ RunTime:0.005402s ]
INFO: [ route_check ] --END-- [ RunTime:0.006041s ]
INFO: [ app_begin ] --START--
INFO: Run ReadHtmlCache Behavior [ RunTime:0.002700s ]
INFO: [ app_begin ] --END-- [ RunTime:0.003100s ]
INFO: [ view_template ] --START--
INFO: Run LocationTemplate Behavior [ RunTime:0.003655s ]
INFO: [ view_template ] --END-- [ RunTime:0.004020s ]
INFO: [ view_parse ] --START--
INFO: Run ParseTemplate Behavior [ RunTime:0.029519s ]
INFO: [ view_parse ] --END-- [ RunTime:0.030297s ]
INFO: [ view_filter ] --START--
INFO: Run ContentReplace Behavior [ RunTime:0.002865s ]
INFO: Run TokenBuild Behavior [ RunTime:0.002379s ]
INFO: Run WriteHtmlCache Behavior [ RunTime:0.002143s ]
INFO: Run ShowRuntime Behavior [ RunTime:0.003007s ]
INFO: [ view_filter ] --END-- [ RunTime:0.011651s ]
INFO: [ view_end ] --START--
INFO: Run ShowPageTrace Behavior [ RunTime:0.002770s ]
INFO: [ view_end ] --END-- [ RunTime:0.003367s ]

[ 2015-08-02T12:46:35+08:00 ] 0.0.0.0 /xin_gong/index.php/Admin/index
INFO: [ route_check ] --START--
INFO: Run CheckRoute Behavior [ RunTime:0.001418s ]
INFO: [ route_check ] --END-- [ RunTime:0.001676s ]
INFO: [ app_begin ] --START--
INFO: Run ReadHtmlCache Behavior [ RunTime:0.001238s ]
INFO: [ app_begin ] --END-- [ RunTime:0.001446s ]
INFO: [ view_template ] --START--
INFO: Run LocationTemplate Behavior [ RunTime:0.000727s ]
INFO: [ view_template ] --END-- [ RunTime:0.000880s ]
INFO: [ view_parse ] --START--
INFO: Run ParseTemplate Behavior [ RunTime:0.011654s ]
INFO: [ view_parse ] --END-- [ RunTime:0.011859s ]
INFO: [ view_filter ] --START--
INFO: Run ContentReplace Behavior [ RunTime:0.000655s ]
INFO: Run TokenBuild Behavior [ RunTime:0.000535s ]
INFO: Run WriteHtmlCache Behavior [ RunTime:0.000366s ]
INFO: Run ShowRuntime Behavior [ RunTime:0.000745s ]
INFO: [ view_filter ] --END-- [ RunTime:0.002628s ]
INFO: [ view_end ] --START--
INFO: Run ShowPageTrace Behavior [ RunTime:0.000757s ]
INFO: [ view_end ] --END-- [ RunTime:0.000881s ]

[ 2015-08-02T12:48:08+08:00 ] 0.0.0.0 /xin_gong/index.php/Admin/index
INFO: [ route_check ] --START--
INFO: Run CheckRoute Behavior [ RunTime:0.001167s ]
INFO: [ route_check ] --END-- [ RunTime:0.001302s ]
INFO: [ app_begin ] --START--
INFO: Run ReadHtmlCache Behavior [ RunTime:0.000837s ]
INFO: [ app_begin ] --END-- [ RunTime:0.000947s ]
INFO: [ view_template ] --START--
INFO: Run LocationTemplate Behavior [ RunTime:0.000995s ]
INFO: [ view_template ] --END-- [ RunTime:0.001106s ]
INFO: [ view_parse ] --START--
INFO: Run ParseTemplate Behavior [ RunTime:0.009627s ]
INFO: [ view_parse ] --END-- [ RunTime:0.009796s ]
INFO: [ view_filter ] --START--
INFO: Run ContentReplace Behavior [ RunTime:0.000738s ]
INFO: Run TokenBuild Behavior [ RunTime:0.000721s ]
INFO: Run WriteHtmlCache Behavior [ RunTime:0.000566s ]
INFO: Run ShowRuntime Behavior [ RunTime:0.000865s ]
INFO: [ view_filter ] --END-- [ RunTime:0.003181s ]
INFO: [ view_end ] --START--
INFO: Run ShowPageTrace Behavior [ RunTime:0.000870s ]
INFO: [ view_end ] --END-- [ RunTime:0.000980s ]

[ 2015-08-02T12:48:32+08:00 ] 0.0.0.0 /xin_gong/index.php/Admin/index
INFO: [ route_check ] --START--
INFO: Run CheckRoute Behavior [ RunTime:0.001044s ]
INFO: [ route_check ] --END-- [ RunTime:0.001206s ]
INFO: [ app_begin ] --START--
INFO: Run ReadHtmlCache Behavior [ RunTime:0.000982s ]
INFO: [ app_begin ] --END-- [ RunTime:0.001120s ]
INFO: [ view_template ] --START--
INFO: Run LocationTemplate Behavior [ RunTime:0.000580s ]
INFO: [ view_template ] --END-- [ RunTime:0.000706s ]
INFO: [ view_parse ] --START--
INFO: Run ParseTemplate Behavior [ RunTime:0.010316s ]
INFO: [ view_parse ] --END-- [ RunTime:0.010503s ]
INFO: [ view_filter ] --START--
INFO: Run ContentReplace Behavior [ RunTime:0.000865s ]
INFO: Run TokenBuild Behavior [ RunTime:0.000658s ]
INFO: Run WriteHtmlCache Behavior [ RunTime:0.000525s ]
INFO: Run ShowRuntime Behavior [ RunTime:0.000752s ]
INFO: [ view_filter ] --END-- [ RunTime:0.003167s ]
INFO: [ view_end ] --START--
INFO: Run ShowPageTrace Behavior [ RunTime:0.000992s ]
INFO: [ view_end ] --END-- [ RunTime:0.001122s ]

[ 2015-08-02T12:48:42+08:00 ] 0.0.0.0 /xin_gong/index.php/Admin/index
INFO: [ route_check ] --START--
INFO: Run CheckRoute Behavior [ RunTime:0.000995s ]
INFO: [ route_check ] --END-- [ RunTime:0.001130s ]
INFO: [ app_begin ] --START--
INFO: Run ReadHtmlCache Behavior [ RunTime:0.001246s ]
INFO: [ app_begin ] --END-- [ RunTime:0.001574s ]
INFO: [ view_template ] --START--
INFO: Run LocationTemplate Behavior [ RunTime:0.000605s ]
INFO: [ view_template ] --END-- [ RunTime:0.000728s ]
INFO: [ view_parse ] --START--
INFO: Run ParseTemplate Behavior [ RunTime:0.010433s ]
INFO: [ view_parse ] --END-- [ RunTime:0.010576s ]
INFO: [ view_filter ] --START--
INFO: Run ContentReplace Behavior [ RunTime:0.000797s ]
INFO: Run TokenBuild Behavior [ RunTime:0.000609s ]
INFO: Run WriteHtmlCache Behavior [ RunTime:0.000398s ]
INFO: Run ShowRuntime Behavior [ RunTime:0.000951s ]
INFO: [ view_filter ] --END-- [ RunTime:0.003150s ]
INFO: [ view_end ] --START--
INFO: Run ShowPageTrace Behavior [ RunTime:0.000877s ]
INFO: [ view_end ] --END-- [ RunTime:0.000991s ]

[ 2015-08-02T12:49:13+08:00 ] 0.0.0.0 /xin_gong/index.php/Admin/index
INFO: [ route_check ] --START--
INFO: Run CheckRoute Behavior [ RunTime:0.001785s ]
INFO: [ route_check ] --END-- [ RunTime:0.002037s ]
INFO: [ app_begin ] --START--
INFO: Run ReadHtmlCache Behavior [ RunTime:0.001164s ]
INFO: [ app_begin ] --END-- [ RunTime:0.001508s ]
INFO: [ view_template ] --START--
INFO: Run LocationTemplate Behavior [ RunTime:0.000668s ]
INFO: [ view_template ] --END-- [ RunTime:0.000800s ]
INFO: [ view_parse ] --START--
INFO: Run ParseTemplate Behavior [ RunTime:0.013161s ]
INFO: [ view_parse ] --END-- [ RunTime:0.013431s ]
INFO: [ view_filter ] --START--
INFO: Run ContentReplace Behavior [ RunTime:0.000729s ]
INFO: Run TokenBuild Behavior [ RunTime:0.000727s ]
INFO: Run WriteHtmlCache Behavior [ RunTime:0.000567s ]
INFO: Run ShowRuntime Behavior [ RunTime:0.000711s ]
INFO: [ view_filter ] --END-- [ RunTime:0.003087s ]
INFO: [ view_end ] --START--
INFO: Run ShowPageTrace Behavior [ RunTime:0.000723s ]
INFO: [ view_end ] --END-- [ RunTime:0.000842s ]

[ 2015-08-02T12:50:12+08:00 ] 0.0.0.0 /xin_gong/index.php/Admin/index
INFO: [ route_check ] --START--
INFO: Run CheckRoute Behavior [ RunTime:0.001316s ]
INFO: [ route_check ] --END-- [ RunTime:0.001492s ]
INFO: [ app_begin ] --START--
INFO: Run ReadHtmlCache Behavior [ RunTime:0.001262s ]
INFO: [ app_begin ] --END-- [ RunTime:0.001443s ]
INFO: [ view_template ] --START--
INFO: Run LocationTemplate Behavior [ RunTime:0.001137s ]
INFO: [ view_template ] --END-- [ RunTime:0.001301s ]
INFO: [ view_parse ] --START--
INFO: Run ParseTemplate Behavior [ RunTime:0.010162s ]
INFO: [ view_parse ] --END-- [ RunTime:0.010331s ]
INFO: [ view_filter ] --START--
INFO: Run ContentReplace Behavior [ RunTime:0.000756s ]
INFO: Run TokenBuild Behavior [ RunTime:0.000811s ]
INFO: Run WriteHtmlCache Behavior [ RunTime:0.000840s ]
INFO: Run ShowRuntime Behavior [ RunTime:0.000863s ]
INFO: [ view_filter ] --END-- [ RunTime:0.003648s ]
INFO: [ view_end ] --START--
INFO: Run ShowPageTrace Behavior [ RunTime:0.001068s ]
INFO: [ view_end ] --END-- [ RunTime:0.001202s ]

[ 2015-08-02T12:53:52+08:00 ] 0.0.0.0 /xin_gong/index.php/Admin/index
INFO: [ route_check ] --START--
INFO: Run CheckRoute Behavior [ RunTime:0.001294s ]
INFO: [ route_check ] --END-- [ RunTime:0.001520s ]
INFO: [ app_begin ] --START--
INFO: Run ReadHtmlCache Behavior [ RunTime:0.001263s ]
INFO: [ app_begin ] --END-- [ RunTime:0.001415s ]
INFO: [ view_template ] --START--
INFO: Run LocationTemplate Behavior [ RunTime:0.001839s ]
INFO: [ view_template ] --END-- [ RunTime:0.002084s ]
INFO: [ view_parse ] --START--
INFO: Run ParseTemplate Behavior [ RunTime:0.012563s ]
INFO: [ view_parse ] --END-- [ RunTime:0.012803s ]
INFO: [ view_filter ] --START--
INFO: Run ContentReplace Behavior [ RunTime:0.000790s ]
INFO: Run TokenBuild Behavior [ RunTime:0.000819s ]
INFO: Run WriteHtmlCache Behavior [ RunTime:0.000681s ]
INFO: Run ShowRuntime Behavior [ RunTime:0.000834s ]
INFO: [ view_filter ] --END-- [ RunTime:0.003529s ]
INFO: [ view_end ] --START--
INFO: Run ShowPageTrace Behavior [ RunTime:0.001054s ]
INFO: [ view_end ] --END-- [ RunTime:0.001187s ]

[ 2015-08-02T12:54:34+08:00 ] 0.0.0.0 /xin_gong/index.php/Admin/index
INFO: [ route_check ] --START--
INFO: Run CheckRoute Behavior [ RunTime:0.001673s ]
INFO: [ route_check ] --END-- [ RunTime:0.001959s ]
INFO: [ app_begin ] --START--
INFO: Run ReadHtmlCache Behavior [ RunTime:0.001035s ]
INFO: [ app_begin ] --END-- [ RunTime:0.001255s ]
INFO: [ view_template ] --START--
INFO: Run LocationTemplate Behavior [ RunTime:0.000630s ]
INFO: [ view_template ] --END-- [ RunTime:0.000773s ]
INFO: [ view_parse ] --START--
INFO: Run ParseTemplate Behavior [ RunTime:0.008842s ]
INFO: [ view_parse ] --END-- [ RunTime:0.009013s ]
INFO: [ view_filter ] --START--
INFO: Run ContentReplace Behavior [ RunTime:0.000542s ]
INFO: Run TokenBuild Behavior [ RunTime:0.000731s ]
INFO: Run WriteHtmlCache Behavior [ RunTime:0.000778s ]
INFO: Run ShowRuntime Behavior [ RunTime:0.000730s ]
INFO: [ view_filter ] --END-- [ RunTime:0.003226s ]
INFO: [ view_end ] --START--
INFO: Run ShowPageTrace Behavior [ RunTime:0.000744s ]
INFO: [ view_end ] --END-- [ RunTime:0.000844s ]

[ 2015-08-02T12:58:45+08:00 ] 0.0.0.0 /xin_gong/index.php/Admin/index
INFO: [ route_check ] --START--
INFO: Run CheckRoute Behavior [ RunTime:0.001883s ]
INFO: [ route_check ] --END-- [ RunTime:0.002108s ]
INFO: [ app_begin ] --START--
INFO: Run ReadHtmlCache Behavior [ RunTime:0.001078s ]
INFO: [ app_begin ] --END-- [ RunTime:0.001663s ]
INFO: [ view_template ] --START--
INFO: Run LocationTemplate Behavior [ RunTime:0.001325s ]
INFO: [ view_template ] --END-- [ RunTime:0.001461s ]
INFO: [ view_parse ] --START--
INFO: Run ParseTemplate Behavior [ RunTime:0.008922s ]
INFO: [ view_parse ] --END-- [ RunTime:0.009074s ]
INFO: [ view_filter ] --START--
INFO: Run ContentReplace Behavior [ RunTime:0.000855s ]
INFO: Run TokenBuild Behavior [ RunTime:0.000982s ]
INFO: Run WriteHtmlCache Behavior [ RunTime:0.000808s ]
INFO: Run ShowRuntime Behavior [ RunTime:0.000794s ]
INFO: [ view_filter ] --END-- [ RunTime:0.003806s ]
INFO: [ view_end ] --START--
INFO: Run ShowPageTrace Behavior [ RunTime:0.000878s ]
INFO: [ view_end ] --END-- [ RunTime:0.000981s ]

[ 2015-08-02T13:00:55+08:00 ] 0.0.0.0 /xin_gong/index.php/Admin/index
INFO: [ route_check ] --START--
INFO: Run CheckRoute Behavior [ RunTime:0.002445s ]
INFO: [ route_check ] --END-- [ RunTime:0.002873s ]
INFO: [ app_begin ] --START--
INFO: Run ReadHtmlCache Behavior [ RunTime:0.000870s ]
INFO: [ app_begin ] --END-- [ RunTime:0.001008s ]
INFO: [ view_template ] --START--
INFO: Run LocationTemplate Behavior [ RunTime:0.000886s ]
INFO: [ view_template ] --END-- [ RunTime:0.001005s ]
INFO: [ view_parse ] --START--
INFO: Run ParseTemplate Behavior [ RunTime:0.009844s ]
INFO: [ view_parse ] --END-- [ RunTime:0.010044s ]
INFO: [ view_filter ] --START--
INFO: Run ContentReplace Behavior [ RunTime:0.000821s ]
INFO: Run TokenBuild Behavior [ RunTime:0.000931s ]
INFO: Run WriteHtmlCache Behavior [ RunTime:0.000539s ]
INFO: Run ShowRuntime Behavior [ RunTime:0.000800s ]
INFO: [ view_filter ] --END-- [ RunTime:0.003638s ]
INFO: [ view_end ] --START--
INFO: Run ShowPageTrace Behavior [ RunTime:0.000797s ]
INFO: [ view_end ] --END-- [ RunTime:0.000903s ]

[ 2015-08-02T13:02:16+08:00 ] 0.0.0.0 /xin_gong/index.php/Admin/index
INFO: [ route_check ] --START--
INFO: Run CheckRoute Behavior [ RunTime:0.001295s ]
INFO: [ route_check ] --END-- [ RunTime:0.001502s ]
INFO: [ app_begin ] --START--
INFO: Run ReadHtmlCache Behavior [ RunTime:0.000704s ]
INFO: [ app_begin ] --END-- [ RunTime:0.000880s ]
INFO: [ view_template ] --START--
INFO: Run LocationTemplate Behavior [ RunTime:0.000846s ]
INFO: [ view_template ] --END-- [ RunTime:0.001027s ]
INFO: [ view_parse ] --START--
INFO: Run ParseTemplate Behavior [ RunTime:0.009282s ]
INFO: [ view_parse ] --END-- [ RunTime:0.009453s ]
INFO: [ view_filter ] --START--
INFO: Run ContentReplace Behavior [ RunTime:0.000574s ]
INFO: Run TokenBuild Behavior [ RunTime:0.000567s ]
INFO: Run WriteHtmlCache Behavior [ RunTime:0.000396s ]
INFO: Run ShowRuntime Behavior [ RunTime:0.000645s ]
INFO: [ view_filter ] --END-- [ RunTime:0.002526s ]
INFO: [ view_end ] --START--
INFO: Run ShowPageTrace Behavior [ RunTime:0.000662s ]
INFO: [ view_end ] --END-- [ RunTime:0.000763s ]

[ 2015-08-02T13:02:45+08:00 ] 0.0.0.0 /xin_gong/index.php/Admin/index
INFO: [ route_check ] --START--
INFO: Run CheckRoute Behavior [ RunTime:0.000952s ]
INFO: [ route_check ] --END-- [ RunTime:0.001105s ]
INFO: [ app_begin ] --START--
INFO: Run ReadHtmlCache Behavior [ RunTime:0.000821s ]
INFO: [ app_begin ] --END-- [ RunTime:0.000972s ]
INFO: [ view_template ] --START--
INFO: Run LocationTemplate Behavior [ RunTime:0.000756s ]
INFO: [ view_template ] --END-- [ RunTime:0.000893s ]
INFO: [ view_parse ] --START--
INFO: Run ParseTemplate Behavior [ RunTime:0.011186s ]
INFO: [ view_parse ] --END-- [ RunTime:0.011325s ]
INFO: [ view_filter ] --START--
INFO: Run ContentReplace Behavior [ RunTime:0.000561s ]
INFO: Run TokenBuild Behavior [ RunTime:0.000693s ]
INFO: Run WriteHtmlCache Behavior [ RunTime:0.000410s ]
INFO: Run ShowRuntime Behavior [ RunTime:0.000750s ]
INFO: [ view_filter ] --END-- [ RunTime:0.002727s ]
INFO: [ view_end ] --START--
INFO: Run ShowPageTrace Behavior [ RunTime:0.000849s ]
INFO: [ view_end ] --END-- [ RunTime:0.000951s ]

[ 2015-08-02T13:04:12+08:00 ] 0.0.0.0 /xin_gong/index.php/Admin/index
INFO: [ route_check ] --START--
INFO: Run CheckRoute Behavior [ RunTime:0.001566s ]
INFO: [ route_check ] --END-- [ RunTime:0.001795s ]
INFO: [ app_begin ] --START--
INFO: Run ReadHtmlCache Behavior [ RunTime:0.000838s ]
INFO: [ app_begin ] --END-- [ RunTime:0.000958s ]
INFO: [ view_template ] --START--
INFO: Run LocationTemplate Behavior [ RunTime:0.001273s ]
INFO: [ view_template ] --END-- [ RunTime:0.001474s ]
INFO: [ view_parse ] --START--
INFO: Run ParseTemplate Behavior [ RunTime:0.014058s ]
INFO: [ view_parse ] --END-- [ RunTime:0.014277s ]
INFO: [ view_filter ] --START--
INFO: Run ContentReplace Behavior [ RunTime:0.000751s ]
INFO: Run TokenBuild Behavior [ RunTime:0.000838s ]
INFO: Run WriteHtmlCache Behavior [ RunTime:0.000619s ]
INFO: Run ShowRuntime Behavior [ RunTime:0.001006s ]
INFO: [ view_filter ] --END-- [ RunTime:0.003571s ]
INFO: [ view_end ] --START--
INFO: Run ShowPageTrace Behavior [ RunTime:0.001297s ]
INFO: [ view_end ] --END-- [ RunTime:0.001486s ]

[ 2015-08-02T13:07:11+08:00 ] 0.0.0.0 /xin_gong/index.php/Admin/index
INFO: [ route_check ] --START--
INFO: Run CheckRoute Behavior [ RunTime:0.001111s ]
INFO: [ route_check ] --END-- [ RunTime:0.001277s ]
INFO: [ app_begin ] --START--
INFO: Run ReadHtmlCache Behavior [ RunTime:0.001307s ]
INFO: [ app_begin ] --END-- [ RunTime:0.001490s ]
INFO: [ view_template ] --START--
INFO: Run LocationTemplate Behavior [ RunTime:0.001013s ]
INFO: [ view_template ] --END-- [ RunTime:0.001167s ]
INFO: [ view_parse ] --START--
INFO: Run ParseTemplate Behavior [ RunTime:0.010586s ]
INFO: [ view_parse ] --END-- [ RunTime:0.010749s ]
INFO: [ view_filter ] --START--
INFO: Run ContentReplace Behavior [ RunTime:0.000782s ]
INFO: Run TokenBuild Behavior [ RunTime:0.000751s ]
INFO: Run WriteHtmlCache Behavior [ RunTime:0.000494s ]
INFO: Run ShowRuntime Behavior [ RunTime:0.000842s ]
INFO: [ view_filter ] --END-- [ RunTime:0.003236s ]
INFO: [ view_end ] --START--
INFO: Run ShowPageTrace Behavior [ RunTime:0.000840s ]
INFO: [ view_end ] --END-- [ RunTime:0.000970s ]

[ 2015-08-02T13:07:42+08:00 ] 0.0.0.0 /xin_gong/index.php/Admin/index
INFO: [ route_check ] --START--
INFO: Run CheckRoute Behavior [ RunTime:0.001220s ]
INFO: [ route_check ] --END-- [ RunTime:0.001431s ]
INFO: [ app_begin ] --START--
INFO: Run ReadHtmlCache Behavior [ RunTime:0.001472s ]
INFO: [ app_begin ] --END-- [ RunTime:0.001666s ]
INFO: [ view_template ] --START--
INFO: Run LocationTemplate Behavior [ RunTime:0.000844s ]
INFO: [ view_template ] --END-- [ RunTime:0.001027s ]
INFO: [ view_parse ] --START--
INFO: Run ParseTemplate Behavior [ RunTime:0.009078s ]
INFO: [ view_parse ] --END-- [ RunTime:0.009231s ]
INFO: [ view_filter ] --START--
INFO: Run ContentReplace Behavior [ RunTime:0.000577s ]
INFO: Run TokenBuild Behavior [ RunTime:0.000728s ]
INFO: Run WriteHtmlCache Behavior [ RunTime:0.000472s ]
INFO: Run ShowRuntime Behavior [ RunTime:0.000669s ]
INFO: [ view_filter ] --END-- [ RunTime:0.002791s ]
INFO: [ view_end ] --START--
INFO: Run ShowPageTrace Behavior [ RunTime:0.001772s ]
INFO: [ view_end ] --END-- [ RunTime:0.001930s ]

[ 2015-08-02T13:08:01+08:00 ] 0.0.0.0 /xin_gong/index.php/Admin/index
INFO: [ route_check ] --START--
INFO: Run CheckRoute Behavior [ RunTime:0.001143s ]
INFO: [ route_check ] --END-- [ RunTime:0.001315s ]
INFO: [ app_begin ] --START--
INFO: Run ReadHtmlCache Behavior [ RunTime:0.001058s ]
INFO: [ app_begin ] --END-- [ RunTime:0.001280s ]
INFO: [ view_template ] --START--
INFO: Run LocationTemplate Behavior [ RunTime:0.000937s ]
INFO: [ view_template ] --END-- [ RunTime:0.001217s ]
INFO: [ view_parse ] --START--
INFO: Run ParseTemplate Behavior [ RunTime:0.009010s ]
INFO: [ view_parse ] --END-- [ RunTime:0.009242s ]
INFO: [ view_filter ] --START--
INFO: Run ContentReplace Behavior [ RunTime:0.000582s ]
INFO: Run TokenBuild Behavior [ RunTime:0.000650s ]
INFO: Run WriteHtmlCache Behavior [ RunTime:0.000466s ]
INFO: Run ShowRuntime Behavior [ RunTime:0.000630s ]
INFO: [ view_filter ] --END-- [ RunTime:0.002621s ]
INFO: [ view_end ] --START--
INFO: Run ShowPageTrace Behavior [ RunTime:0.000778s ]
INFO: [ view_end ] --END-- [ RunTime:0.000889s ]

[ 2015-08-02T13:08:22+08:00 ] 0.0.0.0 /xin_gong/index.php/Admin/index
INFO: [ route_check ] --START--
INFO: Run CheckRoute Behavior [ RunTime:0.001029s ]
INFO: [ route_check ] --END-- [ RunTime:0.001214s ]
INFO: [ app_begin ] --START--
INFO: Run ReadHtmlCache Behavior [ RunTime:0.000922s ]
INFO: [ app_begin ] --END-- [ RunTime:0.001079s ]
INFO: [ view_template ] --START--
INFO: Run LocationTemplate Behavior [ RunTime:0.000704s ]
INFO: [ view_template ] --END-- [ RunTime:0.000818s ]
INFO: [ view_parse ] --START--
INFO: Run ParseTemplate Behavior [ RunTime:0.010628s ]
INFO: [ view_parse ] --END-- [ RunTime:0.010767s ]
INFO: [ view_filter ] --START--
INFO: Run ContentReplace Behavior [ RunTime:0.000610s ]
INFO: Run TokenBuild Behavior [ RunTime:0.000784s ]
INFO: Run WriteHtmlCache Behavior [ RunTime:0.000596s ]
INFO: Run ShowRuntime Behavior [ RunTime:0.000790s ]
INFO: [ view_filter ] --END-- [ RunTime:0.003106s ]
INFO: [ view_end ] --START--
INFO: Run ShowPageTrace Behavior [ RunTime:0.000936s ]
INFO: [ view_end ] --END-- [ RunTime:0.001065s ]

[ 2015-08-02T13:10:16+08:00 ] 0.0.0.0 /xin_gong/index.php/Admin/index
INFO: [ route_check ] --START--
INFO: Run CheckRoute Behavior [ RunTime:0.001322s ]
INFO: [ route_check ] --END-- [ RunTime:0.001744s ]
INFO: [ app_begin ] --START--
INFO: Run ReadHtmlCache Behavior [ RunTime:0.000878s ]
INFO: [ app_begin ] --END-- [ RunTime:0.001056s ]
INFO: [ view_template ] --START--
INFO: Run LocationTemplate Behavior [ RunTime:0.001127s ]
INFO: [ view_template ] --END-- [ RunTime:0.001315s ]
INFO: [ view_parse ] --START--
INFO: Run ParseTemplate Behavior [ RunTime:0.010289s ]
INFO: [ view_parse ] --END-- [ RunTime:0.010480s ]
INFO: [ view_filter ] --START--
INFO: Run ContentReplace Behavior [ RunTime:0.000775s ]
INFO: Run TokenBuild Behavior [ RunTime:0.001182s ]
INFO: Run WriteHtmlCache Behavior [ RunTime:0.000956s ]
INFO: Run ShowRuntime Behavior [ RunTime:0.000807s ]
INFO: [ view_filter ] --END-- [ RunTime:0.004183s ]
INFO: [ view_end ] --START--
INFO: Run ShowPageTrace Behavior [ RunTime:0.000851s ]
INFO: [ view_end ] --END-- [ RunTime:0.000956s ]

[ 2015-08-02T13:10:47+08:00 ] 0.0.0.0 /xin_gong/index.php/Admin/index
INFO: [ route_check ] --START--
INFO: Run CheckRoute Behavior [ RunTime:0.000938s ]
INFO: [ route_check ] --END-- [ RunTime:0.001071s ]
INFO: [ app_begin ] --START--
INFO: Run ReadHtmlCache Behavior [ RunTime:0.000741s ]
INFO: [ app_begin ] --END-- [ RunTime:0.000849s ]
INFO: [ view_template ] --START--
INFO: Run LocationTemplate Behavior [ RunTime:0.000611s ]
INFO: [ view_template ] --END-- [ RunTime:0.000757s ]
INFO: [ view_parse ] --START--
INFO: Run ParseTemplate Behavior [ RunTime:0.008352s ]
INFO: [ view_parse ] --END-- [ RunTime:0.008530s ]
INFO: [ view_filter ] --START--
INFO: Run ContentReplace Behavior [ RunTime:0.000660s ]
INFO: Run TokenBuild Behavior [ RunTime:0.000711s ]
INFO: Run WriteHtmlCache Behavior [ RunTime:0.000510s ]
INFO: Run ShowRuntime Behavior [ RunTime:0.000745s ]
INFO: [ view_filter ] --END-- [ RunTime:0.002941s ]
INFO: [ view_end ] --START--
INFO: Run ShowPageTrace Behavior [ RunTime:0.000829s ]
INFO: [ view_end ] --END-- [ RunTime:0.000965s ]

[ 2015-08-02T13:11:37+08:00 ] 0.0.0.0 /xin_gong/index.php/Admin/index
INFO: [ route_check ] --START--
INFO: Run CheckRoute Behavior [ RunTime:0.001058s ]
INFO: [ route_check ] --END-- [ RunTime:0.001232s ]
INFO: [ app_begin ] --START--
INFO: Run ReadHtmlCache Behavior [ RunTime:0.000708s ]
INFO: [ app_begin ] --END-- [ RunTime:0.000821s ]
INFO: [ view_template ] --START--
INFO: Run LocationTemplate Behavior [ RunTime:0.001389s ]
INFO: [ view_template ] --END-- [ RunTime:0.001617s ]
INFO: [ view_parse ] --START--
INFO: Run ParseTemplate Behavior [ RunTime:0.008559s ]
INFO: [ view_parse ] --END-- [ RunTime:0.008713s ]
INFO: [ view_filter ] --START--
INFO: Run ContentReplace Behavior [ RunTime:0.000583s ]
INFO: Run TokenBuild Behavior [ RunTime:0.000636s ]
INFO: Run WriteHtmlCache Behavior [ RunTime:0.000467s ]
INFO: Run ShowRuntime Behavior [ RunTime:0.000689s ]
INFO: [ view_filter ] --END-- [ RunTime:0.002659s ]
INFO: [ view_end ] --START--
INFO: Run ShowPageTrace Behavior [ RunTime:0.000775s ]
INFO: [ view_end ] --END-- [ RunTime:0.000874s ]

[ 2015-08-02T13:12:22+08:00 ] 0.0.0.0 /xin_gong/index.php/Admin/index
INFO: [ route_check ] --START--
INFO: Run CheckRoute Behavior [ RunTime:0.001850s ]
INFO: [ route_check ] --END-- [ RunTime:0.002024s ]
INFO: [ app_begin ] --START--
INFO: Run ReadHtmlCache Behavior [ RunTime:0.000792s ]
INFO: [ app_begin ] --END-- [ RunTime:0.000903s ]
INFO: [ view_template ] --START--
INFO: Run LocationTemplate Behavior [ RunTime:0.001024s ]
INFO: [ view_template ] --END-- [ RunTime:0.001178s ]
INFO: [ view_parse ] --START--
INFO: Run ParseTemplate Behavior [ RunTime:0.009073s ]
INFO: [ view_parse ] --END-- [ RunTime:0.009217s ]
INFO: [ view_filter ] --START--
INFO: Run ContentReplace Behavior [ RunTime:0.000736s ]
INFO: Run TokenBuild Behavior [ RunTime:0.000705s ]
INFO: Run WriteHtmlCache Behavior [ RunTime:0.000513s ]
INFO: Run ShowRuntime Behavior [ RunTime:0.000772s ]
INFO: [ view_filter ] --END-- [ RunTime:0.003034s ]
INFO: [ view_end ] --START--
INFO: Run ShowPageTrace Behavior [ RunTime:0.000887s ]
INFO: [ view_end ] --END-- [ RunTime:0.000987s ]

[ 2015-08-02T13:12:41+08:00 ] 0.0.0.0 /xin_gong/index.php/Admin/index
INFO: [ route_check ] --START--
INFO: Run CheckRoute Behavior [ RunTime:0.000993s ]
INFO: [ route_check ] --END-- [ RunTime:0.001125s ]
INFO: [ app_begin ] --START--
INFO: Run ReadHtmlCache Behavior [ RunTime:0.000820s ]
INFO: [ app_begin ] --END-- [ RunTime:0.000927s ]
INFO: [ view_template ] --START--
INFO: Run LocationTemplate Behavior [ RunTime:0.001075s ]
INFO: [ view_template ] --END-- [ RunTime:0.001415s ]
INFO: [ view_parse ] --START--
INFO: Run ParseTemplate Behavior [ RunTime:0.010048s ]
INFO: [ view_parse ] --END-- [ RunTime:0.010245s ]
INFO: [ view_filter ] --START--
INFO: Run ContentReplace Behavior [ RunTime:0.000612s ]
INFO: Run TokenBuild Behavior [ RunTime:0.000602s ]
INFO: Run WriteHtmlCache Behavior [ RunTime:0.000459s ]
INFO: Run ShowRuntime Behavior [ RunTime:0.000640s ]
INFO: [ view_filter ] --END-- [ RunTime:0.002604s ]
INFO: [ view_end ] --START--
INFO: Run ShowPageTrace Behavior [ RunTime:0.000923s ]
INFO: [ view_end ] --END-- [ RunTime:0.001024s ]

[ 2015-08-02T13:13:28+08:00 ] 0.0.0.0 /xin_gong/index.php/Admin/index
INFO: [ route_check ] --START--
INFO: Run CheckRoute Behavior [ RunTime:0.001113s ]
INFO: [ route_check ] --END-- [ RunTime:0.001334s ]
INFO: [ app_begin ] --START--
INFO: Run ReadHtmlCache Behavior [ RunTime:0.000779s ]
INFO: [ app_begin ] --END-- [ RunTime:0.000932s ]
INFO: [ view_template ] --START--
INFO: Run LocationTemplate Behavior [ RunTime:0.000602s ]
INFO: [ view_template ] --END-- [ RunTime:0.000731s ]
INFO: [ view_parse ] --START--
INFO: Run ParseTemplate Behavior [ RunTime:0.010108s ]
INFO: [ view_parse ] --END-- [ RunTime:0.010286s ]
INFO: [ view_filter ] --START--
INFO: Run ContentReplace Behavior [ RunTime:0.000679s ]
INFO: Run TokenBuild Behavior [ RunTime:0.000635s ]
INFO: Run WriteHtmlCache Behavior [ RunTime:0.000400s ]
INFO: Run ShowRuntime Behavior [ RunTime:0.000717s ]
INFO: [ view_filter ] --END-- [ RunTime:0.002777s ]
INFO: [ view_end ] --START--
INFO: Run ShowPageTrace Behavior [ RunTime:0.000845s ]
INFO: [ view_end ] --END-- [ RunTime:0.000961s ]

[ 2015-08-02T13:17:28+08:00 ] 0.0.0.0 /xin_gong/
INFO: [ app_begin ] --START--
INFO: Run ReadHtmlCache Behavior [ RunTime:0.001043s ]
INFO: [ app_begin ] --END-- [ RunTime:0.001201s ]
INFO: [ view_template ] --START--
INFO: Run LocationTemplate Behavior [ RunTime:0.000969s ]
INFO: [ view_template ] --END-- [ RunTime:0.001157s ]
INFO: [ view_parse ] --START--
INFO: Run ParseTemplate Behavior [ RunTime:0.155312s ]
INFO: [ view_parse ] --END-- [ RunTime:0.155663s ]
INFO: [ view_filter ] --START--
INFO: Run ContentReplace Behavior [ RunTime:0.001993s ]
INFO: Run TokenBuild Behavior [ RunTime:0.001726s ]
INFO: Run WriteHtmlCache Behavior [ RunTime:0.001204s ]
INFO: Run ShowRuntime Behavior [ RunTime:0.001666s ]
INFO: [ view_filter ] --END-- [ RunTime:0.007274s ]
INFO: [ view_end ] --START--
INFO: Run ShowPageTrace Behavior [ RunTime:0.002108s ]
INFO: [ view_end ] --END-- [ RunTime:0.002383s ]

