[ 2015-12-05T14:29:10+08:00 ] 0.0.0.0 /index.php/Admin/article/con/party_active
INFO: [ app_begin ] --START--
INFO: Run ReadHtmlCache Behavior [ RunTime:0.001137s ]
INFO: [ app_begin ] --END-- [ RunTime:0.001261s ]
SQL: SHOW COLUMNS FROM `xg_article` [ RunTime:0.005296s ]
SQL: SELECT COUNT(*) AS tp_count FROM `xg_article` WHERE ( `column` = 'party_active' ) LIMIT 1   [ RunTime:0.000606s ]
SQL: SELECT * FROM `xg_article` WHERE ( `column` = 'party_active' ) LIMIT 0,7   [ RunTime:0.000595s ]
INFO: [ view_template ] --START--
INFO: Run LocationTemplate Behavior [ RunTime:0.001281s ]
INFO: [ view_template ] --END-- [ RunTime:0.001367s ]
INFO: [ view_parse ] --START--
INFO: Run ParseTemplate Behavior [ RunTime:0.012727s ]
INFO: [ view_parse ] --END-- [ RunTime:0.012851s ]
INFO: [ view_filter ] --START--
INFO: Run ContentReplace Behavior [ RunTime:0.000888s ]
INFO: Run TokenBuild Behavior [ RunTime:0.000882s ]
INFO: Run WriteHtmlCache Behavior [ RunTime:0.000789s ]
INFO: Run ShowRuntime Behavior [ RunTime:0.001146s ]
INFO: [ view_filter ] --END-- [ RunTime:0.003948s ]
INFO: [ view_end ] --START--
INFO: Run ShowPageTrace Behavior [ RunTime:0.001060s ]
INFO: [ view_end ] --END-- [ RunTime:0.001143s ]

[ 2015-12-05T14:30:11+08:00 ] 0.0.0.0 /index.php/Admin/article/con/zheng_che
INFO: [ app_begin ] --START--
INFO: Run ReadHtmlCache Behavior [ RunTime:0.001090s ]
INFO: [ app_begin ] --END-- [ RunTime:0.001190s ]
SQL: SHOW COLUMNS FROM `xg_article` [ RunTime:0.005498s ]
SQL: SELECT COUNT(*) AS tp_count FROM `xg_article` WHERE ( `column` = 'zheng_che' ) LIMIT 1   [ RunTime:0.000608s ]
SQL: SELECT * FROM `xg_article` WHERE ( `column` = 'zheng_che' ) LIMIT 0,7   [ RunTime:0.000852s ]
INFO: [ view_template ] --START--
INFO: Run LocationTemplate Behavior [ RunTime:0.001662s ]
INFO: [ view_template ] --END-- [ RunTime:0.001780s ]
INFO: [ view_parse ] --START--
INFO: Run ParseTemplate Behavior [ RunTime:0.012854s ]
INFO: [ view_parse ] --END-- [ RunTime:0.012983s ]
INFO: [ view_filter ] --START--
INFO: Run ContentReplace Behavior [ RunTime:0.000932s ]
INFO: Run TokenBuild Behavior [ RunTime:0.001327s ]
INFO: Run WriteHtmlCache Behavior [ RunTime:0.001210s ]
INFO: Run ShowRuntime Behavior [ RunTime:0.001569s ]
INFO: [ view_filter ] --END-- [ RunTime:0.005425s ]
INFO: [ view_end ] --START--
INFO: Run ShowPageTrace Behavior [ RunTime:0.001631s ]
INFO: [ view_end ] --END-- [ RunTime:0.001793s ]

[ 2015-12-05T14:30:42+08:00 ] 0.0.0.0 /index.php/Admin/article/con/party_active
INFO: [ app_begin ] --START--
INFO: Run ReadHtmlCache Behavior [ RunTime:0.001080s ]
INFO: [ app_begin ] --END-- [ RunTime:0.001176s ]
SQL: SHOW COLUMNS FROM `xg_article` [ RunTime:0.007037s ]
SQL: SELECT COUNT(*) AS tp_count FROM `xg_article` WHERE ( `column` = 'party_active' ) LIMIT 1   [ RunTime:0.000983s ]
SQL: SELECT * FROM `xg_article` WHERE ( `column` = 'party_active' ) LIMIT 0,7   [ RunTime:0.001148s ]
INFO: [ view_template ] --START--
INFO: Run LocationTemplate Behavior [ RunTime:0.001839s ]
INFO: [ view_template ] --END-- [ RunTime:0.001972s ]
INFO: [ view_parse ] --START--
INFO: Run ParseTemplate Behavior [ RunTime:0.016261s ]
INFO: [ view_parse ] --END-- [ RunTime:0.016406s ]
INFO: [ view_filter ] --START--
INFO: Run ContentReplace Behavior [ RunTime:0.000906s ]
INFO: Run TokenBuild Behavior [ RunTime:0.000895s ]
INFO: Run WriteHtmlCache Behavior [ RunTime:0.000785s ]
INFO: Run ShowRuntime Behavior [ RunTime:0.001131s ]
INFO: [ view_filter ] --END-- [ RunTime:0.003960s ]
INFO: [ view_end ] --START--
INFO: Run ShowPageTrace Behavior [ RunTime:0.001013s ]
INFO: [ view_end ] --END-- [ RunTime:0.001097s ]

[ 2015-12-05T14:30:47+08:00 ] 0.0.0.0 /index.php/Admin/article/con/ungraduate
INFO: [ app_begin ] --START--
INFO: Run ReadHtmlCache Behavior [ RunTime:0.001699s ]
INFO: [ app_begin ] --END-- [ RunTime:0.001906s ]
SQL: SHOW COLUMNS FROM `xg_article` [ RunTime:0.005039s ]
SQL: SELECT COUNT(*) AS tp_count FROM `xg_article` WHERE ( `column` = 'ungraduate' ) LIMIT 1   [ RunTime:0.000643s ]
SQL: SELECT * FROM `xg_article` WHERE ( `column` = 'ungraduate' ) LIMIT 0,7   [ RunTime:0.001314s ]
INFO: [ view_template ] --START--
INFO: Run LocationTemplate Behavior [ RunTime:0.001530s ]
INFO: [ view_template ] --END-- [ RunTime:0.001668s ]
INFO: [ view_parse ] --START--
INFO: Run ParseTemplate Behavior [ RunTime:0.012267s ]
INFO: [ view_parse ] --END-- [ RunTime:0.012400s ]
INFO: [ view_filter ] --START--
INFO: Run ContentReplace Behavior [ RunTime:0.000929s ]
INFO: Run TokenBuild Behavior [ RunTime:0.000914s ]
INFO: Run WriteHtmlCache Behavior [ RunTime:0.001033s ]
INFO: Run ShowRuntime Behavior [ RunTime:0.000988s ]
INFO: [ view_filter ] --END-- [ RunTime:0.004113s ]
INFO: [ view_end ] --START--
INFO: Run ShowPageTrace Behavior [ RunTime:0.001082s ]
INFO: [ view_end ] --END-- [ RunTime:0.001165s ]

[ 2015-12-05T14:30:51+08:00 ] 0.0.0.0 /index.php/Admin/article/con/party_active
INFO: [ app_begin ] --START--
INFO: Run ReadHtmlCache Behavior [ RunTime:0.001055s ]
INFO: [ app_begin ] --END-- [ RunTime:0.001183s ]
SQL: SHOW COLUMNS FROM `xg_article` [ RunTime:0.009760s ]
SQL: SELECT COUNT(*) AS tp_count FROM `xg_article` WHERE ( `column` = 'party_active' ) LIMIT 1   [ RunTime:0.000660s ]
SQL: SELECT * FROM `xg_article` WHERE ( `column` = 'party_active' ) LIMIT 0,7   [ RunTime:0.000754s ]
INFO: [ view_template ] --START--
INFO: Run LocationTemplate Behavior [ RunTime:0.001527s ]
INFO: [ view_template ] --END-- [ RunTime:0.001675s ]
INFO: [ view_parse ] --START--
INFO: Run ParseTemplate Behavior [ RunTime:0.014086s ]
INFO: [ view_parse ] --END-- [ RunTime:0.014219s ]
INFO: [ view_filter ] --START--
INFO: Run ContentReplace Behavior [ RunTime:0.000841s ]
INFO: Run TokenBuild Behavior [ RunTime:0.000844s ]
INFO: Run WriteHtmlCache Behavior [ RunTime:0.000646s ]
INFO: Run ShowRuntime Behavior [ RunTime:0.000879s ]
INFO: [ view_filter ] --END-- [ RunTime:0.003459s ]
INFO: [ view_end ] --START--
INFO: Run ShowPageTrace Behavior [ RunTime:0.001292s ]
INFO: [ view_end ] --END-- [ RunTime:0.001450s ]

[ 2015-12-05T14:30:54+08:00 ] 0.0.0.0 /index.php/Admin/article/con/competition
INFO: [ app_begin ] --START--
INFO: Run ReadHtmlCache Behavior [ RunTime:0.001415s ]
INFO: [ app_begin ] --END-- [ RunTime:0.001561s ]
SQL: SHOW COLUMNS FROM `xg_article` [ RunTime:0.013254s ]
SQL: SELECT COUNT(*) AS tp_count FROM `xg_article` WHERE ( `column` = 'competition' ) LIMIT 1   [ RunTime:0.001311s ]
SQL: SELECT * FROM `xg_article` WHERE ( `column` = 'competition' ) LIMIT 0,7   [ RunTime:0.002553s ]
INFO: [ view_template ] --START--
INFO: Run LocationTemplate Behavior [ RunTime:0.003204s ]
INFO: [ view_template ] --END-- [ RunTime:0.003562s ]
INFO: [ view_parse ] --START--
INFO: Run ParseTemplate Behavior [ RunTime:0.018507s ]
INFO: [ view_parse ] --END-- [ RunTime:0.018692s ]
INFO: [ view_filter ] --START--
INFO: Run ContentReplace Behavior [ RunTime:0.000904s ]
INFO: Run TokenBuild Behavior [ RunTime:0.000935s ]
INFO: Run WriteHtmlCache Behavior [ RunTime:0.000765s ]
INFO: Run ShowRuntime Behavior [ RunTime:0.000987s ]
INFO: [ view_filter ] --END-- [ RunTime:0.003831s ]
INFO: [ view_end ] --START--
INFO: Run ShowPageTrace Behavior [ RunTime:0.001009s ]
INFO: [ view_end ] --END-- [ RunTime:0.001093s ]

[ 2015-12-05T14:31:15+08:00 ] 0.0.0.0 /index.php/Admin/article/con/zheng_che
INFO: [ app_begin ] --START--
INFO: Run ReadHtmlCache Behavior [ RunTime:0.000970s ]
INFO: [ app_begin ] --END-- [ RunTime:0.001059s ]
SQL: SHOW COLUMNS FROM `xg_article` [ RunTime:0.006036s ]
SQL: SELECT COUNT(*) AS tp_count FROM `xg_article` WHERE ( `column` = 'zheng_che' ) LIMIT 1   [ RunTime:0.000625s ]
SQL: SELECT * FROM `xg_article` WHERE ( `column` = 'zheng_che' ) LIMIT 0,7   [ RunTime:0.000568s ]
INFO: [ view_template ] --START--
INFO: Run LocationTemplate Behavior [ RunTime:0.001320s ]
INFO: [ view_template ] --END-- [ RunTime:0.001449s ]
INFO: [ view_parse ] --START--
INFO: Run ParseTemplate Behavior [ RunTime:0.012018s ]
INFO: [ view_parse ] --END-- [ RunTime:0.012142s ]
INFO: [ view_filter ] --START--
INFO: Run ContentReplace Behavior [ RunTime:0.000832s ]
INFO: Run TokenBuild Behavior [ RunTime:0.000865s ]
INFO: Run WriteHtmlCache Behavior [ RunTime:0.000726s ]
INFO: Run ShowRuntime Behavior [ RunTime:0.000963s ]
INFO: [ view_filter ] --END-- [ RunTime:0.003626s ]
INFO: [ view_end ] --START--
INFO: Run ShowPageTrace Behavior [ RunTime:0.001205s ]
INFO: [ view_end ] --END-- [ RunTime:0.001334s ]

[ 2015-12-05T14:31:16+08:00 ] 0.0.0.0 /index.php/Admin/article/con/party_active
INFO: [ app_begin ] --START--
INFO: Run ReadHtmlCache Behavior [ RunTime:0.001693s ]
INFO: [ app_begin ] --END-- [ RunTime:0.001912s ]
SQL: SHOW COLUMNS FROM `xg_article` [ RunTime:0.004942s ]
SQL: SELECT COUNT(*) AS tp_count FROM `xg_article` WHERE ( `column` = 'party_active' ) LIMIT 1   [ RunTime:0.000550s ]
SQL: SELECT * FROM `xg_article` WHERE ( `column` = 'party_active' ) LIMIT 0,7   [ RunTime:0.001032s ]
INFO: [ view_template ] --START--
INFO: Run LocationTemplate Behavior [ RunTime:0.001099s ]
INFO: [ view_template ] --END-- [ RunTime:0.001193s ]
INFO: [ view_parse ] --START--
INFO: Run ParseTemplate Behavior [ RunTime:0.012179s ]
INFO: [ view_parse ] --END-- [ RunTime:0.012345s ]
INFO: [ view_filter ] --START--
INFO: Run ContentReplace Behavior [ RunTime:0.000940s ]
INFO: Run TokenBuild Behavior [ RunTime:0.000897s ]
INFO: Run WriteHtmlCache Behavior [ RunTime:0.000650s ]
INFO: Run ShowRuntime Behavior [ RunTime:0.000834s ]
INFO: [ view_filter ] --END-- [ RunTime:0.003624s ]
INFO: [ view_end ] --START--
INFO: Run ShowPageTrace Behavior [ RunTime:0.000900s ]
INFO: [ view_end ] --END-- [ RunTime:0.000982s ]

[ 2015-12-05T14:31:17+08:00 ] 0.0.0.0 /index.php/Admin/article/con/ungraduate
INFO: [ app_begin ] --START--
INFO: Run ReadHtmlCache Behavior [ RunTime:0.001373s ]
INFO: [ app_begin ] --END-- [ RunTime:0.001522s ]
SQL: SHOW COLUMNS FROM `xg_article` [ RunTime:0.008097s ]
SQL: SELECT COUNT(*) AS tp_count FROM `xg_article` WHERE ( `column` = 'ungraduate' ) LIMIT 1   [ RunTime:0.000650s ]
SQL: SELECT * FROM `xg_article` WHERE ( `column` = 'ungraduate' ) LIMIT 0,7   [ RunTime:0.001396s ]
INFO: [ view_template ] --START--
INFO: Run LocationTemplate Behavior [ RunTime:0.001248s ]
INFO: [ view_template ] --END-- [ RunTime:0.001357s ]
INFO: [ view_parse ] --START--
INFO: Run ParseTemplate Behavior [ RunTime:0.013622s ]
INFO: [ view_parse ] --END-- [ RunTime:0.013757s ]
INFO: [ view_filter ] --START--
INFO: Run ContentReplace Behavior [ RunTime:0.000927s ]
INFO: Run TokenBuild Behavior [ RunTime:0.000831s ]
INFO: Run WriteHtmlCache Behavior [ RunTime:0.000700s ]
INFO: Run ShowRuntime Behavior [ RunTime:0.000930s ]
INFO: [ view_filter ] --END-- [ RunTime:0.003654s ]
INFO: [ view_end ] --START--
INFO: Run ShowPageTrace Behavior [ RunTime:0.001382s ]
INFO: [ view_end ] --END-- [ RunTime:0.001516s ]

[ 2015-12-05T14:31:19+08:00 ] 0.0.0.0 /index.php/Admin/article/con/teacher_student
INFO: [ app_begin ] --START--
INFO: Run ReadHtmlCache Behavior [ RunTime:0.001136s ]
INFO: [ app_begin ] --END-- [ RunTime:0.001246s ]
SQL: SHOW COLUMNS FROM `xg_article` [ RunTime:0.005518s ]
SQL: SELECT COUNT(*) AS tp_count FROM `xg_article` WHERE ( `column` = 'teacher_student' ) LIMIT 1   [ RunTime:0.000600s ]
SQL: SELECT * FROM `xg_article` WHERE ( `column` = 'teacher_student' ) LIMIT 0,7   [ RunTime:0.000752s ]
INFO: [ view_template ] --START--
INFO: Run LocationTemplate Behavior [ RunTime:0.001288s ]
INFO: [ view_template ] --END-- [ RunTime:0.001389s ]
INFO: [ view_parse ] --START--
INFO: Run ParseTemplate Behavior [ RunTime:0.012509s ]
INFO: [ view_parse ] --END-- [ RunTime:0.012650s ]
INFO: [ view_filter ] --START--
INFO: Run ContentReplace Behavior [ RunTime:0.000921s ]
INFO: Run TokenBuild Behavior [ RunTime:0.001008s ]
INFO: Run WriteHtmlCache Behavior [ RunTime:0.000984s ]
INFO: Run ShowRuntime Behavior [ RunTime:0.001517s ]
INFO: [ view_filter ] --END-- [ RunTime:0.004736s ]
INFO: [ view_end ] --START--
INFO: Run ShowPageTrace Behavior [ RunTime:0.001076s ]
INFO: [ view_end ] --END-- [ RunTime:0.001168s ]

[ 2015-12-05T14:44:50+08:00 ] 0.0.0.0 /index.php/Admin/article/con/zheng_che
INFO: [ app_begin ] --START--
INFO: Run ReadHtmlCache Behavior [ RunTime:0.001190s ]
INFO: [ app_begin ] --END-- [ RunTime:0.001282s ]
SQL: SHOW COLUMNS FROM `xg_article` [ RunTime:0.006501s ]
SQL: SELECT COUNT(*) AS tp_count FROM `xg_article` WHERE ( `column` = 'zheng_che' ) LIMIT 1   [ RunTime:0.000774s ]
SQL: SELECT * FROM `xg_article` WHERE ( `column` = 'zheng_che' ) LIMIT 0,7   [ RunTime:0.000682s ]
INFO: [ view_template ] --START--
INFO: Run LocationTemplate Behavior [ RunTime:0.001361s ]
INFO: [ view_template ] --END-- [ RunTime:0.001455s ]
INFO: [ view_parse ] --START--
INFO: Run ParseTemplate Behavior [ RunTime:0.015964s ]
INFO: [ view_parse ] --END-- [ RunTime:0.016089s ]
INFO: [ view_filter ] --START--
INFO: Run ContentReplace Behavior [ RunTime:0.001476s ]
INFO: Run TokenBuild Behavior [ RunTime:0.001521s ]
INFO: Run WriteHtmlCache Behavior [ RunTime:0.001299s ]
INFO: Run ShowRuntime Behavior [ RunTime:0.001570s ]
INFO: [ view_filter ] --END-- [ RunTime:0.006399s ]
INFO: [ view_end ] --START--
INFO: Run ShowPageTrace Behavior [ RunTime:0.001070s ]
INFO: [ view_end ] --END-- [ RunTime:0.001155s ]

[ 2015-12-05T14:44:54+08:00 ] 0.0.0.0 /index.php/Admin/article/?con=competition
INFO: [ app_begin ] --START--
INFO: Run ReadHtmlCache Behavior [ RunTime:0.001006s ]
INFO: [ app_begin ] --END-- [ RunTime:0.001105s ]
SQL: SHOW COLUMNS FROM `xg_article` [ RunTime:0.010101s ]
SQL: SELECT COUNT(*) AS tp_count FROM `xg_article` WHERE ( `column` = 'competition' ) LIMIT 1   [ RunTime:0.000886s ]
SQL: SELECT * FROM `xg_article` WHERE ( `column` = 'competition' ) LIMIT 0,7   [ RunTime:0.001616s ]
INFO: [ view_template ] --START--
INFO: Run LocationTemplate Behavior [ RunTime:0.002321s ]
INFO: [ view_template ] --END-- [ RunTime:0.002528s ]
INFO: [ view_parse ] --START--
INFO: Run ParseTemplate Behavior [ RunTime:0.019264s ]
INFO: [ view_parse ] --END-- [ RunTime:0.019467s ]
INFO: [ view_filter ] --START--
INFO: Run ContentReplace Behavior [ RunTime:0.000949s ]
INFO: Run TokenBuild Behavior [ RunTime:0.001036s ]
INFO: Run WriteHtmlCache Behavior [ RunTime:0.000853s ]
INFO: Run ShowRuntime Behavior [ RunTime:0.001096s ]
INFO: [ view_filter ] --END-- [ RunTime:0.004252s ]
INFO: [ view_end ] --START--
INFO: Run ShowPageTrace Behavior [ RunTime:0.001356s ]
INFO: [ view_end ] --END-- [ RunTime:0.001462s ]

[ 2015-12-05T14:45:02+08:00 ] 0.0.0.0 /index.php/Admin/article/?con=party_active
INFO: [ app_begin ] --START--
INFO: Run ReadHtmlCache Behavior [ RunTime:0.001217s ]
INFO: [ app_begin ] --END-- [ RunTime:0.001357s ]
SQL: SHOW COLUMNS FROM `xg_article` [ RunTime:0.005295s ]
SQL: SELECT COUNT(*) AS tp_count FROM `xg_article` WHERE ( `column` = 'party_active' ) LIMIT 1   [ RunTime:0.000783s ]
SQL: SELECT * FROM `xg_article` WHERE ( `column` = 'party_active' ) LIMIT 0,7   [ RunTime:0.001036s ]
INFO: [ view_template ] --START--
INFO: Run LocationTemplate Behavior [ RunTime:0.001836s ]
INFO: [ view_template ] --END-- [ RunTime:0.002021s ]
INFO: [ view_parse ] --START--
INFO: Run ParseTemplate Behavior [ RunTime:0.017237s ]
INFO: [ view_parse ] --END-- [ RunTime:0.017405s ]
INFO: [ view_filter ] --START--
INFO: Run ContentReplace Behavior [ RunTime:0.001058s ]
INFO: Run TokenBuild Behavior [ RunTime:0.001046s ]
INFO: Run WriteHtmlCache Behavior [ RunTime:0.001030s ]
INFO: Run ShowRuntime Behavior [ RunTime:0.001086s ]
INFO: [ view_filter ] --END-- [ RunTime:0.004562s ]
INFO: [ view_end ] --START--
INFO: Run ShowPageTrace Behavior [ RunTime:0.001031s ]
INFO: [ view_end ] --END-- [ RunTime:0.001124s ]

[ 2015-12-05T14:45:03+08:00 ] 0.0.0.0 /index.php/Admin/article/?con=ungraduate
INFO: [ app_begin ] --START--
INFO: Run ReadHtmlCache Behavior [ RunTime:0.001716s ]
INFO: [ app_begin ] --END-- [ RunTime:0.001923s ]
SQL: SHOW COLUMNS FROM `xg_article` [ RunTime:0.006024s ]
SQL: SELECT COUNT(*) AS tp_count FROM `xg_article` WHERE ( `column` = 'ungraduate' ) LIMIT 1   [ RunTime:0.000748s ]
SQL: SELECT * FROM `xg_article` WHERE ( `column` = 'ungraduate' ) LIMIT 0,7   [ RunTime:0.001834s ]
INFO: [ view_template ] --START--
INFO: Run LocationTemplate Behavior [ RunTime:0.001386s ]
INFO: [ view_template ] --END-- [ RunTime:0.001546s ]
INFO: [ view_parse ] --START--
INFO: Run ParseTemplate Behavior [ RunTime:0.017612s ]
INFO: [ view_parse ] --END-- [ RunTime:0.017730s ]
INFO: [ view_filter ] --START--
INFO: Run ContentReplace Behavior [ RunTime:0.000874s ]
INFO: Run TokenBuild Behavior [ RunTime:0.000868s ]
INFO: Run WriteHtmlCache Behavior [ RunTime:0.000692s ]
INFO: Run ShowRuntime Behavior [ RunTime:0.000932s ]
INFO: [ view_filter ] --END-- [ RunTime:0.003658s ]
INFO: [ view_end ] --START--
INFO: Run ShowPageTrace Behavior [ RunTime:0.001044s ]
INFO: [ view_end ] --END-- [ RunTime:0.001144s ]

[ 2015-12-05T14:45:29+08:00 ] 0.0.0.0 /index.php/Admin/article/?con=student_work
INFO: [ app_begin ] --START--
INFO: Run ReadHtmlCache Behavior [ RunTime:0.001092s ]
INFO: [ app_begin ] --END-- [ RunTime:0.001213s ]
SQL: SHOW COLUMNS FROM `xg_article` [ RunTime:0.005136s ]
SQL: SELECT COUNT(*) AS tp_count FROM `xg_article` WHERE ( `column` = 'student_work' ) LIMIT 1   [ RunTime:0.000636s ]
SQL: SELECT * FROM `xg_article` WHERE ( `column` = 'student_work' ) LIMIT 0,7   [ RunTime:0.000832s ]
INFO: [ view_template ] --START--
INFO: Run LocationTemplate Behavior [ RunTime:0.001523s ]
INFO: [ view_template ] --END-- [ RunTime:0.001666s ]
INFO: [ view_parse ] --START--
INFO: Run ParseTemplate Behavior [ RunTime:0.014586s ]
INFO: [ view_parse ] --END-- [ RunTime:0.014743s ]
INFO: [ view_filter ] --START--
INFO: Run ContentReplace Behavior [ RunTime:0.001132s ]
INFO: Run TokenBuild Behavior [ RunTime:0.001441s ]
INFO: Run WriteHtmlCache Behavior [ RunTime:0.001133s ]
INFO: Run ShowRuntime Behavior [ RunTime:0.001458s ]
INFO: [ view_filter ] --END-- [ RunTime:0.005624s ]
INFO: [ view_end ] --START--
INFO: Run ShowPageTrace Behavior [ RunTime:0.001358s ]
INFO: [ view_end ] --END-- [ RunTime:0.001484s ]

[ 2015-12-05T14:45:30+08:00 ] 0.0.0.0 /index.php/Admin/article/?con=party_active
INFO: [ app_begin ] --START--
INFO: Run ReadHtmlCache Behavior [ RunTime:0.001008s ]
INFO: [ app_begin ] --END-- [ RunTime:0.001097s ]
SQL: SHOW COLUMNS FROM `xg_article` [ RunTime:0.007216s ]
SQL: SELECT COUNT(*) AS tp_count FROM `xg_article` WHERE ( `column` = 'party_active' ) LIMIT 1   [ RunTime:0.000790s ]
SQL: SELECT * FROM `xg_article` WHERE ( `column` = 'party_active' ) LIMIT 0,7   [ RunTime:0.000974s ]
INFO: [ view_template ] --START--
INFO: Run LocationTemplate Behavior [ RunTime:0.001556s ]
INFO: [ view_template ] --END-- [ RunTime:0.001695s ]
INFO: [ view_parse ] --START--
INFO: Run ParseTemplate Behavior [ RunTime:0.016164s ]
INFO: [ view_parse ] --END-- [ RunTime:0.016306s ]
INFO: [ view_filter ] --START--
INFO: Run ContentReplace Behavior [ RunTime:0.001251s ]
INFO: Run TokenBuild Behavior [ RunTime:0.001239s ]
INFO: Run WriteHtmlCache Behavior [ RunTime:0.001034s ]
INFO: Run ShowRuntime Behavior [ RunTime:0.001409s ]
INFO: [ view_filter ] --END-- [ RunTime:0.005380s ]
INFO: [ view_end ] --START--
INFO: Run ShowPageTrace Behavior [ RunTime:0.001534s ]
INFO: [ view_end ] --END-- [ RunTime:0.001714s ]

[ 2015-12-05T14:47:56+08:00 ] 0.0.0.0 /index.php/Admin/article?con=party_active
INFO: [ app_begin ] --START--
INFO: Run ReadHtmlCache Behavior [ RunTime:0.001163s ]
INFO: [ app_begin ] --END-- [ RunTime:0.001274s ]
SQL: SHOW COLUMNS FROM `xg_article` [ RunTime:0.005979s ]
SQL: SELECT COUNT(*) AS tp_count FROM `xg_article` WHERE ( `column` = 'party_active' ) LIMIT 1   [ RunTime:0.000668s ]
SQL: SELECT * FROM `xg_article` WHERE ( `column` = 'party_active' ) LIMIT 0,7   [ RunTime:0.000728s ]
INFO: [ view_template ] --START--
INFO: Run LocationTemplate Behavior [ RunTime:0.001404s ]
INFO: [ view_template ] --END-- [ RunTime:0.001508s ]
INFO: [ view_parse ] --START--
INFO: Run ParseTemplate Behavior [ RunTime:0.016461s ]
INFO: [ view_parse ] --END-- [ RunTime:0.016657s ]
INFO: [ view_filter ] --START--
INFO: Run ContentReplace Behavior [ RunTime:0.001394s ]
INFO: Run TokenBuild Behavior [ RunTime:0.001319s ]
INFO: Run WriteHtmlCache Behavior [ RunTime:0.000735s ]
INFO: Run ShowRuntime Behavior [ RunTime:0.000931s ]
INFO: [ view_filter ] --END-- [ RunTime:0.004726s ]
INFO: [ view_end ] --START--
INFO: Run ShowPageTrace Behavior [ RunTime:0.001046s ]
INFO: [ view_end ] --END-- [ RunTime:0.001138s ]

[ 2015-12-05T14:48:00+08:00 ] 0.0.0.0 /index.php/Admin/article?con=teacher_student
INFO: [ app_begin ] --START--
INFO: Run ReadHtmlCache Behavior [ RunTime:0.001430s ]
INFO: [ app_begin ] --END-- [ RunTime:0.001575s ]
SQL: SHOW COLUMNS FROM `xg_article` [ RunTime:0.022739s ]
SQL: SELECT COUNT(*) AS tp_count FROM `xg_article` WHERE ( `column` = 'teacher_student' ) LIMIT 1   [ RunTime:0.000994s ]
SQL: SELECT * FROM `xg_article` WHERE ( `column` = 'teacher_student' ) LIMIT 0,7   [ RunTime:0.001272s ]
INFO: [ view_template ] --START--
INFO: Run LocationTemplate Behavior [ RunTime:0.002325s ]
INFO: [ view_template ] --END-- [ RunTime:0.002537s ]
INFO: [ view_parse ] --START--
INFO: Run ParseTemplate Behavior [ RunTime:0.022174s ]
INFO: [ view_parse ] --END-- [ RunTime:0.022377s ]
INFO: [ view_filter ] --START--
INFO: Run ContentReplace Behavior [ RunTime:0.000812s ]
INFO: Run TokenBuild Behavior [ RunTime:0.000772s ]
INFO: Run WriteHtmlCache Behavior [ RunTime:0.000623s ]
INFO: Run ShowRuntime Behavior [ RunTime:0.000863s ]
INFO: [ view_filter ] --END-- [ RunTime:0.003294s ]
INFO: [ view_end ] --START--
INFO: Run ShowPageTrace Behavior [ RunTime:0.000931s ]
INFO: [ view_end ] --END-- [ RunTime:0.001009s ]

[ 2015-12-05T14:48:56+08:00 ] 0.0.0.0 /index.php/Admin/article?con=ungraduate
INFO: [ app_begin ] --START--
INFO: Run ReadHtmlCache Behavior [ RunTime:0.001199s ]
INFO: [ app_begin ] --END-- [ RunTime:0.001301s ]
SQL: SHOW COLUMNS FROM `xg_article` [ RunTime:0.015988s ]
SQL: SELECT COUNT(*) AS tp_count FROM `xg_article` WHERE ( `column` = 'ungraduate' ) LIMIT 1   [ RunTime:0.000881s ]
SQL: SELECT * FROM `xg_article` WHERE ( `column` = 'ungraduate' ) LIMIT 0,7   [ RunTime:0.002187s ]
INFO: [ view_template ] --START--
INFO: Run LocationTemplate Behavior [ RunTime:0.001282s ]
INFO: [ view_template ] --END-- [ RunTime:0.001391s ]
INFO: [ view_parse ] --START--
INFO: Run ParseTemplate Behavior [ RunTime:0.012539s ]
INFO: [ view_parse ] --END-- [ RunTime:0.012649s ]
INFO: [ view_filter ] --START--
INFO: Run ContentReplace Behavior [ RunTime:0.000837s ]
INFO: Run TokenBuild Behavior [ RunTime:0.000828s ]
INFO: Run WriteHtmlCache Behavior [ RunTime:0.000655s ]
INFO: Run ShowRuntime Behavior [ RunTime:0.000866s ]
INFO: [ view_filter ] --END-- [ RunTime:0.003425s ]
INFO: [ view_end ] --START--
INFO: Run ShowPageTrace Behavior [ RunTime:0.000898s ]
INFO: [ view_end ] --END-- [ RunTime:0.000982s ]

[ 2015-12-05T14:59:13+08:00 ] 0.0.0.0 /index.php/Admin/article?con=ungraduate
INFO: [ app_begin ] --START--
INFO: Run ReadHtmlCache Behavior [ RunTime:0.001394s ]
INFO: [ app_begin ] --END-- [ RunTime:0.001562s ]
SQL: SHOW COLUMNS FROM `xg_article` [ RunTime:0.006030s ]
SQL: SELECT COUNT(*) AS tp_count FROM `xg_article` WHERE ( `column` = 'ungraduate' ) LIMIT 1   [ RunTime:0.000724s ]
SQL: SELECT * FROM `xg_article` WHERE ( `column` = 'ungraduate' ) LIMIT 0,7   [ RunTime:0.001180s ]
INFO: [ view_template ] --START--
INFO: Run LocationTemplate Behavior [ RunTime:0.001672s ]
INFO: [ view_template ] --END-- [ RunTime:0.001862s ]
INFO: [ view_parse ] --START--
INFO: Run ParseTemplate Behavior [ RunTime:0.011892s ]
INFO: [ view_parse ] --END-- [ RunTime:0.012001s ]
INFO: [ view_filter ] --START--
INFO: Run ContentReplace Behavior [ RunTime:0.000960s ]
INFO: Run TokenBuild Behavior [ RunTime:0.001289s ]
INFO: Run WriteHtmlCache Behavior [ RunTime:0.001194s ]
INFO: Run ShowRuntime Behavior [ RunTime:0.001415s ]
INFO: [ view_filter ] --END-- [ RunTime:0.005239s ]
INFO: [ view_end ] --START--
INFO: Run ShowPageTrace Behavior [ RunTime:0.001133s ]
INFO: [ view_end ] --END-- [ RunTime:0.001235s ]

[ 2015-12-05T14:59:16+08:00 ] 0.0.0.0 /index.php/Admin/article?con=graduate
INFO: [ app_begin ] --START--
INFO: Run ReadHtmlCache Behavior [ RunTime:0.001179s ]
INFO: [ app_begin ] --END-- [ RunTime:0.001307s ]
SQL: SHOW COLUMNS FROM `xg_article` [ RunTime:0.005705s ]
SQL: SELECT COUNT(*) AS tp_count FROM `xg_article` WHERE ( `column` = 'graduate' ) LIMIT 1   [ RunTime:0.000571s ]
SQL: SELECT * FROM `xg_article` WHERE ( `column` = 'graduate' ) LIMIT 0,7   [ RunTime:0.000676s ]
INFO: [ view_template ] --START--
INFO: Run LocationTemplate Behavior [ RunTime:0.001137s ]
INFO: [ view_template ] --END-- [ RunTime:0.001229s ]
INFO: [ view_parse ] --START--
INFO: Run ParseTemplate Behavior [ RunTime:0.012387s ]
INFO: [ view_parse ] --END-- [ RunTime:0.012506s ]
INFO: [ view_filter ] --START--
INFO: Run ContentReplace Behavior [ RunTime:0.000783s ]
INFO: Run TokenBuild Behavior [ RunTime:0.000778s ]
INFO: Run WriteHtmlCache Behavior [ RunTime:0.000640s ]
INFO: Run ShowRuntime Behavior [ RunTime:0.000824s ]
INFO: [ view_filter ] --END-- [ RunTime:0.003251s ]
INFO: [ view_end ] --START--
INFO: Run ShowPageTrace Behavior [ RunTime:0.000951s ]
INFO: [ view_end ] --END-- [ RunTime:0.001035s ]

[ 2015-12-05T14:59:17+08:00 ] 0.0.0.0 /index.php/Admin/article?con=competition
INFO: [ app_begin ] --START--
INFO: Run ReadHtmlCache Behavior [ RunTime:0.001494s ]
INFO: [ app_begin ] --END-- [ RunTime:0.001671s ]
SQL: SHOW COLUMNS FROM `xg_article` [ RunTime:0.005986s ]
SQL: SELECT COUNT(*) AS tp_count FROM `xg_article` WHERE ( `column` = 'competition' ) LIMIT 1   [ RunTime:0.000694s ]
SQL: SELECT * FROM `xg_article` WHERE ( `column` = 'competition' ) LIMIT 0,7   [ RunTime:0.001564s ]
INFO: [ view_template ] --START--
INFO: Run LocationTemplate Behavior [ RunTime:0.001267s ]
INFO: [ view_template ] --END-- [ RunTime:0.001401s ]
INFO: [ view_parse ] --START--
INFO: Run ParseTemplate Behavior [ RunTime:0.018140s ]
INFO: [ view_parse ] --END-- [ RunTime:0.018343s ]
INFO: [ view_filter ] --START--
INFO: Run ContentReplace Behavior [ RunTime:0.001070s ]
INFO: Run TokenBuild Behavior [ RunTime:0.000892s ]
INFO: Run WriteHtmlCache Behavior [ RunTime:0.000698s ]
INFO: Run ShowRuntime Behavior [ RunTime:0.000997s ]
INFO: [ view_filter ] --END-- [ RunTime:0.003990s ]
INFO: [ view_end ] --START--
INFO: Run ShowPageTrace Behavior [ RunTime:0.001095s ]
INFO: [ view_end ] --END-- [ RunTime:0.001194s ]

[ 2015-12-05T14:59:19+08:00 ] 0.0.0.0 /index.php/Admin/article?con=ungraduate
INFO: [ app_begin ] --START--
INFO: Run ReadHtmlCache Behavior [ RunTime:0.001307s ]
INFO: [ app_begin ] --END-- [ RunTime:0.001435s ]
SQL: SHOW COLUMNS FROM `xg_article` [ RunTime:0.014618s ]
SQL: SELECT COUNT(*) AS tp_count FROM `xg_article` WHERE ( `column` = 'ungraduate' ) LIMIT 1   [ RunTime:0.001628s ]
SQL: SELECT * FROM `xg_article` WHERE ( `column` = 'ungraduate' ) LIMIT 0,7   [ RunTime:0.003976s ]
INFO: [ view_template ] --START--
INFO: Run LocationTemplate Behavior [ RunTime:0.003376s ]
INFO: [ view_template ] --END-- [ RunTime:0.003642s ]
INFO: [ view_parse ] --START--
INFO: Run ParseTemplate Behavior [ RunTime:0.014468s ]
INFO: [ view_parse ] --END-- [ RunTime:0.014629s ]
INFO: [ view_filter ] --START--
INFO: Run ContentReplace Behavior [ RunTime:0.000841s ]
INFO: Run TokenBuild Behavior [ RunTime:0.000820s ]
INFO: Run WriteHtmlCache Behavior [ RunTime:0.000626s ]
INFO: Run ShowRuntime Behavior [ RunTime:0.000837s ]
INFO: [ view_filter ] --END-- [ RunTime:0.003366s ]
INFO: [ view_end ] --START--
INFO: Run ShowPageTrace Behavior [ RunTime:0.001328s ]
INFO: [ view_end ] --END-- [ RunTime:0.001451s ]

[ 2015-12-05T14:59:28+08:00 ] 0.0.0.0 /index.php/Admin/article?con=party_active
INFO: [ app_begin ] --START--
INFO: Run ReadHtmlCache Behavior [ RunTime:0.001116s ]
INFO: [ app_begin ] --END-- [ RunTime:0.001221s ]
SQL: SHOW COLUMNS FROM `xg_article` [ RunTime:0.006510s ]
SQL: SELECT COUNT(*) AS tp_count FROM `xg_article` WHERE ( `column` = 'party_active' ) LIMIT 1   [ RunTime:0.000873s ]
SQL: SELECT * FROM `xg_article` WHERE ( `column` = 'party_active' ) LIMIT 0,7   [ RunTime:0.000965s ]
INFO: [ view_template ] --START--
INFO: Run LocationTemplate Behavior [ RunTime:0.001103s ]
INFO: [ view_template ] --END-- [ RunTime:0.001204s ]
INFO: [ view_parse ] --START--
INFO: Run ParseTemplate Behavior [ RunTime:0.012363s ]
INFO: [ view_parse ] --END-- [ RunTime:0.012533s ]
INFO: [ view_filter ] --START--
INFO: Run ContentReplace Behavior [ RunTime:0.000845s ]
INFO: Run TokenBuild Behavior [ RunTime:0.000820s ]
INFO: Run WriteHtmlCache Behavior [ RunTime:0.000618s ]
INFO: Run ShowRuntime Behavior [ RunTime:0.000837s ]
INFO: [ view_filter ] --END-- [ RunTime:0.003396s ]
INFO: [ view_end ] --START--
INFO: Run ShowPageTrace Behavior [ RunTime:0.000909s ]
INFO: [ view_end ] --END-- [ RunTime:0.000996s ]

[ 2015-12-05T14:59:35+08:00 ] 0.0.0.0 /index.php/Admin/article?con=ungraduate
INFO: [ app_begin ] --START--
INFO: Run ReadHtmlCache Behavior [ RunTime:0.001030s ]
INFO: [ app_begin ] --END-- [ RunTime:0.001129s ]
SQL: SHOW COLUMNS FROM `xg_article` [ RunTime:0.006052s ]
SQL: SELECT COUNT(*) AS tp_count FROM `xg_article` WHERE ( `column` = 'ungraduate' ) LIMIT 1   [ RunTime:0.000634s ]
SQL: SELECT * FROM `xg_article` WHERE ( `column` = 'ungraduate' ) LIMIT 0,7   [ RunTime:0.001807s ]
INFO: [ view_template ] --START--
INFO: Run LocationTemplate Behavior [ RunTime:0.001060s ]
INFO: [ view_template ] --END-- [ RunTime:0.001162s ]
INFO: [ view_parse ] --START--
INFO: Run ParseTemplate Behavior [ RunTime:0.012186s ]
INFO: [ view_parse ] --END-- [ RunTime:0.012296s ]
INFO: [ view_filter ] --START--
INFO: Run ContentReplace Behavior [ RunTime:0.001191s ]
INFO: Run TokenBuild Behavior [ RunTime:0.001337s ]
INFO: Run WriteHtmlCache Behavior [ RunTime:0.000825s ]
INFO: Run ShowRuntime Behavior [ RunTime:0.000885s ]
INFO: [ view_filter ] --END-- [ RunTime:0.004573s ]
INFO: [ view_end ] --START--
INFO: Run ShowPageTrace Behavior [ RunTime:0.001000s ]
INFO: [ view_end ] --END-- [ RunTime:0.001090s ]

[ 2015-12-05T15:00:01+08:00 ] 0.0.0.0 /index.php/Admin/article?con=graduate
INFO: [ app_begin ] --START--
INFO: Run ReadHtmlCache Behavior [ RunTime:0.001834s ]
INFO: [ app_begin ] --END-- [ RunTime:0.002061s ]
SQL: SHOW COLUMNS FROM `xg_article` [ RunTime:0.010937s ]
SQL: SELECT COUNT(*) AS tp_count FROM `xg_article` WHERE ( `column` = 'graduate' ) LIMIT 1   [ RunTime:0.001035s ]
SQL: SELECT * FROM `xg_article` WHERE ( `column` = 'graduate' ) LIMIT 0,7   [ RunTime:0.001414s ]
INFO: [ view_template ] --START--
INFO: Run LocationTemplate Behavior [ RunTime:0.001894s ]
INFO: [ view_template ] --END-- [ RunTime:0.002061s ]
INFO: [ view_parse ] --START--
INFO: Run ParseTemplate Behavior [ RunTime:0.015479s ]
INFO: [ view_parse ] --END-- [ RunTime:0.015645s ]
INFO: [ view_filter ] --START--
INFO: Run ContentReplace Behavior [ RunTime:0.000903s ]
INFO: Run TokenBuild Behavior [ RunTime:0.000925s ]
INFO: Run WriteHtmlCache Behavior [ RunTime:0.001009s ]
INFO: Run ShowRuntime Behavior [ RunTime:0.001478s ]
INFO: [ view_filter ] --END-- [ RunTime:0.004675s ]
INFO: [ view_end ] --START--
INFO: Run ShowPageTrace Behavior [ RunTime:0.001031s ]
INFO: [ view_end ] --END-- [ RunTime:0.001128s ]

[ 2015-12-05T15:06:40+08:00 ] 0.0.0.0 /index.php/Admin/article?con=party_active
INFO: [ app_begin ] --START--
INFO: Run ReadHtmlCache Behavior [ RunTime:0.001822s ]
INFO: [ app_begin ] --END-- [ RunTime:0.002008s ]
SQL: SHOW COLUMNS FROM `xg_article` [ RunTime:0.006042s ]
NOTIC: [8] Use of undefined constant all - assumed 'all' D:\wamp\www\xin_gong\Home\Lib\Action\AdminAction.class.php 第 46 行.
SQL: SELECT COUNT(*) AS tp_count FROM `xg_article` WHERE ( `column` = 'all' ) LIMIT 1   [ RunTime:0.000713s ]
SQL: SELECT * FROM `xg_article` WHERE ( `column` = 'all' ) LIMIT 0,7   [ RunTime:0.000723s ]
INFO: [ view_template ] --START--
INFO: Run LocationTemplate Behavior [ RunTime:0.001639s ]
INFO: [ view_template ] --END-- [ RunTime:0.001788s ]
INFO: [ view_parse ] --START--
INFO: Run ParseTemplate Behavior [ RunTime:0.015087s ]
INFO: [ view_parse ] --END-- [ RunTime:0.015293s ]
INFO: [ view_filter ] --START--
INFO: Run ContentReplace Behavior [ RunTime:0.001349s ]
INFO: Run TokenBuild Behavior [ RunTime:0.001325s ]
INFO: Run WriteHtmlCache Behavior [ RunTime:0.000905s ]
INFO: Run ShowRuntime Behavior [ RunTime:0.001237s ]
INFO: [ view_filter ] --END-- [ RunTime:0.005234s ]
INFO: [ view_end ] --START--
INFO: Run ShowPageTrace Behavior [ RunTime:0.001411s ]
INFO: [ view_end ] --END-- [ RunTime:0.001564s ]

